<?xml version="1.0" encoding="UTF-8"?>
<testsuite name="MinesweeperTest" tests="1" skipped="0" failures="0" errors="0" timestamp="2022-08-01T06:39:00" hostname="PC" time="0.471">
  <properties/>
  <testcase name="start" classname="MinesweeperTest" time="0.471"/>
  <system-out><![CDATA[?[1;31m
Start test 1?[0m
How many mines do you want on the field?> 1
.........
.........
.........
.........
...111...
...1X1...
...111...
.........
.........
?[1;31m
Start test 2?[0m
How many mines do you want on the field?> 1
.........
......111
......1X1
......111
.........
.........
.........
.........
.........
?[1;31m
Start test 3?[0m
How many mines do you want on the field?> 2
.........
.........
.........
.........
.....111.
....12X1.
....1X21.
....111..
.........
?[1;31m
Start test 4?[0m
How many mines do you want on the field?> 2
.........
.........
11.......
X1.......
11.......
......111
......1X1
......111
.........
?[1;31m
Start test 5?[0m
How many mines do you want on the field?> 3
..111....
..1X1....
..111....
.........
.........
.........
...111...
...1X211.
...112X1.
?[1;31m
Start test 6?[0m
How many mines do you want on the field?> 3
......1X1
111...111
1X1......
111......
.........
.........
.111.....
.1X1.....
.111.....
?[1;31m
Start test 7?[0m
How many mines do you want on the field?> 4
.........
111......
1X1......
111111111
...1X11X1
...111111
.........
...111...
...1X1...
?[1;31m
Start test 8?[0m
How many mines do you want on the field?> 4
.2X2.....
.2X2..111
.111.12X1
.....1X21
.....111.
.........
.........
.........
.........
?[1;31m
Start test 9?[0m
How many mines do you want on the field?> 5
.........
11.....11
X1....12X
11..112X2
....1X211
....111..
.....111.
.....1X1.
.....111.
?[1;31m
Start test 10?[0m
How many mines do you want on the field?> 5
.1X1.1X21
.111.12X1
......111
..111....
..1X1....
..111....
.........
.111.....
.1X1.....
?[1;31m
Start test 11?[0m
How many mines do you want on the field?> 6
.1X1.....
1221.....
1X1......
111......
11...111.
X11111X1.
122X1111.
.1X21....
.111.....
?[1;31m
Start test 12?[0m
How many mines do you want on the field?> 6
....1221.
.1222XX1.
.1XX2221.
.1221....
111....11
1X1....1X
111....11
.........
.........
?[1;31m
Start test 13?[0m
How many mines do you want on the field?> 7
1111X1...
2X1222...
X211X21..
11.12X1..
....111..
11.......
X1.......
221......
1X1......
?[1;31m
Start test 14?[0m
How many mines do you want on the field?> 7
..111..11
.12X1..1X
.1X211121
.111.1X1.
..111222.
..1X11X1.
..111111.
.....111.
.....1X1.
?[1;31m
Start test 15?[0m
How many mines do you want on the field?> 8
1X1......
111111...
1111X1...
2X2111...
3X3......
2X2......
2321..111
X2X1..1X1
1211..111
?[1;31m
Start test 16?[0m
How many mines do you want on the field?> 8
2211X2X1.
XX111211.
221......
..111....
..1X21111
..12X11X1
...111111
...111...
...1X1...
?[1;31m
Start test 17?[0m
How many mines do you want on the field?> 9
.........
.....111.
11...2X31
X1...2XX1
11...1221
.........
...12321.
1122XXX1.
1X2X3321.
?[1;31m
Start test 18?[0m
How many mines do you want on the field?> 9
1X1......
221111...
X1.1X1.11
11.11212X
.....1X21
11...111.
X21......
2X211..11
112X1..1X
?[1;31m
Start test 19?[0m
How many mines do you want on the field?> 10
....11111
...12X11X
.112X2111
.1X32311.
1212X2X1.
X1.112221
22....1X1
X1.111111
11.1X1...
?[1;31m
Start test 20?[0m
How many mines do you want on the field?> 10
......122
.1221.1XX
.2XX21222
.2X32X211
1211112X1
X31...111
XX1......
221......
.........
?[1;31m
Start test 21?[0m
How many mines do you want on the field?> 11
.1X21.111
.13X2.1X1
112X42211
X124XX1..
111XX31..
..1221111
111...1X1
1X1...111
111......
?[1;31m
Start test 22?[0m
How many mines do you want on the field?> 11
.........
.........
......111
.111..1X1
.1X21.111
.13X31111
..2X4X12X
.123X224X
.1X2111XX
?[1;31m
Start test 23?[0m
How many mines do you want on the field?> 12
X2111X1..
12X1111..
1211.....
X2..111..
X3..1X321
X2..13XX2
11...2XX2
.....1332
......1X1
?[1;31m
Start test 24?[0m
How many mines do you want on the field?> 12
...1X22X1
...12X332
111.12X3X
1X1..113X
111...122
......1X1
...112221
...1X3X31
...113X3X
?[1;31m
Start test 25?[0m
How many mines do you want on the field?> 13
......13X
11111.1XX
X12X31122
123XX1.11
.1X432.1X
.224X2.11
12X3X2...
X21211...
11.......
?[1;31m
Start test 26?[0m
How many mines do you want on the field?> 13
....1X211
....223X2
11112X33X
1X11X22X2
111111111
1211.111.
X2X1.1X21
2311.113X
X1.....2X
?[1;31m
Start test 27?[0m
How many mines do you want on the field?> 14
1X1.2X2..
12224X521
.1X2XXXX1
133433321
X2XX1111.
122222X21
....1X22X
....11111
.........
?[1;31m
Start test 28?[0m
How many mines do you want on the field?> 14
1X1.111..
11112X1..
11.1X3321
X1.112XX1
221..1221
1X1......
122211.11
.2X3X224X
.2X312XXX
?[1;31m
Start test 29?[0m
How many mines do you want on the field?> 15
XXX1.111.
243323X1.
12X2XX21.
X33443211
2X2XX11X1
123321111
.2X2..111
.2X2..1X1
.111..111
?[1;31m
Start test 30?[0m
How many mines do you want on the field?> 15
X1.1XXX2.
121224X2.
.1X1.111.
1332.....
1XX1.1121
244312X2X
1XX2X3221
12222X21.
....12X1.
?[1;31m
Start test 31?[0m
How many mines do you want on the field?> 16
....1X2X2
....2233X
.1111X23X
.1X334X31
233XX4X2.
XX23X311.
221111...
...112221
...1X2XX1
?[1;31m
Start test 32?[0m
How many mines do you want on the field?> 16
11.111111
X113X21X1
111XX2111
.124431..
.1X3XX111
.23X5421X
.2X4XX222
13X3222X1
1X21..111
?[1;31m
Start test 33?[0m
How many mines do you want on the field?> 17
X222XX31.
3X3X4XX1.
2X423221.
112X1....
..2231111
112X3X21X
1X224X211
2222X31..
1X12X2...
?[1;31m
Start test 34?[0m
How many mines do you want on the field?> 17
1X12XX211
1223X43X1
12X212X21
X3122321.
X312XX2..
X32X4X2..
12X2322..
.2221X1..
.1X1111..
?[1;31m
Start test 35?[0m
How many mines do you want on the field?> 18
1X1..1XX2
111.135X2
22213XX31
XX2X3XX2.
X43333221
23X2X1.1X
X22321.22
111X1..1X
..111..11
?[1;31m
Start test 36?[0m
How many mines do you want on the field?> 18
2X2.1X2X2
2X2.1233X
221..1X21
X2...1121
X31..113X
2X21.1X3X
34X113442
XX211XXX1
221.12321
?[1;31m
Start test 37?[0m
How many mines do you want on the field?> 19
11111....
X21X1.111
X212222X1
11.1X2X32
1112345X3
X22X2XXXX
12X23356X
12211X2XX
1X1.11222
?[1;31m
Start test 38?[0m
How many mines do you want on the field?> 19
111111X1.
X23X21221
12XX311X1
1234X1111
X11X21111
2223311X1
X33XX1111
3XX542111
X33XX11X1
?[1;31m
Start test 39?[0m
How many mines do you want on the field?> 20
X2112X222
2X11X22XX
122211233
12X1112X1
1X211X211
23211221.
X3X223X32
X313XX3XX
11.2X323X
?[1;31m
Start test 40?[0m
How many mines do you want on the field?> 20
X21..2X3X
2X1..3X41
111.13X2.
....1X21.
1122321..
2X3XX3221
2X555XX2X
23XXX4442
X22322XX1
?[1;31m
Start test 41?[0m
How many mines do you want on the field?> 21
X2.1X12X2
X422235X4
2XX21XXXX
13X212454
1333111XX
1XX2X1122
122211.11
.12321.1X
.1XXX1.11
?[1;31m
Start test 42?[0m
How many mines do you want on the field?> 21
1111X2111
1X223X23X
222X33X3X
X1112X221
2322221..
1XX4X1111
24XX332X2
1X45X3X3X
12X3X3121
?[1;31m
Start test 43?[0m
How many mines do you want on the field?> 22
.1X1.111.
122223X2.
X21X3XX41
X3224XX3X
2X11X3221
222233211
1X12XX3X2
2344X33X3
1XXX2112X
?[1;31m
Start test 44?[0m
How many mines do you want on the field?> 22
222221111
XX3XX21X1
23X4X2222
.234323X2
12XX4X4X2
X223XX522
22.13X3X2
X1.12344X
11.1X2XX2
?[1;31m
Start test 45?[0m
How many mines do you want on the field?> 23
X1..1111X
221.2X322
1X335X4X1
13XXXX432
.2X433X4X
.233113XX
13XX113X4
2XX311X3X
X321.1121
?[1;31m
Start test 46?[0m
How many mines do you want on the field?> 23
X12X3X11X
113X42221
223X21X21
XX32334X1
233X2XX32
12X3434X1
1X4X4X211
124XX3221
.1X322X2X
?[1;31m
Start test 47?[0m
How many mines do you want on the field?> 24
.13X311..
.2XX4X211
14X6X43X1
X5X7X5X31
X5XXX4X2.
3X543321.
2XX11X111
12212233X
....1X2XX
?[1;31m
Start test 48?[0m
How many mines do you want on the field?> 24
112X1..1X
2X3221233
X4X12X4XX
4X313XX32
XX313X532
23X12X5XX
123222XX4
1X2X2233X
11212X111
?[1;31m
Start test 49?[0m
How many mines do you want on the field?> 25
2XX21X2X2
3XX21134X
3X42111XX
2X21X2222
22213X2..
2X312X421
2XX123XX2
23433X5X2
1X2XX3X21
?[1;31m
Start test 50?[0m
How many mines do you want on the field?> 25
X2...1221
X411.1XX1
X3X224542
2312XXXX1
X22344421
24XX2X21.
X4X433X2.
X43X44X31
X22XXX3X1
?[1;31m
Start test 51?[0m
How many mines do you want on the field?> 26
X22X222XX
23X3X3X64
3X4435XXX
XX3XX4XX4
23333X44X
.1X223X42
.12X23XX1
..23X2221
..1X21...
?[1;31m
Start test 52?[0m
How many mines do you want on the field?> 26
2323X4X31
XXX4X6XX1
3X44XX531
113X5XX1.
124X4321.
1XX4X1.11
13X421.1X
124X32132
1X3XX2X2X
?[1;31m
Start test 53?[0m
How many mines do you want on the field?> 27
2XX1.2X2.
X43113X2.
3X312X421
2XX23X4X1
1222X5X42
22224XXX2
XX2X5X54X
2333XX43X
.1X23XX21
?[1;31m
Start test 54?[0m
How many mines do you want on the field?> 27
X2X3X3XX1
1324X3232
12X21213X
X43212X3X
3XX11X343
X543213XX
X3XX214XX
124X31XX4
..2X213X2
?[1;31m
Start test 55?[0m
How many mines do you want on the field?> 28
.122213X2
13XX3X5X4
3XX45X6XX
XX5X5XX5X
334X4XX53
2X21224XX
X211112X3
2212X2211
X11X3X1..
?[1;31m
Start test 56?[0m
How many mines do you want on the field?> 28
23211X21.
XXX334X2.
XX5XX4X31
23X5X43X2
.224X33X2
.2X33X422
13X33X5X2
3X5X43XX2
XX4X3X321
?[1;31m
Start test 57?[0m
How many mines do you want on the field?> 29
X212XX311
23X35X6X2
1X3X3XXX3
3332334X2
XX12X3211
3322XX421
2X224XXX3
X44X445XX
2XX3XX222
?[1;31m
Start test 58?[0m
How many mines do you want on the field?> 29
X4X21X3XX
X5X212X32
X6431111.
XXXX2..11
XXXX3..1X
X56X3.122
3X4X411X2
X33XX222X
X2123X111
?[1;31m
Start test 59?[0m
How many mines do you want on the field?> 30
2X33XX31.
4X5XXXX2.
XXX45XX2.
X54X23442
12X322XXX
.12X34XXX
1122XX6X3
1X113XX32
111.1222X
?[1;31m
Start test 60?[0m
How many mines do you want on the field?> 30
23X4X3211
XX6XXX2X1
XXXX63222
XX6XX1.1X
346X41.22
2XXX2..1X
X66531.11
XXXXX2211
23333X2X1
?[1;31m
Start test 61?[0m
How many mines do you want on the field?> 31
X11X3XX31
22113XXX2
X112456X2
222XXXX31
X34X44X31
4XX32224X
XX6X12X5X
3XX434XX2
123XX3X31
?[1;31m
Start test 62?[0m
How many mines do you want on the field?> 31
24X4XX322
XXX5XX3XX
344X43222
2X44X3211
4XX3XX5X2
XX445XXX3
233XX57X3
12X33XXX2
X21112321
?[1;31m
Start test 63?[0m
How many mines do you want on the field?> 32
XX322X211
XXX2X22X1
X64322343
XX4X22XXX
23XX34X63
.134X3X5X
124X334XX
1XXX32XX4
124X22X4X
?[1;31m
Start test 64?[0m
How many mines do you want on the field?> 32
23X12XX4X
XX312XX4X
4X2.13342
X32112X3X
X32X23X42
24X5X34X3
2XXX44XXX
3X54XX553
2X22X4XX1
?[1;31m
Start test 65?[0m
How many mines do you want on the field?> 33
12X4XX3X2
X22XXX44X
1224443XX
.1X3X4X42
.113X4X31
1223354X1
3XX2XXX42
XX645XX4X
XXXX3XX31
?[1;31m
Start test 66?[0m
How many mines do you want on the field?> 33
XX2111.1X
XX33X3243
34X3X4XXX
X31213XX3
X3..12332
X4112X34X
XX11X4XXX
X54435XX4
2XXXX3X4X
?[1;31m
Start test 67?[0m
How many mines do you want on the field?> 34
X2XX434X3
134XXXXXX
.2X7X8XX3
14XXXXX52
1XX644XX2
24XX2233X
X3434X332
2X3X3XX2X
12X222221
?[1;31m
Start test 68?[0m
How many mines do you want on the field?> 34
..13XX3X1
112XXX421
1X4566X31
23XXXXX4X
X45X8X6X4
XX4XXX5XX
X5X5XX554
2X3X33XXX
112111232
?[1;31m
Start test 69?[0m
How many mines do you want on the field?> 35
1X2X2XXX1
334244531
XX2X2XX2.
333135X41
1X212XXX2
23X23XX6X
2X44X6XX4
4XX5X7XXX
XX4XXXX42
?[1;31m
Start test 70?[0m
How many mines do you want on the field?> 35
23XXX33XX
XX5X5XX4X
XX534X442
XXX4X6X4X
25X5XXXX3
13X5555X2
1X3XXX311
22325X311
1X1.2X21X
?[1;31m
Start test 71?[0m
How many mines do you want on the field?> 36
2X4XX3XX1
4X5XX5542
XX533XXX1
4XX114X41
3X4224X2.
3X21XX431
X43245XX2
XX4X3XX7X
3XX23XXXX
?[1;31m
Start test 72?[0m
How many mines do you want on the field?> 36
12XX3X222
2X43X34XX
4X533X4XX
XXXX45X6X
35X6XXX6X
1X3XXX5XX
1134X4X32
..2X44442
..2X3XXXX
?[1;31m
Start test 73?[0m
How many mines do you want on the field?> 37
X3XXX22X2
X44XX33X2
3X335X422
X34X5X4X1
24XX4X433
X5X6422XX
4XXXX4443
XX66XXXX1
X4XX4XX31
?[1;31m
Start test 74?[0m
How many mines do you want on the field?> 37
XXXXX4X3X
5XXXXX4X2
XXXXX7X53
3X45XXXXX
1124X6453
112XX3X2X
1X2223231
333122X21
XX2X2X22X
?[1;31m
Start test 75?[0m
How many mines do you want on the field?> 38
.13XX33X3
23XXXX4XX
XX34XX654
X4224XXXX
X32X44543
13X5XX2X2
14X6X433X
X6XX4X34X
XXX33X3XX
?[1;31m
Start test 76?[0m
How many mines do you want on the field?> 38
X3XXX3XX1
X6555X531
XXXX3XX31
X6X334XX2
X4211X55X
3X2223XX4
X4X4X44XX
X54XXX333
XX3XX32X1
?[1;31m
Start test 77?[0m
How many mines do you want on the field?> 39
X2X22XXX2
2334X5XX3
1X3XX44X3
225X54X5X
3X5XX4X7X
XXX424XXX
XXX2.3X6X
XX5323X42
X4XX2X22X
?[1;31m
Start test 78?[0m
How many mines do you want on the field?> 39
..124X5XX
123XXXXXX
2XX5X646X
X434X4X5X
2X24X53XX
24X5XX543
X5XX6XXX2
XX44XXX6X
23X224X4X
?[1;31m
Start test 79?[0m
How many mines do you want on the field?> 40
XX4XX4X5X
35XXX6XXX
1XX6X5X63
36X425X5X
XXX32XXX2
XXX54X532
36XXX33X1
X5X633X32
X4X3X22X1
?[1;31m
Start test 80?[0m
How many mines do you want on the field?> 40
2XX2111..
X6X32X1..
XX4X32211
4X44X33X3
X5X6XX6XX
4XXXXXXX5
XX65545XX
35XX5X56X
X3XXXXXXX
?[1;31m
Start test 81?[0m
How many mines do you want on the field?> 41
23X2233X2
XX54XXX5X
5XXX45X4X
XXX44X442
4X53XXX4X
3X5X57X5X
4XX5XXX52
XXXX45XX2
XX422X4X2
?[1;31m
Start test 82?[0m
How many mines do you want on the field?> 41
XX22223X3
X5X3XX4XX
3X5X5X44X
4X6X43X31
XX6X33X31
4XX5X44X2
X34XXX5X3
334X8XX6X
XX3XXXXXX
?[1;31m
Start test 83?[0m
How many mines do you want on the field?> 42
12XXXX3XX
X456656XX
2XXXXXXXX
345455X7X
XX4X4X4XX
5X6XX23XX
XX4X54332
X554XXX31
2XXX34X3X
?[1;31m
Start test 84?[0m
How many mines do you want on the field?> 42
2XX4X2122
3X7XX43XX
3XXX4XX43
X4334544X
X423XXX5X
4XX5X8X6X
XXX7XXX4X
X7XXX6443
XX34XX2XX
?[1;31m
Start test 85?[0m
How many mines do you want on the field?> 43
24X32X111
XXX5X432X
X65XXX4X4
3XX6XX6XX
2XXX44XX5
24X44X7XX
3X54XXXX4
XXXX55XX3
XX5XX223X
?[1;31m
Start test 86?[0m
How many mines do you want on the field?> 43
23X4XX3X2
XX4XXX43X
X66XX33X3
XXXX535X4
X54X4XXXX
X3345XXX5
12XXX5XXX
2456X5553
XXXX3XXX1
?[1;31m
Start test 87?[0m
How many mines do you want on the field?> 44
2X3XX44X2
4X55XXXX4
XX3XXX6XX
2345XX643
13XX6XXX2
2XXX6X7X3
X6XX6X6X2
X6X6XXX43
2XXX4X4XX
?[1;31m
Start test 88?[0m
How many mines do you want on the field?> 44
XXXXXX3XX
3X5X6X56X
3332X4XXX
XX433X5XX
XXXX425XX
X6XX4X4X4
X6555X33X
XXXXX333X
3X433X2X2
?[1;31m
Start test 89?[0m
How many mines do you want on the field?> 45
XX4XXXXXX
XX7XXXXXX
3XXXXX543
2446XX43X
X4X4XXX5X
XX4X45X5X
X5X3X33X3
X4133X33X
X2.1X3X21
?[1;31m
Start test 90?[0m
How many mines do you want on the field?> 45
XX5X4X5XX
XXXX5XXXX
XXXX43543
XX633X5X3
XXX44XXXX
XXXXX5X53
XX5XX412X
2346X3122
.1XXX21X1
?[1;31m
Start test 91?[0m
How many mines do you want on the field?> 46
1XXX4X4X2
13XX6XX5X
125XX5X5X
2X4X55X53
4X54XX6XX
XX6XXXXX4
4XXXXXXX3
X66XX6XX3
XXX4X323X
?[1;31m
Start test 92?[0m
How many mines do you want on the field?> 46
X4XXX322X
4XX65XX53
XXXX5XXXX
4666XXXX4
XXXXX544X
4X5554X32
X32XXX6X3
X546XXXXX
XXXXX434X
?[1;31m
Start test 93?[0m
How many mines do you want on the field?> 47
XX3XXX34X
X55X43XXX
3XX5446XX
3XXXXXXXX
X556XX6X3
X5XX5X322
4XXX5334X
XXXXX3XXX
X44X4X4X3
?[1;31m
Start test 94?[0m
How many mines do you want on the field?> 47
XX3XXXXX2
X7X44XX5X
XXX3234X4
X643X23XX
4XX55X543
XXXXXXXX3
XX55XXXXX
XX34XXX63
222XX5X3X
?[1;31m
Start test 95?[0m
How many mines do you want on the field?> 48
XXXX34XXX
X445XXX74
344XXXXXX
XXXXX7XX3
X7X7X6X63
X6X4X4XXX
XX4424464
5XX5X4XXX
XXXXXX332
?[1;31m
Start test 96?[0m
How many mines do you want on the field?> 48
233XXXX4X
XXX6X6X6X
35XX45X5X
2X7XX5X63
2XXXX7XXX
14XXXXX8X
13XXXXXXX
2X4X56XX5
X2212XXXX
?[1;31m
Start test 97?[0m
How many mines do you want on the field?> 49
X3X22XX21
4X44X654X
XX6XXXXX3
4XXXX6X7X
4X7534XXX
XXXX44XXX
X6XXXX5XX
4X6XX65X4
XX4XXXX3X
?[1;31m
Start test 98?[0m
How many mines do you want on the field?> 49
X4XXXXX21
X7X8XX43X
XXXXX5X43
X5XX6X5XX
3545XXX42
XXX3XXX41
XX5445X5X
XX5XX44XX
XX4XX3XXX
?[1;31m
Start test 99?[0m
How many mines do you want on the field?> 50
X5X4X323X
XXXX4XX5X
XX7X54X5X
5X6XX314X
XXX6X535X
XXX7XXXXX
4XXXX65X4
X67XXX45X
XXXX43XXX
?[1;31m
Start test 100?[0m
How many mines do you want on the field?> 50
3XXX3X5X3
XXX66XXXX
X6XXXX7X5
2X4X6X6XX
23334X6XX
X4X5X5XXX
4XXXXX55X
XXXXXXX43
3XX44X4XX
]]></system-out>
  <system-err><![CDATA[]]></system-err>
</testsuite>
