<?xml version="1.0" encoding="UTF-8"?>
<testsuite name="MinesweeperTest" tests="1" skipped="0" failures="0" errors="0" timestamp="2022-08-02T16:22:06" hostname="PC" time="2.366">
  <properties/>
  <testcase name="start" classname="MinesweeperTest" time="2.366"/>
  <system-out><![CDATA[?[1;31m
Start test 1?[0m
How many mines do you want on the field?> 1

 │123456789│
—│—————————│
1|.........|
2|.........|
3|.........|
4|.........|
5|.........|
6|.........|
7|.........|
8|.........|
9|.........|
—│—————————│
Set/unset mine marks or claim a cell as free:> 2 5 mine

 │123456789│
—│—————————│
1|.........|
2|.........|
3|.........|
4|.........|
5|.*.......|
6|.........|
7|.........|
8|.........|
9|.........|
—│—————————│
Set/unset mine marks or claim a cell as free:> 3 1 mine

 │123456789│
—│—————————│
1|..*......|
2|.........|
3|.........|
4|.........|
5|.*.......|
6|.........|
7|.........|
8|.........|
9|.........|
—│—————————│
Set/unset mine marks or claim a cell as free:> 2 5 mine

 │123456789│
—│—————————│
1|..*......|
2|.........|
3|.........|
4|.........|
5|.........|
6|.........|
7|.........|
8|.........|
9|.........|
—│—————————│
Set/unset mine marks or claim a cell as free:> 6 6 free

 │123456789│
—│—————————│
1|..*......|
2|.........|
3|.........|
4|.........|
5|.........|
6|.....1...|
7|.........|
8|.........|
9|.........|
—│—————————│
Set/unset mine marks or claim a cell as free:> 5 9 mine

 │123456789│
—│—————————│
1|..*......|
2|.........|
3|.........|
4|.........|
5|.........|
6|.....1...|
7|.........|
8|.........|
9|....*....|
—│—————————│
Set/unset mine marks or claim a cell as free:> 9 9 free

 │123456789│
—│—————————│
1|/////////|
2|/////////|
3|/////////|
4|/////////|
5|/////////|
6|///111///|
7|///1.1///|
8|///111///|
9|/////////|
—│—————————│
Set/unset mine marks or claim a cell as free:> 5 7 mine

 │123456789│
—│—————————│
1|/////////|
2|/////////|
3|/////////|
4|/////////|
5|/////////|
6|///111///|
7|///1*1///|
8|///111///|
9|/////////|
—│—————————│
Congratulations! You found all the mines!
?[1;31m
Start test 2?[0m
How many mines do you want on the field?> 1

 │123456789│
—│—————————│
1|.........|
2|.........|
3|.........|
4|.........|
5|.........|
6|.........|
7|.........|
8|.........|
9|.........|
—│—————————│
Set/unset mine marks or claim a cell as free:> 6 7 mine

 │123456789│
—│—————————│
1|.........|
2|.........|
3|.........|
4|.........|
5|.........|
6|.........|
7|.....*...|
8|.........|
9|.........|
—│—————————│
Set/unset mine marks or claim a cell as free:> 5 4 mine

 │123456789│
—│—————————│
1|.........|
2|.........|
3|.........|
4|....*....|
5|.........|
6|.........|
7|.....*...|
8|.........|
9|.........|
—│—————————│
Set/unset mine marks or claim a cell as free:> 8 6 free

 │123456789│
—│—————————│
1|/////////|
2|/////////|
3|/////////|
4|/////////|
5|/////////|
6|/////////|
7|/////////|
8|///111///|
9|///1.1///|
—│—————————│
Set/unset mine marks or claim a cell as free:> 5 9 mine

 │123456789│
—│—————————│
1|/////////|
2|/////////|
3|/////////|
4|/////////|
5|/////////|
6|/////////|
7|/////////|
8|///111///|
9|///1*1///|
—│—————————│
Congratulations! You found all the mines!
?[1;31m
Start test 3?[0m
How many mines do you want on the field?> 1

 │123456789│
—│—————————│
1|.........|
2|.........|
3|.........|
4|.........|
5|.........|
6|.........|
7|.........|
8|.........|
9|.........|
—│—————————│
Set/unset mine marks or claim a cell as free:> 5 4 free

 │123456789│
—│—————————│
1|/////////|
2|/////////|
3|/////////|
4|/////////|
5|/////////|
6|/////////|
7|//111////|
8|//1.1////|
9|//111////|
—│—————————│
Set/unset mine marks or claim a cell as free:> 4 8 free
You stepped on a mine and failed!

 │123456789│
—│—————————│
1|/////////|
2|/////////|
3|/////////|
4|/////////|
5|/////////|
6|/////////|
7|//111////|
8|//1X1////|
9|//111////|
—│—————————│
?[1;31m
Start test 4?[0m
How many mines do you want on the field?> 1

 │123456789│
—│—————————│
1|.........|
2|.........|
3|.........|
4|.........|
5|.........|
6|.........|
7|.........|
8|.........|
9|.........|
—│—————————│
Set/unset mine marks or claim a cell as free:> 1 2 free

 │123456789│
—│—————————│
1|/////////|
2|/////////|
3|/////////|
4|/////////|
5|/////////|
6|/////////|
7|/////////|
8|////111//|
9|////1.1//|
—│—————————│
Set/unset mine marks or claim a cell as free:> 6 9 mine

 │123456789│
—│—————————│
1|/////////|
2|/////////|
3|/////////|
4|/////////|
5|/////////|
6|/////////|
7|/////////|
8|////111//|
9|////1*1//|
—│—————————│
Congratulations! You found all the mines!
?[1;31m
Start test 5?[0m
How many mines do you want on the field?> 1

 │123456789│
—│—————————│
1|.........|
2|.........|
3|.........|
4|.........|
5|.........|
6|.........|
7|.........|
8|.........|
9|.........|
—│—————————│
Set/unset mine marks or claim a cell as free:> 3 7 free

 │123456789│
—│—————————│
1|/////////|
2|/////111/|
3|/////1.1/|
4|/////111/|
5|/////////|
6|/////////|
7|/////////|
8|/////////|
9|/////////|
—│—————————│
Set/unset mine marks or claim a cell as free:> 7 3 free
You stepped on a mine and failed!

 │123456789│
—│—————————│
1|/////////|
2|/////111/|
3|/////1X1/|
4|/////111/|
5|/////////|
6|/////////|
7|/////////|
8|/////////|
9|/////////|
—│—————————│
?[1;31m
Start test 6?[0m
How many mines do you want on the field?> 1

 │123456789│
—│—————————│
1|.........|
2|.........|
3|.........|
4|.........|
5|.........|
6|.........|
7|.........|
8|.........|
9|.........|
—│—————————│
Set/unset mine marks or claim a cell as free:> 8 1 mine

 │123456789│
—│—————————│
1|.......*.|
2|.........|
3|.........|
4|.........|
5|.........|
6|.........|
7|.........|
8|.........|
9|.........|
—│—————————│
Set/unset mine marks or claim a cell as free:> 1 3 free

 │123456789│
—│—————————│
1|/////////|
2|/////////|
3|/////////|
4|/////////|
5|/////////|
6|/////////|
7|/////////|
8|////111//|
9|////1.1//|
—│—————————│
Set/unset mine marks or claim a cell as free:> 6 9 free
You stepped on a mine and failed!

 │123456789│
—│—————————│
1|/////////|
2|/////////|
3|/////////|
4|/////////|
5|/////////|
6|/////////|
7|/////////|
8|////111//|
9|////1X1//|
—│—————————│
?[1;31m
Start test 7?[0m
How many mines do you want on the field?> 1

 │123456789│
—│—————————│
1|.........|
2|.........|
3|.........|
4|.........|
5|.........|
6|.........|
7|.........|
8|.........|
9|.........|
—│—————————│
Set/unset mine marks or claim a cell as free:> 8 3 mine

 │123456789│
—│—————————│
1|.........|
2|.........|
3|.......*.|
4|.........|
5|.........|
6|.........|
7|.........|
8|.........|
9|.........|
—│—————————│
Set/unset mine marks or claim a cell as free:> 4 8 free

 │123456789│
—│—————————│
1|/////////|
2|/////////|
3|/////////|
4|/////////|
5|/////////|
6|/////////|
7|/////////|
8|//////111|
9|//////1.1|
—│—————————│
Set/unset mine marks or claim a cell as free:> 8 9 free
You stepped on a mine and failed!

 │123456789│
—│—————————│
1|/////////|
2|/////////|
3|/////////|
4|/////////|
5|/////////|
6|/////////|
7|/////////|
8|//////111|
9|//////1X1|
—│—————————│
?[1;31m
Start test 8?[0m
How many mines do you want on the field?> 1

 │123456789│
—│—————————│
1|.........|
2|.........|
3|.........|
4|.........|
5|.........|
6|.........|
7|.........|
8|.........|
9|.........|
—│—————————│
Set/unset mine marks or claim a cell as free:> 9 2 free

 │123456789│
—│—————————│
1|/////////|
2|/////////|
3|/////////|
4|/////////|
5|/////////|
6|/////////|
7|///111///|
8|///1.1///|
9|///111///|
—│—————————│
Set/unset mine marks or claim a cell as free:> 5 8 free
You stepped on a mine and failed!

 │123456789│
—│—————————│
1|/////////|
2|/////////|
3|/////////|
4|/////////|
5|/////////|
6|/////////|
7|///111///|
8|///1X1///|
9|///111///|
—│—————————│
?[1;31m
Start test 9?[0m
How many mines do you want on the field?> 1

 │123456789│
—│—————————│
1|.........|
2|.........|
3|.........|
4|.........|
5|.........|
6|.........|
7|.........|
8|.........|
9|.........|
—│—————————│
Set/unset mine marks or claim a cell as free:> 5 6 free

 │123456789│
—│—————————│
1|/////////|
2|/////////|
3|/////////|
4|/////////|
5|/////////|
6|/////////|
7|///111///|
8|///1.1///|
9|///111///|
—│—————————│
Set/unset mine marks or claim a cell as free:> 5 8 free
You stepped on a mine and failed!

 │123456789│
—│—————————│
1|/////////|
2|/////////|
3|/////////|
4|/////////|
5|/////////|
6|/////////|
7|///111///|
8|///1X1///|
9|///111///|
—│—————————│
?[1;31m
Start test 10?[0m
How many mines do you want on the field?> 1

 │123456789│
—│—————————│
1|.........|
2|.........|
3|.........|
4|.........|
5|.........|
6|.........|
7|.........|
8|.........|
9|.........|
—│—————————│
Set/unset mine marks or claim a cell as free:> 2 1 free

 │123456789│
—│—————————│
1|.1.......|
2|.........|
3|.........|
4|.........|
5|.........|
6|.........|
7|.........|
8|.........|
9|.........|
—│—————————│
Set/unset mine marks or claim a cell as free:> 4 3 free

 │123456789│
—│—————————│
1|111//////|
2|1.1//////|
3|111//////|
4|/////////|
5|/////////|
6|/////////|
7|/////////|
8|/////////|
9|/////////|
—│—————————│
Set/unset mine marks or claim a cell as free:> 2 2 mine

 │123456789│
—│—————————│
1|111//////|
2|1*1//////|
3|111//////|
4|/////////|
5|/////////|
6|/////////|
7|/////////|
8|/////////|
9|/////////|
—│—————————│
Congratulations! You found all the mines!
?[1;31m
Start test 11?[0m
How many mines do you want on the field?> 1

 │123456789│
—│—————————│
1|.........|
2|.........|
3|.........|
4|.........|
5|.........|
6|.........|
7|.........|
8|.........|
9|.........|
—│—————————│
Set/unset mine marks or claim a cell as free:> 3 1 free

 │123456789│
—│—————————│
1|///111///|
2|///1.1///|
3|///111///|
4|/////////|
5|/////////|
6|/////////|
7|/////////|
8|/////////|
9|/////////|
—│—————————│
Set/unset mine marks or claim a cell as free:> 5 2 free
You stepped on a mine and failed!

 │123456789│
—│—————————│
1|///111///|
2|///1X1///|
3|///111///|
4|/////////|
5|/////////|
6|/////////|
7|/////////|
8|/////////|
9|/////////|
—│—————————│
?[1;31m
Start test 12?[0m
How many mines do you want on the field?> 1

 │123456789│
—│—————————│
1|.........|
2|.........|
3|.........|
4|.........|
5|.........|
6|.........|
7|.........|
8|.........|
9|.........|
—│—————————│
Set/unset mine marks or claim a cell as free:> 1 7 free

 │123456789│
—│—————————│
1|/////////|
2|/////////|
3|/111/////|
4|/1.1/////|
5|/111/////|
6|/////////|
7|/////////|
8|/////////|
9|/////////|
—│—————————│
Set/unset mine marks or claim a cell as free:> 3 4 free
You stepped on a mine and failed!

 │123456789│
—│—————————│
1|/////////|
2|/////////|
3|/111/////|
4|/1X1/////|
5|/111/////|
6|/////////|
7|/////////|
8|/////////|
9|/////////|
—│—————————│
?[1;31m
Start test 13?[0m
How many mines do you want on the field?> 1

 │123456789│
—│—————————│
1|.........|
2|.........|
3|.........|
4|.........|
5|.........|
6|.........|
7|.........|
8|.........|
9|.........|
—│—————————│
Set/unset mine marks or claim a cell as free:> 5 8 mine

 │123456789│
—│—————————│
1|.........|
2|.........|
3|.........|
4|.........|
5|.........|
6|.........|
7|.........|
8|....*....|
9|.........|
—│—————————│
Set/unset mine marks or claim a cell as free:> 3 4 free

 │123456789│
—│—————————│
1|/////////|
2|/////////|
3|/////////|
4|/////////|
5|/////////|
6|/////////|
7|/////////|
8|////111//|
9|////1.1//|
—│—————————│
Set/unset mine marks or claim a cell as free:> 6 9 mine

 │123456789│
—│—————————│
1|/////////|
2|/////////|
3|/////////|
4|/////////|
5|/////////|
6|/////////|
7|/////////|
8|////111//|
9|////1*1//|
—│—————————│
Set/unset mine marks or claim a cell as free:> 6 9 mine

 │123456789│
—│—————————│
1|/////////|
2|/////////|
3|/////////|
4|/////////|
5|/////////|
6|/////////|
7|/////////|
8|////111//|
9|////1.1//|
—│—————————│
Set/unset mine marks or claim a cell as free:> 6 9 mine

 │123456789│
—│—————————│
1|/////////|
2|/////////|
3|/////////|
4|/////////|
5|/////////|
6|/////////|
7|/////////|
8|////111//|
9|////1*1//|
—│—————————│
Set/unset mine marks or claim a cell as free:> 6 9 mine

 │123456789│
—│—————————│
1|/////////|
2|/////////|
3|/////////|
4|/////////|
5|/////////|
6|/////////|
7|/////////|
8|////111//|
9|////1.1//|
—│—————————│
Set/unset mine marks or claim a cell as free:> 6 9 free
You stepped on a mine and failed!

 │123456789│
—│—————————│
1|/////////|
2|/////////|
3|/////////|
4|/////////|
5|/////////|
6|/////////|
7|/////////|
8|////111//|
9|////1X1//|
—│—————————│
?[1;31m
Start test 14?[0m
How many mines do you want on the field?> 1

 │123456789│
—│—————————│
1|.........|
2|.........|
3|.........|
4|.........|
5|.........|
6|.........|
7|.........|
8|.........|
9|.........|
—│—————————│
Set/unset mine marks or claim a cell as free:> 6 2 mine

 │123456789│
—│—————————│
1|.........|
2|.....*...|
3|.........|
4|.........|
5|.........|
6|.........|
7|.........|
8|.........|
9|.........|
—│—————————│
Set/unset mine marks or claim a cell as free:> 6 4 free

 │123456789│
—│—————————│
1|/////////|
2|/////////|
3|/////////|
4|111//////|
5|1.1//////|
6|111//////|
7|/////////|
8|/////////|
9|/////////|
—│—————————│
Set/unset mine marks or claim a cell as free:> 2 5 free
You stepped on a mine and failed!

 │123456789│
—│—————————│
1|/////////|
2|/////////|
3|/////////|
4|111//////|
5|1X1//////|
6|111//////|
7|/////////|
8|/////////|
9|/////////|
—│—————————│
?[1;31m
Start test 15?[0m
How many mines do you want on the field?> 1

 │123456789│
—│—————————│
1|.........|
2|.........|
3|.........|
4|.........|
5|.........|
6|.........|
7|.........|
8|.........|
9|.........|
—│—————————│
Set/unset mine marks or claim a cell as free:> 8 4 free

 │123456789│
—│—————————│
1|/////////|
2|/////////|
3|/////////|
4|/////////|
5|///111///|
6|///1.1///|
7|///111///|
8|/////////|
9|/////////|
—│—————————│
Set/unset mine marks or claim a cell as free:> 5 6 mine

 │123456789│
—│—————————│
1|/////////|
2|/////////|
3|/////////|
4|/////////|
5|///111///|
6|///1*1///|
7|///111///|
8|/////////|
9|/////////|
—│—————————│
Congratulations! You found all the mines!
?[1;31m
Start test 16?[0m
How many mines do you want on the field?> 1

 │123456789│
—│—————————│
1|.........|
2|.........|
3|.........|
4|.........|
5|.........|
6|.........|
7|.........|
8|.........|
9|.........|
—│—————————│
Set/unset mine marks or claim a cell as free:> 3 8 free

 │123456789│
—│—————————│
1|/////////|
2|/111/////|
3|/1.1/////|
4|/111/////|
5|/////////|
6|/////////|
7|/////////|
8|/////////|
9|/////////|
—│—————————│
Set/unset mine marks or claim a cell as free:> 3 3 mine

 │123456789│
—│—————————│
1|/////////|
2|/111/////|
3|/1*1/////|
4|/111/////|
5|/////////|
6|/////////|
7|/////////|
8|/////////|
9|/////////|
—│—————————│
Congratulations! You found all the mines!
?[1;31m
Start test 17?[0m
How many mines do you want on the field?> 1

 │123456789│
—│—————————│
1|.........|
2|.........|
3|.........|
4|.........|
5|.........|
6|.........|
7|.........|
8|.........|
9|.........|
—│—————————│
Set/unset mine marks or claim a cell as free:> 4 7 free

 │123456789│
—│—————————│
1|/////////|
2|////111//|
3|////1.1//|
4|////111//|
5|/////////|
6|/////////|
7|/////////|
8|/////////|
9|/////////|
—│—————————│
Set/unset mine marks or claim a cell as free:> 6 3 free
You stepped on a mine and failed!

 │123456789│
—│—————————│
1|/////////|
2|////111//|
3|////1X1//|
4|////111//|
5|/////////|
6|/////////|
7|/////////|
8|/////////|
9|/////////|
—│—————————│
?[1;31m
Start test 18?[0m
How many mines do you want on the field?> 1

 │123456789│
—│—————————│
1|.........|
2|.........|
3|.........|
4|.........|
5|.........|
6|.........|
7|.........|
8|.........|
9|.........|
—│—————————│
Set/unset mine marks or claim a cell as free:> 7 9 mine

 │123456789│
—│—————————│
1|.........|
2|.........|
3|.........|
4|.........|
5|.........|
6|.........|
7|.........|
8|.........|
9|......*..|
—│—————————│
Set/unset mine marks or claim a cell as free:> 5 2 free

 │123456789│
—│—————————│
1|/////////|
2|/////////|
3|/////////|
4|/////////|
5|/////////|
6|////111//|
7|////1.1//|
8|////111//|
9|/////////|
—│—————————│
Set/unset mine marks or claim a cell as free:> 6 7 free
You stepped on a mine and failed!

 │123456789│
—│—————————│
1|/////////|
2|/////////|
3|/////////|
4|/////////|
5|/////////|
6|////111//|
7|////1X1//|
8|////111//|
9|/////////|
—│—————————│
?[1;31m
Start test 19?[0m
How many mines do you want on the field?> 1

 │123456789│
—│—————————│
1|.........|
2|.........|
3|.........|
4|.........|
5|.........|
6|.........|
7|.........|
8|.........|
9|.........|
—│—————————│
Set/unset mine marks or claim a cell as free:> 9 9 free

 │123456789│
—│—————————│
1|/////////|
2|/////////|
3|111//////|
4|1.1//////|
5|111//////|
6|/////////|
7|/////////|
8|/////////|
9|/////////|
—│—————————│
Set/unset mine marks or claim a cell as free:> 2 4 mine

 │123456789│
—│—————————│
1|/////////|
2|/////////|
3|111//////|
4|1*1//////|
5|111//////|
6|/////////|
7|/////////|
8|/////////|
9|/////////|
—│—————————│
Congratulations! You found all the mines!
?[1;31m
Start test 20?[0m
How many mines do you want on the field?> 1

 │123456789│
—│—————————│
1|.........|
2|.........|
3|.........|
4|.........|
5|.........|
6|.........|
7|.........|
8|.........|
9|.........|
—│—————————│
Set/unset mine marks or claim a cell as free:> 8 9 mine

 │123456789│
—│—————————│
1|.........|
2|.........|
3|.........|
4|.........|
5|.........|
6|.........|
7|.........|
8|.........|
9|.......*.|
—│—————————│
Set/unset mine marks or claim a cell as free:> 9 3 free

 │123456789│
—│—————————│
1|/////111/|
2|/////1.1/|
3|/////111/|
4|/////////|
5|/////////|
6|/////////|
7|/////////|
8|/////////|
9|/////////|
—│—————————│
Set/unset mine marks or claim a cell as free:> 7 2 mine

 │123456789│
—│—————————│
1|/////111/|
2|/////1*1/|
3|/////111/|
4|/////////|
5|/////////|
6|/////////|
7|/////////|
8|/////////|
9|/////////|
—│—————————│
Congratulations! You found all the mines!
?[1;31m
Start test 21?[0m
How many mines do you want on the field?> 2

 │123456789│
—│—————————│
1|.........|
2|.........|
3|.........|
4|.........|
5|.........|
6|.........|
7|.........|
8|.........|
9|.........|
—│—————————│
Set/unset mine marks or claim a cell as free:> 8 9 free

 │123456789│
—│—————————│
1|/////////|
2|/////////|
3|/////////|
4|11///////|
5|.1/111///|
6|11/1.1///|
7|///111///|
8|/////////|
9|/////////|
—│—————————│
Set/unset mine marks or claim a cell as free:> 1 5 mine

 │123456789│
—│—————————│
1|/////////|
2|/////////|
3|/////////|
4|11///////|
5|*1/111///|
6|11/1.1///|
7|///111///|
8|/////////|
9|/////////|
—│—————————│
Set/unset mine marks or claim a cell as free:> 5 6 free
You stepped on a mine and failed!

 │123456789│
—│—————————│
1|/////////|
2|/////////|
3|/////////|
4|11///////|
5|X1/111///|
6|11/1X1///|
7|///111///|
8|/////////|
9|/////////|
—│—————————│
?[1;31m
Start test 22?[0m
How many mines do you want on the field?> 2

 │123456789│
—│—————————│
1|.........|
2|.........|
3|.........|
4|.........|
5|.........|
6|.........|
7|.........|
8|.........|
9|.........|
—│—————————│
Set/unset mine marks or claim a cell as free:> 7 2 free

 │123456789│
—│—————————│
1|.........|
2|......1..|
3|.........|
4|.........|
5|.........|
6|.........|
7|.........|
8|.........|
9|.........|
—│—————————│
Set/unset mine marks or claim a cell as free:> 8 9 free

 │123456789│
—│—————————│
1|/////////|
2|//////111|
3|//////1.1|
4|//////111|
5|/////////|
6|/////////|
7|///111///|
8|///1.1///|
9|///111///|
—│—————————│
Set/unset mine marks or claim a cell as free:> 8 3 free
You stepped on a mine and failed!

 │123456789│
—│—————————│
1|/////////|
2|//////111|
3|//////1X1|
4|//////111|
5|/////////|
6|/////////|
7|///111///|
8|///1X1///|
9|///111///|
—│—————————│
?[1;31m
Start test 23?[0m
How many mines do you want on the field?> 2

 │123456789│
—│—————————│
1|.........|
2|.........|
3|.........|
4|.........|
5|.........|
6|.........|
7|.........|
8|.........|
9|.........|
—│—————————│
Set/unset mine marks or claim a cell as free:> 1 8 free

 │123456789│
—│—————————│
1|/////////|
2|/////////|
3|/////111/|
4|//1111.1/|
5|//1.1111/|
6|//111////|
7|/////////|
8|/////////|
9|/////////|
—│—————————│
Set/unset mine marks or claim a cell as free:> 4 5 mine

 │123456789│
—│—————————│
1|/////////|
2|/////////|
3|/////111/|
4|//1111.1/|
5|//1*1111/|
6|//111////|
7|/////////|
8|/////////|
9|/////////|
—│—————————│
Set/unset mine marks or claim a cell as free:> 7 4 free
You stepped on a mine and failed!

 │123456789│
—│—————————│
1|/////////|
2|/////////|
3|/////111/|
4|//1111X1/|
5|//1X1111/|
6|//111////|
7|/////////|
8|/////////|
9|/////////|
—│—————————│
?[1;31m
Start test 24?[0m
How many mines do you want on the field?> 2

 │123456789│
—│—————————│
1|.........|
2|.........|
3|.........|
4|.........|
5|.........|
6|.........|
7|.........|
8|.........|
9|.........|
—│—————————│
Set/unset mine marks or claim a cell as free:> 7 7 free

 │123456789│
—│—————————│
1|///////1.|
2|///////22|
3|///////1.|
4|///////11|
5|/////////|
6|/////////|
7|/////////|
8|/////////|
9|/////////|
—│—————————│
Set/unset mine marks or claim a cell as free:> 9 1 mine

 │123456789│
—│—————————│
1|///////1*|
2|///////22|
3|///////1.|
4|///////11|
5|/////////|
6|/////////|
7|/////////|
8|/////////|
9|/////////|
—│—————————│
Set/unset mine marks or claim a cell as free:> 9 3 mine

 │123456789│
—│—————————│
1|///////1*|
2|///////22|
3|///////1*|
4|///////11|
5|/////////|
6|/////////|
7|/////////|
8|/////////|
9|/////////|
—│—————————│
Congratulations! You found all the mines!
?[1;31m
Start test 25?[0m
How many mines do you want on the field?> 2

 │123456789│
—│—————————│
1|.........|
2|.........|
3|.........|
4|.........|
5|.........|
6|.........|
7|.........|
8|.........|
9|.........|
—│—————————│
Set/unset mine marks or claim a cell as free:> 2 3 mine

 │123456789│
—│—————————│
1|.........|
2|.........|
3|.*.......|
4|.........|
5|.........|
6|.........|
7|.........|
8|.........|
9|.........|
—│—————————│
Set/unset mine marks or claim a cell as free:> 2 3 mine

 │123456789│
—│—————————│
1|.........|
2|.........|
3|.........|
4|.........|
5|.........|
6|.........|
7|.........|
8|.........|
9|.........|
—│—————————│
Set/unset mine marks or claim a cell as free:> 9 6 mine

 │123456789│
—│—————————│
1|.........|
2|.........|
3|.........|
4|.........|
5|.........|
6|........*|
7|.........|
8|.........|
9|.........|
—│—————————│
Set/unset mine marks or claim a cell as free:> 5 5 mine

 │123456789│
—│—————————│
1|.........|
2|.........|
3|.........|
4|.........|
5|....*....|
6|........*|
7|.........|
8|.........|
9|.........|
—│—————————│
Set/unset mine marks or claim a cell as free:> 4 5 free

 │123456789│
—│—————————│
1|/////111/|
2|11///1.1/|
3|.1///111/|
4|11///////|
5|/////////|
6|/////////|
7|/////////|
8|/////////|
9|/////////|
—│—————————│
Set/unset mine marks or claim a cell as free:> 1 3 free
You stepped on a mine and failed!

 │123456789│
—│—————————│
1|/////111/|
2|11///1X1/|
3|X1///111/|
4|11///////|
5|/////////|
6|/////////|
7|/////////|
8|/////////|
9|/////////|
—│—————————│
?[1;31m
Start test 26?[0m
How many mines do you want on the field?> 2

 │123456789│
—│—————————│
1|.........|
2|.........|
3|.........|
4|.........|
5|.........|
6|.........|
7|.........|
8|.........|
9|.........|
—│—————————│
Set/unset mine marks or claim a cell as free:> 3 8 mine

 │123456789│
—│—————————│
1|.........|
2|.........|
3|.........|
4|.........|
5|.........|
6|.........|
7|.........|
8|..*......|
9|.........|
—│—————————│
Set/unset mine marks or claim a cell as free:> 3 8 mine

 │123456789│
—│—————————│
1|.........|
2|.........|
3|.........|
4|.........|
5|.........|
6|.........|
7|.........|
8|.........|
9|.........|
—│—————————│
Set/unset mine marks or claim a cell as free:> 1 8 free

 │123456789│
—│—————————│
1|/////////|
2|/////////|
3|/////////|
4|/////////|
5|///////11|
6|/////112.|
7|/////1.21|
8|/////111/|
9|/////////|
—│—————————│
Set/unset mine marks or claim a cell as free:> 7 7 mine

 │123456789│
—│—————————│
1|/////////|
2|/////////|
3|/////////|
4|/////////|
5|///////11|
6|/////112.|
7|/////1*21|
8|/////111/|
9|/////////|
—│—————————│
Set/unset mine marks or claim a cell as free:> 9 6 free
You stepped on a mine and failed!

 │123456789│
—│—————————│
1|/////////|
2|/////////|
3|/////////|
4|/////////|
5|///////11|
6|/////112X|
7|/////1X21|
8|/////111/|
9|/////////|
—│—————————│
?[1;31m
Start test 27?[0m
How many mines do you want on the field?> 2

 │123456789│
—│—————————│
1|.........|
2|.........|
3|.........|
4|.........|
5|.........|
6|.........|
7|.........|
8|.........|
9|.........|
—│—————————│
Set/unset mine marks or claim a cell as free:> 9 9 free

 │123456789│
—│—————————│
1|////111//|
2|////1.1//|
3|////111//|
4|//////111|
5|//////1.1|
6|//////111|
7|/////////|
8|/////////|
9|/////////|
—│—————————│
Set/unset mine marks or claim a cell as free:> 8 5 free
You stepped on a mine and failed!

 │123456789│
—│—————————│
1|////111//|
2|////1X1//|
3|////111//|
4|//////111|
5|//////1X1|
6|//////111|
7|/////////|
8|/////////|
9|/////////|
—│—————————│
?[1;31m
Start test 28?[0m
How many mines do you want on the field?> 2

 │123456789│
—│—————————│
1|.........|
2|.........|
3|.........|
4|.........|
5|.........|
6|.........|
7|.........|
8|.........|
9|.........|
—│—————————│
Set/unset mine marks or claim a cell as free:> 9 4 mine

 │123456789│
—│—————————│
1|.........|
2|.........|
3|.........|
4|........*|
5|.........|
6|.........|
7|.........|
8|.........|
9|.........|
—│—————————│
Set/unset mine marks or claim a cell as free:> 3 3 mine

 │123456789│
—│—————————│
1|.........|
2|.........|
3|..*......|
4|........*|
5|.........|
6|.........|
7|.........|
8|.........|
9|.........|
—│—————————│
Set/unset mine marks or claim a cell as free:> 3 3 mine

 │123456789│
—│—————————│
1|.........|
2|.........|
3|.........|
4|........*|
5|.........|
6|.........|
7|.........|
8|.........|
9|.........|
—│—————————│
Set/unset mine marks or claim a cell as free:> 9 4 mine

 │123456789│
—│—————————│
1|.........|
2|.........|
3|.........|
4|.........|
5|.........|
6|.........|
7|.........|
8|.........|
9|.........|
—│—————————│
Set/unset mine marks or claim a cell as free:> 5 7 free

 │123456789│
—│—————————│
1|.........|
2|.........|
3|.........|
4|.........|
5|.........|
6|.........|
7|....1....|
8|.........|
9|.........|
—│—————————│
Set/unset mine marks or claim a cell as free:> 1 3 mine

 │123456789│
—│—————————│
1|.........|
2|.........|
3|*........|
4|.........|
5|.........|
6|.........|
7|....1....|
8|.........|
9|.........|
—│—————————│
Set/unset mine marks or claim a cell as free:> 4 5 free

 │123456789│
—│—————————│
1|/////////|
2|/////////|
3|/////////|
4|/////////|
5|/////////|
6|111//////|
7|1.211////|
8|112.1////|
9|//111////|
—│—————————│
Set/unset mine marks or claim a cell as free:> 4 8 free
You stepped on a mine and failed!

 │123456789│
—│—————————│
1|/////////|
2|/////////|
3|/////////|
4|/////////|
5|/////////|
6|111//////|
7|1X211////|
8|112X1////|
9|//111////|
—│—————————│
?[1;31m
Start test 29?[0m
How many mines do you want on the field?> 2

 │123456789│
—│—————————│
1|.........|
2|.........|
3|.........|
4|.........|
5|.........|
6|.........|
7|.........|
8|.........|
9|.........|
—│—————————│
Set/unset mine marks or claim a cell as free:> 2 7 mine

 │123456789│
—│—————————│
1|.........|
2|.........|
3|.........|
4|.........|
5|.........|
6|.........|
7|.*.......|
8|.........|
9|.........|
—│—————————│
Set/unset mine marks or claim a cell as free:> 8 7 free

 │123456789│
—│—————————│
1|/////////|
2|/////////|
3|/////////|
4|/////////|
5|221//////|
6|..1//////|
7|221//////|
8|/////////|
9|/////////|
—│—————————│
Set/unset mine marks or claim a cell as free:> 1 6 free
You stepped on a mine and failed!

 │123456789│
—│—————————│
1|/////////|
2|/////////|
3|/////////|
4|/////////|
5|221//////|
6|XX1//////|
7|221//////|
8|/////////|
9|/////////|
—│—————————│
?[1;31m
Start test 30?[0m
How many mines do you want on the field?> 2

 │123456789│
—│—————————│
1|.........|
2|.........|
3|.........|
4|.........|
5|.........|
6|.........|
7|.........|
8|.........|
9|.........|
—│—————————│
Set/unset mine marks or claim a cell as free:> 4 9 free

 │123456789│
—│—————————│
1|///1.1///|
2|///111///|
3|/////////|
4|/////////|
5|///////11|
6|///////1.|
7|///////11|
8|/////////|
9|/////////|
—│—————————│
Set/unset mine marks or claim a cell as free:> 5 1 mine

 │123456789│
—│—————————│
1|///1*1///|
2|///111///|
3|/////////|
4|/////////|
5|///////11|
6|///////1.|
7|///////11|
8|/////////|
9|/////////|
—│—————————│
Set/unset mine marks or claim a cell as free:> 9 6 free
You stepped on a mine and failed!

 │123456789│
—│—————————│
1|///1X1///|
2|///111///|
3|/////////|
4|/////////|
5|///////11|
6|///////1X|
7|///////11|
8|/////////|
9|/////////|
—│—————————│
?[1;31m
Start test 31?[0m
How many mines do you want on the field?> 2

 │123456789│
—│—————————│
1|.........|
2|.........|
3|.........|
4|.........|
5|.........|
6|.........|
7|.........|
8|.........|
9|.........|
—│—————————│
Set/unset mine marks or claim a cell as free:> 2 2 free

 │123456789│
—│—————————│
1|.........|
2|.2.......|
3|.........|
4|.........|
5|.........|
6|.........|
7|.........|
8|.........|
9|.........|
—│—————————│
Set/unset mine marks or claim a cell as free:> 7 5 mine

 │123456789│
—│—————————│
1|.........|
2|.2.......|
3|.........|
4|.........|
5|......*..|
6|.........|
7|.........|
8|.........|
9|.........|
—│—————————│
Set/unset mine marks or claim a cell as free:> 6 6 free

 │123456789│
—│—————————│
1|1.1//////|
2|1221/////|
3|/1.1/////|
4|/111/////|
5|/////////|
6|/////////|
7|/////////|
8|/////////|
9|/////////|
—│—————————│
Set/unset mine marks or claim a cell as free:> 2 1 free
You stepped on a mine and failed!

 │123456789│
—│—————————│
1|1X1//////|
2|1221/////|
3|/1X1/////|
4|/111/////|
5|/////////|
6|/////////|
7|/////////|
8|/////////|
9|/////////|
—│—————————│
?[1;31m
Start test 32?[0m
How many mines do you want on the field?> 2

 │123456789│
—│—————————│
1|.........|
2|.........|
3|.........|
4|.........|
5|.........|
6|.........|
7|.........|
8|.........|
9|.........|
—│—————————│
Set/unset mine marks or claim a cell as free:> 6 1 free

 │123456789│
—│—————————│
1|.....1...|
2|.........|
3|.........|
4|.........|
5|.........|
6|.........|
7|.........|
8|.........|
9|.........|
—│—————————│
Set/unset mine marks or claim a cell as free:> 3 9 mine

 │123456789│
—│—————————│
1|.....1...|
2|.........|
3|.........|
4|.........|
5|.........|
6|.........|
7|.........|
8|.........|
9|..*......|
—│—————————│
Set/unset mine marks or claim a cell as free:> 7 8 mine

 │123456789│
—│—————————│
1|.....1...|
2|.........|
3|.........|
4|.........|
5|.........|
6|.........|
7|.........|
8|......*..|
9|..*......|
—│—————————│
Set/unset mine marks or claim a cell as free:> 2 8 free

 │123456789│
—│—————————│
1|///1.1///|
2|///111///|
3|/////////|
4|/////////|
5|/////////|
6|/////////|
7|////111//|
8|////1.1//|
9|////111//|
—│—————————│
Set/unset mine marks or claim a cell as free:> 5 1 free
You stepped on a mine and failed!

 │123456789│
—│—————————│
1|///1X1///|
2|///111///|
3|/////////|
4|/////////|
5|/////////|
6|/////////|
7|////111//|
8|////1X1//|
9|////111//|
—│—————————│
?[1;31m
Start test 33?[0m
How many mines do you want on the field?> 2

 │123456789│
—│—————————│
1|.........|
2|.........|
3|.........|
4|.........|
5|.........|
6|.........|
7|.........|
8|.........|
9|.........|
—│—————————│
Set/unset mine marks or claim a cell as free:> 3 3 mine

 │123456789│
—│—————————│
1|.........|
2|.........|
3|..*......|
4|.........|
5|.........|
6|.........|
7|.........|
8|.........|
9|.........|
—│—————————│
Set/unset mine marks or claim a cell as free:> 3 3 mine

 │123456789│
—│—————————│
1|.........|
2|.........|
3|.........|
4|.........|
5|.........|
6|.........|
7|.........|
8|.........|
9|.........|
—│—————————│
Set/unset mine marks or claim a cell as free:> 9 3 mine

 │123456789│
—│—————————│
1|.........|
2|.........|
3|........*|
4|.........|
5|.........|
6|.........|
7|.........|
8|.........|
9|.........|
—│—————————│
Set/unset mine marks or claim a cell as free:> 9 3 mine

 │123456789│
—│—————————│
1|.........|
2|.........|
3|.........|
4|.........|
5|.........|
6|.........|
7|.........|
8|.........|
9|.........|
—│—————————│
Set/unset mine marks or claim a cell as free:> 5 9 free

 │123456789│
—│—————————│
1|//////1.1|
2|//////111|
3|//111////|
4|//1.1////|
5|//111////|
6|/////////|
7|/////////|
8|/////////|
9|/////////|
—│—————————│
Set/unset mine marks or claim a cell as free:> 4 4 mine

 │123456789│
—│—————————│
1|//////1.1|
2|//////111|
3|//111////|
4|//1*1////|
5|//111////|
6|/////////|
7|/////////|
8|/////////|
9|/////////|
—│—————————│
Set/unset mine marks or claim a cell as free:> 8 1 free
You stepped on a mine and failed!

 │123456789│
—│—————————│
1|//////1X1|
2|//////111|
3|//111////|
4|//1X1////|
5|//111////|
6|/////////|
7|/////////|
8|/////////|
9|/////////|
—│—————————│
?[1;31m
Start test 34?[0m
How many mines do you want on the field?> 2

 │123456789│
—│—————————│
1|.........|
2|.........|
3|.........|
4|.........|
5|.........|
6|.........|
7|.........|
8|.........|
9|.........|
—│—————————│
Set/unset mine marks or claim a cell as free:> 9 5 mine

 │123456789│
—│—————————│
1|.........|
2|.........|
3|.........|
4|.........|
5|........*|
6|.........|
7|.........|
8|.........|
9|.........|
—│—————————│
Set/unset mine marks or claim a cell as free:> 9 4 mine

 │123456789│
—│—————————│
1|.........|
2|.........|
3|.........|
4|........*|
5|........*|
6|.........|
7|.........|
8|.........|
9|.........|
—│—————————│
Set/unset mine marks or claim a cell as free:> 9 4 mine

 │123456789│
—│—————————│
1|.........|
2|.........|
3|.........|
4|.........|
5|........*|
6|.........|
7|.........|
8|.........|
9|.........|
—│—————————│
Set/unset mine marks or claim a cell as free:> 3 5 free

 │123456789│
—│—————————│
1|111//////|
2|1.21/////|
3|12.1/////|
4|/111/////|
5|/////////|
6|/////////|
7|/////////|
8|/////////|
9|/////////|
—│—————————│
Set/unset mine marks or claim a cell as free:> 2 2 free
You stepped on a mine and failed!

 │123456789│
—│—————————│
1|111//////|
2|1X21/////|
3|12X1/////|
4|/111/////|
5|/////////|
6|/////////|
7|/////////|
8|/////////|
9|/////////|
—│—————————│
?[1;31m
Start test 35?[0m
How many mines do you want on the field?> 2

 │123456789│
—│—————————│
1|.........|
2|.........|
3|.........|
4|.........|
5|.........|
6|.........|
7|.........|
8|.........|
9|.........|
—│—————————│
Set/unset mine marks or claim a cell as free:> 2 3 free

 │123456789│
—│—————————│
1|/////////|
2|/////////|
3|/////////|
4|/////////|
5|/////////|
6|//////111|
7|////112.1|
8|////1.211|
9|////111//|
—│—————————│
Set/unset mine marks or claim a cell as free:> 6 8 free
You stepped on a mine and failed!

 │123456789│
—│—————————│
1|/////////|
2|/////////|
3|/////////|
4|/////////|
5|/////////|
6|//////111|
7|////112X1|
8|////1X211|
9|////111//|
—│—————————│
?[1;31m
Start test 36?[0m
How many mines do you want on the field?> 2

 │123456789│
—│—————————│
1|.........|
2|.........|
3|.........|
4|.........|
5|.........|
6|.........|
7|.........|
8|.........|
9|.........|
—│—————————│
Set/unset mine marks or claim a cell as free:> 1 6 free

 │123456789│
—│—————————│
1|11///////|
2|.1///////|
3|11111////|
4|//1.1////|
5|//111////|
6|/////////|
7|/////////|
8|/////////|
9|/////////|
—│—————————│
Set/unset mine marks or claim a cell as free:> 4 4 free
You stepped on a mine and failed!

 │123456789│
—│—————————│
1|11///////|
2|X1///////|
3|11111////|
4|//1X1////|
5|//111////|
6|/////////|
7|/////////|
8|/////////|
9|/////////|
—│—————————│
?[1;31m
Start test 37?[0m
How many mines do you want on the field?> 2

 │123456789│
—│—————————│
1|.........|
2|.........|
3|.........|
4|.........|
5|.........|
6|.........|
7|.........|
8|.........|
9|.........|
—│—————————│
Set/unset mine marks or claim a cell as free:> 5 1 free

 │123456789│
—│—————————│
1|/////////|
2|/////////|
3|/////////|
4|11///////|
5|.1///////|
6|11///////|
7|/////111/|
8|/////1.1/|
9|/////111/|
—│—————————│
Set/unset mine marks or claim a cell as free:> 7 8 free
You stepped on a mine and failed!

 │123456789│
—│—————————│
1|/////////|
2|/////////|
3|/////////|
4|11///////|
5|X1///////|
6|11///////|
7|/////111/|
8|/////1X1/|
9|/////111/|
—│—————————│
?[1;31m
Start test 38?[0m
How many mines do you want on the field?> 2

 │123456789│
—│—————————│
1|.........|
2|.........|
3|.........|
4|.........|
5|.........|
6|.........|
7|.........|
8|.........|
9|.........|
—│—————————│
Set/unset mine marks or claim a cell as free:> 1 9 free

 │123456789│
—│—————————│
1|1.1//////|
2|111//////|
3|/////////|
4|/////////|
5|/////////|
6|/////////|
7|////111//|
8|////1.1//|
9|////111//|
—│—————————│
Set/unset mine marks or claim a cell as free:> 6 8 mine

 │123456789│
—│—————————│
1|1.1//////|
2|111//////|
3|/////////|
4|/////////|
5|/////////|
6|/////////|
7|////111//|
8|////1*1//|
9|////111//|
—│—————————│
Set/unset mine marks or claim a cell as free:> 2 1 mine

 │123456789│
—│—————————│
1|1*1//////|
2|111//////|
3|/////////|
4|/////////|
5|/////////|
6|/////////|
7|////111//|
8|////1*1//|
9|////111//|
—│—————————│
Congratulations! You found all the mines!
?[1;31m
Start test 39?[0m
How many mines do you want on the field?> 2

 │123456789│
—│—————————│
1|.........|
2|.........|
3|.........|
4|.........|
5|.........|
6|.........|
7|.........|
8|.........|
9|.........|
—│—————————│
Set/unset mine marks or claim a cell as free:> 1 8 free

 │123456789│
—│—————————│
1|/////////|
2|/////////|
3|///////11|
4|/111///1.|
5|/1.1///11|
6|/111/////|
7|/////////|
8|/////////|
9|/////////|
—│—————————│
Set/unset mine marks or claim a cell as free:> 3 5 free
You stepped on a mine and failed!

 │123456789│
—│—————————│
1|/////////|
2|/////////|
3|///////11|
4|/111///1X|
5|/1X1///11|
6|/111/////|
7|/////////|
8|/////////|
9|/////////|
—│—————————│
?[1;31m
Start test 40?[0m
How many mines do you want on the field?> 2

 │123456789│
—│—————————│
1|.........|
2|.........|
3|.........|
4|.........|
5|.........|
6|.........|
7|.........|
8|.........|
9|.........|
—│—————————│
Set/unset mine marks or claim a cell as free:> 9 3 free

 │123456789│
—│—————————│
1|/////////|
2|/////////|
3|111//////|
4|1.1///111|
5|111///1.1|
6|//////111|
7|/////////|
8|/////////|
9|/////////|
—│—————————│
Set/unset mine marks or claim a cell as free:> 2 4 mine

 │123456789│
—│—————————│
1|/////////|
2|/////////|
3|111//////|
4|1*1///111|
5|111///1.1|
6|//////111|
7|/////////|
8|/////////|
9|/////////|
—│—————————│
Set/unset mine marks or claim a cell as free:> 8 5 free
You stepped on a mine and failed!

 │123456789│
—│—————————│
1|/////////|
2|/////////|
3|111//////|
4|1X1///111|
5|111///1X1|
6|//////111|
7|/////////|
8|/////////|
9|/////////|
—│—————————│
?[1;31m
Start test 41?[0m
How many mines do you want on the field?> 3

 │123456789│
—│—————————│
1|.........|
2|.........|
3|.........|
4|.........|
5|.........|
6|.........|
7|.........|
8|.........|
9|.........|
—│—————————│
Set/unset mine marks or claim a cell as free:> 2 1 free

 │123456789│
—│—————————│
1|/////////|
2|////111//|
3|////1.1//|
4|/111111//|
5|/1.1///11|
6|/111///1.|
7|///////11|
8|/////////|
9|/////////|
—│—————————│
Set/unset mine marks or claim a cell as free:> 3 5 free
You stepped on a mine and failed!

 │123456789│
—│—————————│
1|/////////|
2|////111//|
3|////1X1//|
4|/111111//|
5|/1X1///11|
6|/111///1X|
7|///////11|
8|/////////|
9|/////////|
—│—————————│
?[1;31m
Start test 42?[0m
How many mines do you want on the field?> 3

 │123456789│
—│—————————│
1|.........|
2|.........|
3|.........|
4|.........|
5|.........|
6|.........|
7|.........|
8|.........|
9|.........|
—│—————————│
Set/unset mine marks or claim a cell as free:> 5 9 free

 │123456789│
—│—————————│
1|////1221/|
2|////1..1/|
3|////1221/|
4|/////////|
5|////111//|
6|////1.1//|
7|////111//|
8|/////////|
9|/////////|
—│—————————│
Set/unset mine marks or claim a cell as free:> 6 2 mine

 │123456789│
—│—————————│
1|////1221/|
2|////1*.1/|
3|////1221/|
4|/////////|
5|////111//|
6|////1.1//|
7|////111//|
8|/////////|
9|/////////|
—│—————————│
Set/unset mine marks or claim a cell as free:> 6 2 mine

 │123456789│
—│—————————│
1|////1221/|
2|////1..1/|
3|////1221/|
4|/////////|
5|////111//|
6|////1.1//|
7|////111//|
8|/////////|
9|/////////|
—│—————————│
Set/unset mine marks or claim a cell as free:> 7 2 free
You stepped on a mine and failed!

 │123456789│
—│—————————│
1|////1221/|
2|////1XX1/|
3|////1221/|
4|/////////|
5|////111//|
6|////1X1//|
7|////111//|
8|/////////|
9|/////////|
—│—————————│
?[1;31m
Start test 43?[0m
How many mines do you want on the field?> 3

 │123456789│
—│—————————│
1|.........|
2|.........|
3|.........|
4|.........|
5|.........|
6|.........|
7|.........|
8|.........|
9|.........|
—│—————————│
Set/unset mine marks or claim a cell as free:> 7 3 mine

 │123456789│
—│—————————│
1|.........|
2|.........|
3|......*..|
4|.........|
5|.........|
6|.........|
7|.........|
8|.........|
9|.........|
—│—————————│
Set/unset mine marks or claim a cell as free:> 8 3 free

 │123456789│
—│—————————│
1|.........|
2|.........|
3|......*1.|
4|.........|
5|.........|
6|.........|
7|.........|
8|.........|
9|.........|
—│—————————│
Set/unset mine marks or claim a cell as free:> 7 3 mine

 │123456789│
—│—————————│
1|.........|
2|.........|
3|.......1.|
4|.........|
5|.........|
6|.........|
7|.........|
8|.........|
9|.........|
—│—————————│
Set/unset mine marks or claim a cell as free:> 9 2 free

 │123456789│
—│—————————│
1|.........|
2|........1|
3|.......1.|
4|.........|
5|.........|
6|.........|
7|.........|
8|.........|
9|.........|
—│—————————│
Set/unset mine marks or claim a cell as free:> 7 5 free
You stepped on a mine and failed!

 │123456789│
—│—————————│
1|.........|
2|........1|
3|.......1X|
4|.........|
5|......X..|
6|.......X.|
7|.........|
8|.........|
9|.........|
—│—————————│
?[1;31m
Start test 44?[0m
How many mines do you want on the field?> 3

 │123456789│
—│—————————│
1|.........|
2|.........|
3|.........|
4|.........|
5|.........|
6|.........|
7|.........|
8|.........|
9|.........|
—│—————————│
Set/unset mine marks or claim a cell as free:> 3 5 free

 │123456789│
—│—————————│
1|/1..1/111|
2|/1221/1.1|
3|//////111|
4|/////////|
5|/////////|
6|/////////|
7|/////////|
8|/////////|
9|/////////|
—│—————————│
Set/unset mine marks or claim a cell as free:> 8 2 free
You stepped on a mine and failed!

 │123456789│
—│—————————│
1|/1XX1/111|
2|/1221/1X1|
3|//////111|
4|/////////|
5|/////////|
6|/////////|
7|/////////|
8|/////////|
9|/////////|
—│—————————│
?[1;31m
Start test 45?[0m
How many mines do you want on the field?> 3

 │123456789│
—│—————————│
1|.........|
2|.........|
3|.........|
4|.........|
5|.........|
6|.........|
7|.........|
8|.........|
9|.........|
—│—————————│
Set/unset mine marks or claim a cell as free:> 4 4 free

 │123456789│
—│—————————│
1|221//////|
2|..1//////|
3|221///111|
4|//////1.1|
5|//////111|
6|/////////|
7|/////////|
8|/////////|
9|/////////|
—│—————————│
Set/unset mine marks or claim a cell as free:> 8 4 free
You stepped on a mine and failed!

 │123456789│
—│—————————│
1|221//////|
2|XX1//////|
3|221///111|
4|//////1X1|
5|//////111|
6|/////////|
7|/////////|
8|/////////|
9|/////////|
—│—————————│
?[1;31m
Start test 46?[0m
How many mines do you want on the field?> 3

 │123456789│
—│—————————│
1|.........|
2|.........|
3|.........|
4|.........|
5|.........|
6|.........|
7|.........|
8|.........|
9|.........|
—│—————————│
Set/unset mine marks or claim a cell as free:> 5 2 mine

 │123456789│
—│—————————│
1|.........|
2|....*....|
3|.........|
4|.........|
5|.........|
6|.........|
7|.........|
8|.........|
9|.........|
—│—————————│
Set/unset mine marks or claim a cell as free:> 8 1 free

 │123456789│
—│—————————│
1|/////////|
2|/111/////|
3|/1.1/////|
4|/11211///|
5|///1.1///|
6|///111///|
7|11///////|
8|.1///////|
9|11///////|
—│—————————│
Set/unset mine marks or claim a cell as free:> 1 8 free
You stepped on a mine and failed!

 │123456789│
—│—————————│
1|/////////|
2|/111/////|
3|/1X1/////|
4|/11211///|
5|///1X1///|
6|///111///|
7|11///////|
8|X1///////|
9|11///////|
—│—————————│
?[1;31m
Start test 47?[0m
How many mines do you want on the field?> 3

 │123456789│
—│—————————│
1|.........|
2|.........|
3|.........|
4|.........|
5|.........|
6|.........|
7|.........|
8|.........|
9|.........|
—│—————————│
Set/unset mine marks or claim a cell as free:> 7 6 mine

 │123456789│
—│—————————│
1|.........|
2|.........|
3|.........|
4|.........|
5|.........|
6|......*..|
7|.........|
8|.........|
9|.........|
—│—————————│
Set/unset mine marks or claim a cell as free:> 6 7 free

 │123456789│
—│—————————│
1|////1.1//|
2|////111//|
3|/////////|
4|/////////|
5|/////////|
6|/////////|
7|//111////|
8|//1.1111/|
9|//1111.1/|
—│—————————│
Set/unset mine marks or claim a cell as free:> 4 8 mine

 │123456789│
—│—————————│
1|////1.1//|
2|////111//|
3|/////////|
4|/////////|
5|/////////|
6|/////////|
7|//111////|
8|//1*1111/|
9|//1111.1/|
—│—————————│
Set/unset mine marks or claim a cell as free:> 7 9 mine

 │123456789│
—│—————————│
1|////1.1//|
2|////111//|
3|/////////|
4|/////////|
5|/////////|
6|/////////|
7|//111////|
8|//1*1111/|
9|//1111*1/|
—│—————————│
Set/unset mine marks or claim a cell as free:> 6 1 mine

 │123456789│
—│—————————│
1|////1*1//|
2|////111//|
3|/////////|
4|/////////|
5|/////////|
6|/////////|
7|//111////|
8|//1*1111/|
9|//1111*1/|
—│—————————│
Congratulations! You found all the mines!
?[1;31m
Start test 48?[0m
How many mines do you want on the field?> 3

 │123456789│
—│—————————│
1|.........|
2|.........|
3|.........|
4|.........|
5|.........|
6|.........|
7|.........|
8|.........|
9|.........|
—│—————————│
Set/unset mine marks or claim a cell as free:> 5 7 mine

 │123456789│
—│—————————│
1|.........|
2|.........|
3|.........|
4|.........|
5|.........|
6|.........|
7|....*....|
8|.........|
9|.........|
—│—————————│
Set/unset mine marks or claim a cell as free:> 8 1 free

 │123456789│
—│—————————│
1|////1.1//|
2|////111//|
3|//////111|
4|//////1.1|
5|///111111|
6|///1.1///|
7|///111///|
8|/////////|
9|/////////|
—│—————————│
Set/unset mine marks or claim a cell as free:> 5 6 free
You stepped on a mine and failed!

 │123456789│
—│—————————│
1|////1X1//|
2|////111//|
3|//////111|
4|//////1X1|
5|///111111|
6|///1X1///|
7|///111///|
8|/////////|
9|/////////|
—│—————————│
?[1;31m
Start test 49?[0m
How many mines do you want on the field?> 3

 │123456789│
—│—————————│
1|.........|
2|.........|
3|.........|
4|.........|
5|.........|
6|.........|
7|.........|
8|.........|
9|.........|
—│—————————│
Set/unset mine marks or claim a cell as free:> 5 8 free

 │123456789│
—│—————————│
1|/////1121|
2|/////2.3.|
3|/////2.31|
4|/////111/|
5|/////////|
6|/////////|
7|/////////|
8|/////////|
9|/////////|
—│—————————│
Set/unset mine marks or claim a cell as free:> 9 2 free
You stepped on a mine and failed!

 │123456789│
—│—————————│
1|/////1121|
2|/////2X3X|
3|/////2X31|
4|/////111/|
5|/////////|
6|/////////|
7|/////////|
8|/////////|
9|/////////|
—│—————————│
?[1;31m
Start test 50?[0m
How many mines do you want on the field?> 3

 │123456789│
—│—————————│
1|.........|
2|.........|
3|.........|
4|.........|
5|.........|
6|.........|
7|.........|
8|.........|
9|.........|
—│—————————│
Set/unset mine marks or claim a cell as free:> 8 4 free

 │123456789│
—│—————————│
1|//////111|
2|//////1.1|
3|//////111|
4|111//////|
5|1.1////11|
6|111////1.|
7|///////11|
8|/////////|
9|/////////|
—│—————————│
Set/unset mine marks or claim a cell as free:> 8 2 free
You stepped on a mine and failed!

 │123456789│
—│—————————│
1|//////111|
2|//////1X1|
3|//////111|
4|111//////|
5|1X1////11|
6|111////1X|
7|///////11|
8|/////////|
9|/////////|
—│—————————│
?[1;31m
Start test 51?[0m
How many mines do you want on the field?> 3

 │123456789│
—│—————————│
1|.........|
2|.........|
3|.........|
4|.........|
5|.........|
6|.........|
7|.........|
8|.........|
9|.........|
—│—————————│
Set/unset mine marks or claim a cell as free:> 2 4 mine

 │123456789│
—│—————————│
1|.........|
2|.........|
3|.........|
4|.*.......|
5|.........|
6|.........|
7|.........|
8|.........|
9|.........|
—│—————————│
Set/unset mine marks or claim a cell as free:> 1 8 free

 │123456789│
—│—————————│
1|/////////|
2|/////////|
3|/////////|
4|///111///|
5|///1.1///|
6|///111///|
7|//////111|
8|//111/1.1|
9|//1.1/111|
—│—————————│
Set/unset mine marks or claim a cell as free:> 5 5 free
You stepped on a mine and failed!

 │123456789│
—│—————————│
1|/////////|
2|/////////|
3|/////////|
4|///111///|
5|///1X1///|
6|///111///|
7|//////111|
8|//111/1X1|
9|//1X1/111|
—│—————————│
?[1;31m
Start test 52?[0m
How many mines do you want on the field?> 3

 │123456789│
—│—————————│
1|.........|
2|.........|
3|.........|
4|.........|
5|.........|
6|.........|
7|.........|
8|.........|
9|.........|
—│—————————│
Set/unset mine marks or claim a cell as free:> 8 8 free

 │123456789│
—│—————————│
1|/1.1/////|
2|/111/////|
3|//////111|
4|/////12.1|
5|/////1.21|
6|/////111/|
7|/////////|
8|/////////|
9|/////////|
—│—————————│
Set/unset mine marks or claim a cell as free:> 8 4 mine

 │123456789│
—│—————————│
1|/1.1/////|
2|/111/////|
3|//////111|
4|/////12*1|
5|/////1.21|
6|/////111/|
7|/////////|
8|/////////|
9|/////////|
—│—————————│
Set/unset mine marks or claim a cell as free:> 7 5 mine

 │123456789│
—│—————————│
1|/1.1/////|
2|/111/////|
3|//////111|
4|/////12*1|
5|/////1*21|
6|/////111/|
7|/////////|
8|/////////|
9|/////////|
—│—————————│
Set/unset mine marks or claim a cell as free:> 3 1 free
You stepped on a mine and failed!

 │123456789│
—│—————————│
1|/1X1/////|
2|/111/////|
3|//////111|
4|/////12X1|
5|/////1X21|
6|/////111/|
7|/////////|
8|/////////|
9|/////////|
—│—————————│
?[1;31m
Start test 53?[0m
How many mines do you want on the field?> 3

 │123456789│
—│—————————│
1|.........|
2|.........|
3|.........|
4|.........|
5|.........|
6|.........|
7|.........|
8|.........|
9|.........|
—│—————————│
Set/unset mine marks or claim a cell as free:> 2 3 mine

 │123456789│
—│—————————│
1|.........|
2|.........|
3|.*.......|
4|.........|
5|.........|
6|.........|
7|.........|
8|.........|
9|.........|
—│—————————│
Set/unset mine marks or claim a cell as free:> 2 3 mine

 │123456789│
—│—————————│
1|.........|
2|.........|
3|.........|
4|.........|
5|.........|
6|.........|
7|.........|
8|.........|
9|.........|
—│—————————│
Set/unset mine marks or claim a cell as free:> 1 5 free

 │123456789│
—│—————————│
1|////1.1//|
2|////111//|
3|/////////|
4|/111/////|
5|/1.1/////|
6|/111/////|
7|///111///|
8|///1.1///|
9|///111///|
—│—————————│
Set/unset mine marks or claim a cell as free:> 3 5 free
You stepped on a mine and failed!

 │123456789│
—│—————————│
1|////1X1//|
2|////111//|
3|/////////|
4|/111/////|
5|/1X1/////|
6|/111/////|
7|///111///|
8|///1X1///|
9|///111///|
—│—————————│
?[1;31m
Start test 54?[0m
How many mines do you want on the field?> 3

 │123456789│
—│—————————│
1|.........|
2|.........|
3|.........|
4|.........|
5|.........|
6|.........|
7|.........|
8|.........|
9|.........|
—│—————————│
Set/unset mine marks or claim a cell as free:> 5 3 free

 │123456789│
—│—————————│
1|/////1.1/|
2|/////111/|
3|/////////|
4|/////////|
5|/////////|
6|/////////|
7|/////////|
8|111///111|
9|1.1///1.1|
—│—————————│
Set/unset mine marks or claim a cell as free:> 7 1 mine

 │123456789│
—│—————————│
1|/////1*1/|
2|/////111/|
3|/////////|
4|/////////|
5|/////////|
6|/////////|
7|/////////|
8|111///111|
9|1.1///1.1|
—│—————————│
Set/unset mine marks or claim a cell as free:> 7 1 mine

 │123456789│
—│—————————│
1|/////1.1/|
2|/////111/|
3|/////////|
4|/////////|
5|/////////|
6|/////////|
7|/////////|
8|111///111|
9|1.1///1.1|
—│—————————│
Set/unset mine marks or claim a cell as free:> 2 9 free
You stepped on a mine and failed!

 │123456789│
—│—————————│
1|/////1X1/|
2|/////111/|
3|/////////|
4|/////////|
5|/////////|
6|/////////|
7|/////////|
8|111///111|
9|1X1///1X1|
—│—————————│
?[1;31m
Start test 55?[0m
How many mines do you want on the field?> 3

 │123456789│
—│—————————│
1|.........|
2|.........|
3|.........|
4|.........|
5|.........|
6|.........|
7|.........|
8|.........|
9|.........|
—│—————————│
Set/unset mine marks or claim a cell as free:> 5 1 free

 │123456789│
—│—————————│
1|....1....|
2|.........|
3|.........|
4|.........|
5|.........|
6|.........|
7|.........|
8|.........|
9|.........|
—│—————————│
Set/unset mine marks or claim a cell as free:> 8 5 mine

 │123456789│
—│—————————│
1|....1....|
2|.........|
3|.........|
4|.........|
5|.......*.|
6|.........|
7|.........|
8|.........|
9|.........|
—│—————————│
Set/unset mine marks or claim a cell as free:> 8 5 mine

 │123456789│
—│—————————│
1|....1....|
2|.........|
3|.........|
4|.........|
5|.........|
6|.........|
7|.........|
8|.........|
9|.........|
—│—————————│
Set/unset mine marks or claim a cell as free:> 8 3 mine

 │123456789│
—│—————————│
1|....1....|
2|.........|
3|.......*.|
4|.........|
5|.........|
6|.........|
7|.........|
8|.........|
9|.........|
—│—————————│
Set/unset mine marks or claim a cell as free:> 8 3 mine

 │123456789│
—│—————————│
1|....1....|
2|.........|
3|.........|
4|.........|
5|.........|
6|.........|
7|.........|
8|.........|
9|.........|
—│—————————│
Set/unset mine marks or claim a cell as free:> 2 9 free

 │123456789│
—│—————————│
1|//111////|
2|//1.1////|
3|//111//11|
4|///////1.|
5|///////11|
6|/////////|
7|/////////|
8|///////11|
9|///////1.|
—│—————————│
Set/unset mine marks or claim a cell as free:> 4 2 mine

 │123456789│
—│—————————│
1|//111////|
2|//1*1////|
3|//111//11|
4|///////1.|
5|///////11|
6|/////////|
7|/////////|
8|///////11|
9|///////1.|
—│—————————│
Set/unset mine marks or claim a cell as free:> 9 9 mine

 │123456789│
—│—————————│
1|//111////|
2|//1*1////|
3|//111//11|
4|///////1.|
5|///////11|
6|/////////|
7|/////////|
8|///////11|
9|///////1*|
—│—————————│
Set/unset mine marks or claim a cell as free:> 9 4 free
You stepped on a mine and failed!

 │123456789│
—│—————————│
1|//111////|
2|//1X1////|
3|//111//11|
4|///////1X|
5|///////11|
6|/////////|
7|/////////|
8|///////11|
9|///////1X|
—│—————————│
?[1;31m
Start test 56?[0m
How many mines do you want on the field?> 3

 │123456789│
—│—————————│
1|.........|
2|.........|
3|.........|
4|.........|
5|.........|
6|.........|
7|.........|
8|.........|
9|.........|
—│—————————│
Set/unset mine marks or claim a cell as free:> 9 8 mine

 │123456789│
—│—————————│
1|.........|
2|.........|
3|.........|
4|.........|
5|.........|
6|.........|
7|.........|
8|........*|
9|.........|
—│—————————│
Set/unset mine marks or claim a cell as free:> 2 1 free

 │123456789│
—│—————————│
1|/////////|
2|/////////|
3|/////////|
4|/////////|
5|/////////|
6|11////111|
7|.1////1.1|
8|11//11211|
9|////1.1//|
—│—————————│
Set/unset mine marks or claim a cell as free:> 6 9 free
You stepped on a mine and failed!

 │123456789│
—│—————————│
1|/////////|
2|/////////|
3|/////////|
4|/////////|
5|/////////|
6|11////111|
7|X1////1X1|
8|11//11211|
9|////1X1//|
—│—————————│
?[1;31m
Start test 57?[0m
How many mines do you want on the field?> 3

 │123456789│
—│—————————│
1|.........|
2|.........|
3|.........|
4|.........|
5|.........|
6|.........|
7|.........|
8|.........|
9|.........|
—│—————————│
Set/unset mine marks or claim a cell as free:> 1 3 mine

 │123456789│
—│—————————│
1|.........|
2|.........|
3|*........|
4|.........|
5|.........|
6|.........|
7|.........|
8|.........|
9|.........|
—│—————————│
Set/unset mine marks or claim a cell as free:> 4 9 free

 │123456789│
—│—————————│
1|1.1//1221|
2|111//1..1|
3|/////1221|
4|/////////|
5|/////////|
6|/////////|
7|/////////|
8|/////////|
9|/////////|
—│—————————│
Set/unset mine marks or claim a cell as free:> 2 1 mine

 │123456789│
—│—————————│
1|1*1//1221|
2|111//1..1|
3|/////1221|
4|/////////|
5|/////////|
6|/////////|
7|/////////|
8|/////////|
9|/////////|
—│—————————│
Set/unset mine marks or claim a cell as free:> 7 2 free
You stepped on a mine and failed!

 │123456789│
—│—————————│
1|1X1//1221|
2|111//1XX1|
3|/////1221|
4|/////////|
5|/////////|
6|/////////|
7|/////////|
8|/////////|
9|/////////|
—│—————————│
?[1;31m
Start test 58?[0m
How many mines do you want on the field?> 3

 │123456789│
—│—————————│
1|.........|
2|.........|
3|.........|
4|.........|
5|.........|
6|.........|
7|.........|
8|.........|
9|.........|
—│—————————│
Set/unset mine marks or claim a cell as free:> 5 9 free

 │123456789│
—│—————————│
1|/////1.1/|
2|//111111/|
3|//1.1////|
4|//111////|
5|/////////|
6|/////////|
7|/////////|
8|11///////|
9|.1///////|
—│—————————│
Set/unset mine marks or claim a cell as free:> 7 1 free
You stepped on a mine and failed!

 │123456789│
—│—————————│
1|/////1X1/|
2|//111111/|
3|//1X1////|
4|//111////|
5|/////////|
6|/////////|
7|/////////|
8|11///////|
9|X1///////|
—│—————————│
?[1;31m
Start test 59?[0m
How many mines do you want on the field?> 3

 │123456789│
—│—————————│
1|.........|
2|.........|
3|.........|
4|.........|
5|.........|
6|.........|
7|.........|
8|.........|
9|.........|
—│—————————│
Set/unset mine marks or claim a cell as free:> 8 1 free

 │123456789│
—│—————————│
1|//1.1////|
2|//111////|
3|/////////|
4|/////////|
5|///111///|
6|///1.1///|
7|///111///|
8|///////11|
9|///////1.|
—│—————————│
Set/unset mine marks or claim a cell as free:> 5 6 free
You stepped on a mine and failed!

 │123456789│
—│—————————│
1|//1X1////|
2|//111////|
3|/////////|
4|/////////|
5|///111///|
6|///1X1///|
7|///111///|
8|///////11|
9|///////1X|
—│—————————│
?[1;31m
Start test 60?[0m
How many mines do you want on the field?> 3

 │123456789│
—│—————————│
1|.........|
2|.........|
3|.........|
4|.........|
5|.........|
6|.........|
7|.........|
8|.........|
9|.........|
—│—————————│
Set/unset mine marks or claim a cell as free:> 6 3 free

 │123456789│
—│—————————│
1|/1.1/////|
2|/222/////|
3|/1.1/////|
4|/111/////|
5|/////////|
6|//111////|
7|//1.1////|
8|//111////|
9|/////////|
—│—————————│
Set/unset mine marks or claim a cell as free:> 3 3 free
You stepped on a mine and failed!

 │123456789│
—│—————————│
1|/1X1/////|
2|/222/////|
3|/1X1/////|
4|/111/////|
5|/////////|
6|//111////|
7|//1X1////|
8|//111////|
9|/////////|
—│—————————│
?[1;31m
Start test 61?[0m
How many mines do you want on the field?> 4

 │123456789│
—│—————————│
1|.........|
2|.........|
3|.........|
4|.........|
5|.........|
6|.........|
7|.........|
8|.........|
9|.........|
—│—————————│
Set/unset mine marks or claim a cell as free:> 6 4 free

 │123456789│
—│—————————│
1|.........|
2|.........|
3|.........|
4|.....1...|
5|.........|
6|.........|
7|.........|
8|.........|
9|.........|
—│—————————│
Set/unset mine marks or claim a cell as free:> 4 1 free

 │123456789│
—│—————————│
1|111////1.|
2|1.1111/11|
3|1111.1///|
4|///111///|
5|/////////|
6|/////////|
7|/////////|
8|11///////|
9|.1///////|
—│—————————│
Set/unset mine marks or claim a cell as free:> 1 9 free
You stepped on a mine and failed!

 │123456789│
—│—————————│
1|111////1X|
2|1X1111/11|
3|1111X1///|
4|///111///|
5|/////////|
6|/////////|
7|/////////|
8|11///////|
9|X1///////|
—│—————————│
?[1;31m
Start test 62?[0m
How many mines do you want on the field?> 4

 │123456789│
—│—————————│
1|.........|
2|.........|
3|.........|
4|.........|
5|.........|
6|.........|
7|.........|
8|.........|
9|.........|
—│—————————│
Set/unset mine marks or claim a cell as free:> 8 4 free

 │123456789│
—│—————————│
1|/////////|
2|/////////|
3|/////////|
4|/////////|
5|/////////|
6|111//////|
7|1.1//////|
8|332111///|
9|..11.1///|
—│—————————│
Set/unset mine marks or claim a cell as free:> 1 9 mine

 │123456789│
—│—————————│
1|/////////|
2|/////////|
3|/////////|
4|/////////|
5|/////////|
6|111//////|
7|1.1//////|
8|332111///|
9|*.11.1///|
—│—————————│
Set/unset mine marks or claim a cell as free:> 2 7 free
You stepped on a mine and failed!

 │123456789│
—│—————————│
1|/////////|
2|/////////|
3|/////////|
4|/////////|
5|/////////|
6|111//////|
7|1X1//////|
8|332111///|
9|XX11X1///|
—│—————————│
?[1;31m
Start test 63?[0m
How many mines do you want on the field?> 4

 │123456789│
—│—————————│
1|.........|
2|.........|
3|.........|
4|.........|
5|.........|
6|.........|
7|.........|
8|.........|
9|.........|
—│—————————│
Set/unset mine marks or claim a cell as free:> 6 7 free

 │123456789│
—│—————————│
1|.........|
2|.........|
3|.........|
4|.........|
5|.........|
6|.........|
7|.....1...|
8|.........|
9|.........|
—│—————————│
Set/unset mine marks or claim a cell as free:> 6 2 free
You stepped on a mine and failed!

 │123456789│
—│—————————│
1|...X.....|
2|.....X...|
3|.........|
4|.........|
5|.........|
6|.........|
7|...X.1...|
8|.....X...|
9|.........|
—│—————————│
?[1;31m
Start test 64?[0m
How many mines do you want on the field?> 4

 │123456789│
—│—————————│
1|.........|
2|.........|
3|.........|
4|.........|
5|.........|
6|.........|
7|.........|
8|.........|
9|.........|
—│—————————│
Set/unset mine marks or claim a cell as free:> 1 1 free

 │123456789│
—│—————————│
1|/////////|
2|////111//|
3|////1.211|
4|////112.1|
5|//////111|
6|///////11|
7|////1111.|
8|////1.111|
9|////111//|
—│—————————│
Set/unset mine marks or claim a cell as free:> 6 3 free
You stepped on a mine and failed!

 │123456789│
—│—————————│
1|/////////|
2|////111//|
3|////1X211|
4|////112X1|
5|//////111|
6|///////11|
7|////1111X|
8|////1X111|
9|////111//|
—│—————————│
?[1;31m
Start test 65?[0m
How many mines do you want on the field?> 4

 │123456789│
—│—————————│
1|.........|
2|.........|
3|.........|
4|.........|
5|.........|
6|.........|
7|.........|
8|.........|
9|.........|
—│—————————│
Set/unset mine marks or claim a cell as free:> 8 6 mine

 │123456789│
—│—————————│
1|.........|
2|.........|
3|.........|
4|.........|
5|.........|
6|.......*.|
7|.........|
8|.........|
9|.........|
—│—————————│
Set/unset mine marks or claim a cell as free:> 2 6 free

 │123456789│
—│—————————│
1|.........|
2|.........|
3|.........|
4|.........|
5|.........|
6|.1.....*.|
7|.........|
8|.........|
9|.........|
—│—————————│
Set/unset mine marks or claim a cell as free:> 7 9 mine

 │123456789│
—│—————————│
1|.........|
2|.........|
3|.........|
4|.........|
5|.........|
6|.1.....*.|
7|.........|
8|.........|
9|......*..|
—│—————————│
Set/unset mine marks or claim a cell as free:> 7 3 free

 │123456789│
—│—————————│
1|.........|
2|.........|
3|......2..|
4|.........|
5|.........|
6|.1.....*.|
7|.........|
8|.........|
9|......*..|
—│—————————│
Set/unset mine marks or claim a cell as free:> 4 8 mine

 │123456789│
—│—————————│
1|.........|
2|.........|
3|......2..|
4|.........|
5|.........|
6|.1.....*.|
7|.........|
8|...*.....|
9|......*..|
—│—————————│
Set/unset mine marks or claim a cell as free:> 2 2 mine

 │123456789│
—│—————————│
1|.........|
2|.*.......|
3|......2..|
4|.........|
5|.........|
6|.1.....*.|
7|.........|
8|...*.....|
9|......*..|
—│—————————│
Set/unset mine marks or claim a cell as free:> 7 9 mine

 │123456789│
—│—————————│
1|.........|
2|.*.......|
3|......2..|
4|.........|
5|.........|
6|.1.....*.|
7|.........|
8|...*.....|
9|.........|
—│—————————│
Set/unset mine marks or claim a cell as free:> 1 2 free

 │123456789│
—│—————————│
1|.........|
2|1*.......|
3|......2..|
4|.........|
5|.........|
6|.1.....*.|
7|.........|
8|...*.....|
9|.........|
—│—————————│
Set/unset mine marks or claim a cell as free:> 5 9 free

 │123456789│
—│—————————│
1|/////////|
2|111//////|
3|1.1/11211|
4|111/1.2.1|
5|11//11211|
6|.1///////|
7|11///////|
8|/////////|
9|/////////|
—│—————————│
Set/unset mine marks or claim a cell as free:> 1 6 free
You stepped on a mine and failed!

 │123456789│
—│—————————│
1|/////////|
2|111//////|
3|1X1/11211|
4|111/1X2X1|
5|11//11211|
6|X1///////|
7|11///////|
8|/////////|
9|/////////|
—│—————————│
?[1;31m
Start test 66?[0m
How many mines do you want on the field?> 4

 │123456789│
—│—————————│
1|.........|
2|.........|
3|.........|
4|.........|
5|.........|
6|.........|
7|.........|
8|.........|
9|.........|
—│—————————│
Set/unset mine marks or claim a cell as free:> 7 6 mine

 │123456789│
—│—————————│
1|.........|
2|.........|
3|.........|
4|.........|
5|.........|
6|......*..|
7|.........|
8|.........|
9|.........|
—│—————————│
Set/unset mine marks or claim a cell as free:> 5 8 free

 │123456789│
—│—————————│
1|/1.11.1//|
2|/111111//|
3|/////////|
4|/////////|
5|111//////|
6|1.1//////|
7|111//////|
8|/////111/|
9|/////1.1/|
—│—————————│
Set/unset mine marks or claim a cell as free:> 2 6 free
You stepped on a mine and failed!

 │123456789│
—│—————————│
1|/1X11X1//|
2|/111111//|
3|/////////|
4|/////////|
5|111//////|
6|1X1//////|
7|111//////|
8|/////111/|
9|/////1X1/|
—│—————————│
?[1;31m
Start test 67?[0m
How many mines do you want on the field?> 4

 │123456789│
—│—————————│
1|.........|
2|.........|
3|.........|
4|.........|
5|.........|
6|.........|
7|.........|
8|.........|
9|.........|
—│—————————│
Set/unset mine marks or claim a cell as free:> 4 8 mine

 │123456789│
—│—————————│
1|.........|
2|.........|
3|.........|
4|.........|
5|.........|
6|.........|
7|.........|
8|...*.....|
9|.........|
—│—————————│
Set/unset mine marks or claim a cell as free:> 7 8 free

 │123456789│
—│—————————│
1|/////////|
2|//111////|
3|111.1////|
4|.2211111/|
5|2.1//1.1/|
6|111//111/|
7|/////////|
8|/////////|
9|/////////|
—│—————————│
Set/unset mine marks or claim a cell as free:> 4 3 mine

 │123456789│
—│—————————│
1|/////////|
2|//111////|
3|111*1////|
4|.2211111/|
5|2.1//1.1/|
6|111//111/|
7|/////////|
8|/////////|
9|/////////|
—│—————————│
Set/unset mine marks or claim a cell as free:> 2 5 free
You stepped on a mine and failed!

 │123456789│
—│—————————│
1|/////////|
2|//111////|
3|111X1////|
4|X2211111/|
5|2X1//1X1/|
6|111//111/|
7|/////////|
8|/////////|
9|/////////|
—│—————————│
?[1;31m
Start test 68?[0m
How many mines do you want on the field?> 4

 │123456789│
—│—————————│
1|.........|
2|.........|
3|.........|
4|.........|
5|.........|
6|.........|
7|.........|
8|.........|
9|.........|
—│—————————│
Set/unset mine marks or claim a cell as free:> 9 4 free

 │123456789│
—│—————————│
1|/////111/|
2|/////1.1/|
3|///11211/|
4|///2.2///|
5|///2.2///|
6|///111///|
7|11///////|
8|.1///////|
9|11///////|
—│—————————│
Set/unset mine marks or claim a cell as free:> 7 2 free
You stepped on a mine and failed!

 │123456789│
—│—————————│
1|/////111/|
2|/////1X1/|
3|///11211/|
4|///2X2///|
5|///2X2///|
6|///111///|
7|11///////|
8|X1///////|
9|11///////|
—│—————————│
?[1;31m
Start test 69?[0m
How many mines do you want on the field?> 4

 │123456789│
—│—————————│
1|.........|
2|.........|
3|.........|
4|.........|
5|.........|
6|.........|
7|.........|
8|.........|
9|.........|
—│—————————│
Set/unset mine marks or claim a cell as free:> 9 5 mine

 │123456789│
—│—————————│
1|.........|
2|.........|
3|.........|
4|.........|
5|........*|
6|.........|
7|.........|
8|.........|
9|.........|
—│—————————│
Set/unset mine marks or claim a cell as free:> 3 6 free

 │123456789│
—│—————————│
1|/////////|
2|111///111|
3|1.1///1.1|
4|111///222|
5|//////1.1|
6|///111111|
7|///1.1///|
8|///111///|
9|/////////|
—│—————————│
Set/unset mine marks or claim a cell as free:> 5 7 free
You stepped on a mine and failed!

 │123456789│
—│—————————│
1|/////////|
2|111///111|
3|1X1///1X1|
4|111///222|
5|//////1X1|
6|///111111|
7|///1X1///|
8|///111///|
9|/////////|
—│—————————│
?[1;31m
Start test 70?[0m
How many mines do you want on the field?> 4

 │123456789│
—│—————————│
1|.........|
2|.........|
3|.........|
4|.........|
5|.........|
6|.........|
7|.........|
8|.........|
9|.........|
—│—————————│
Set/unset mine marks or claim a cell as free:> 2 8 mine

 │123456789│
—│—————————│
1|.........|
2|.........|
3|.........|
4|.........|
5|.........|
6|.........|
7|.........|
8|.*.......|
9|.........|
—│—————————│
Set/unset mine marks or claim a cell as free:> 6 3 free

 │123456789│
—│—————————│
1|///1..211|
2|///1222.1|
3|//////111|
4|//////111|
5|//////1.1|
6|//////111|
7|/////////|
8|/////////|
9|/////////|
—│—————————│
Set/unset mine marks or claim a cell as free:> 8 2 mine

 │123456789│
—│—————————│
1|///1..211|
2|///1222*1|
3|//////111|
4|//////111|
5|//////1.1|
6|//////111|
7|/////////|
8|/////////|
9|/////////|
—│—————————│
Set/unset mine marks or claim a cell as free:> 8 5 free
You stepped on a mine and failed!

 │123456789│
—│—————————│
1|///1XX211|
2|///1222X1|
3|//////111|
4|//////111|
5|//////1X1|
6|//////111|
7|/////////|
8|/////////|
9|/////////|
—│—————————│
?[1;31m
Start test 71?[0m
How many mines do you want on the field?> 4

 │123456789│
—│—————————│
1|.........|
2|.........|
3|.........|
4|.........|
5|.........|
6|.........|
7|.........|
8|.........|
9|.........|
—│—————————│
Set/unset mine marks or claim a cell as free:> 7 2 free

 │123456789│
—│—————————│
1|/////////|
2|/////////|
3|/////////|
4|/////////|
5|/////////|
6|11/111111|
7|.1/1.11.1|
8|11/111122|
9|///////1.|
—│—————————│
Set/unset mine marks or claim a cell as free:> 1 7 mine

 │123456789│
—│—————————│
1|/////////|
2|/////////|
3|/////////|
4|/////////|
5|/////////|
6|11/111111|
7|*1/1.11.1|
8|11/111122|
9|///////1.|
—│—————————│
Set/unset mine marks or claim a cell as free:> 8 7 free
You stepped on a mine and failed!

 │123456789│
—│—————————│
1|/////////|
2|/////////|
3|/////////|
4|/////////|
5|/////////|
6|11/111111|
7|X1/1X11X1|
8|11/111122|
9|///////1X|
—│—————————│
?[1;31m
Start test 72?[0m
How many mines do you want on the field?> 4

 │123456789│
—│—————————│
1|.........|
2|.........|
3|.........|
4|.........|
5|.........|
6|.........|
7|.........|
8|.........|
9|.........|
—│—————————│
Set/unset mine marks or claim a cell as free:> 6 7 free

 │123456789│
—│—————————│
1|.........|
2|.........|
3|.........|
4|.........|
5|.........|
6|.........|
7|.....1...|
8|.........|
9|.........|
—│—————————│
Set/unset mine marks or claim a cell as free:> 9 5 mine

 │123456789│
—│—————————│
1|.........|
2|.........|
3|.........|
4|.........|
5|........*|
6|.........|
7|.....1...|
8|.........|
9|.........|
—│—————————│
Set/unset mine marks or claim a cell as free:> 7 6 mine

 │123456789│
—│—————————│
1|.........|
2|.........|
3|.........|
4|.........|
5|........*|
6|......*..|
7|.....1...|
8|.........|
9|.........|
—│—————————│
Set/unset mine marks or claim a cell as free:> 1 4 mine

 │123456789│
—│—————————│
1|.........|
2|.........|
3|.........|
4|*........|
5|........*|
6|......*..|
7|.....1...|
8|.........|
9|.........|
—│—————————│
Set/unset mine marks or claim a cell as free:> 5 9 mine

 │123456789│
—│—————————│
1|.........|
2|.........|
3|.........|
4|*........|
5|........*|
6|......*..|
7|.....1...|
8|.........|
9|....*....|
—│—————————│
Set/unset mine marks or claim a cell as free:> 7 1 free

 │123456789│
—│—————————│
1|/////////|
2|//111/111|
3|//1.1/1.1|
4|//111/111|
5|///111///|
6|///1.1///|
7|///111/11|
8|///////1.|
9|///////11|
—│—————————│
Set/unset mine marks or claim a cell as free:> 8 3 mine

 │123456789│
—│—————————│
1|/////////|
2|//111/111|
3|//1.1/1*1|
4|//111/111|
5|///111///|
6|///1.1///|
7|///111/11|
8|///////1.|
9|///////11|
—│—————————│
Set/unset mine marks or claim a cell as free:> 8 3 mine

 │123456789│
—│—————————│
1|/////////|
2|//111/111|
3|//1.1/1.1|
4|//111/111|
5|///111///|
6|///1.1///|
7|///111/11|
8|///////1.|
9|///////11|
—│—————————│
Set/unset mine marks or claim a cell as free:> 5 6 free
You stepped on a mine and failed!

 │123456789│
—│—————————│
1|/////////|
2|//111/111|
3|//1X1/1X1|
4|//111/111|
5|///111///|
6|///1X1///|
7|///111/11|
8|///////1X|
9|///////11|
—│—————————│
?[1;31m
Start test 73?[0m
How many mines do you want on the field?> 4

 │123456789│
—│—————————│
1|.........|
2|.........|
3|.........|
4|.........|
5|.........|
6|.........|
7|.........|
8|.........|
9|.........|
—│—————————│
Set/unset mine marks or claim a cell as free:> 6 9 free

 │123456789│
—│—————————│
1|2.1//////|
2|.21//////|
3|11///////|
4|/////////|
5|//111////|
6|111.1////|
7|.1111////|
8|11///////|
9|/////////|
—│—————————│
Set/unset mine marks or claim a cell as free:> 1 2 free
You stepped on a mine and failed!

 │123456789│
—│—————————│
1|2X1//////|
2|X21//////|
3|11///////|
4|/////////|
5|//111////|
6|111X1////|
7|X1111////|
8|11///////|
9|/////////|
—│—————————│
?[1;31m
Start test 74?[0m
How many mines do you want on the field?> 4

 │123456789│
—│—————————│
1|.........|
2|.........|
3|.........|
4|.........|
5|.........|
6|.........|
7|.........|
8|.........|
9|.........|
—│—————————│
Set/unset mine marks or claim a cell as free:> 8 3 free

 │123456789│
—│—————————│
1|//111////|
2|/12.1////|
3|/1.21////|
4|/111//111|
5|//////1.1|
6|///111111|
7|///1.1///|
8|///111///|
9|/////////|
—│—————————│
Set/unset mine marks or claim a cell as free:> 4 2 free
You stepped on a mine and failed!

 │123456789│
—│—————————│
1|//111////|
2|/12X1////|
3|/1X21////|
4|/111//111|
5|//////1X1|
6|///111111|
7|///1X1///|
8|///111///|
9|/////////|
—│—————————│
?[1;31m
Start test 75?[0m
How many mines do you want on the field?> 4

 │123456789│
—│—————————│
1|.........|
2|.........|
3|.........|
4|.........|
5|.........|
6|.........|
7|.........|
8|.........|
9|.........|
—│—————————│
Set/unset mine marks or claim a cell as free:> 4 6 mine

 │123456789│
—│—————————│
1|.........|
2|.........|
3|.........|
4|.........|
5|.........|
6|...*.....|
7|.........|
8|.........|
9|.........|
—│—————————│
Set/unset mine marks or claim a cell as free:> 3 7 free

 │123456789│
—│—————————│
1|//1.1////|
2|//111////|
3|//111//11|
4|//1.1//1.|
5|//111//11|
6|/////////|
7|//////111|
8|//////1.1|
9|//////111|
—│—————————│
Set/unset mine marks or claim a cell as free:> 9 4 free
You stepped on a mine and failed!

 │123456789│
—│—————————│
1|//1X1////|
2|//111////|
3|//111//11|
4|//1X1//1X|
5|//111//11|
6|/////////|
7|//////111|
8|//////1X1|
9|//////111|
—│—————————│
?[1;31m
Start test 76?[0m
How many mines do you want on the field?> 4

 │123456789│
—│—————————│
1|.........|
2|.........|
3|.........|
4|.........|
5|.........|
6|.........|
7|.........|
8|.........|
9|.........|
—│—————————│
Set/unset mine marks or claim a cell as free:> 2 1 free

 │123456789│
—│—————————│
1|/////////|
2|/1221////|
3|/1..1////|
4|/1221/111|
5|//////1.1|
6|111///111|
7|1.1//////|
8|111//////|
9|/////////|
—│—————————│
Set/unset mine marks or claim a cell as free:> 3 3 mine

 │123456789│
—│—————————│
1|/////////|
2|/1221////|
3|/1*.1////|
4|/1221/111|
5|//////1.1|
6|111///111|
7|1.1//////|
8|111//////|
9|/////////|
—│—————————│
Set/unset mine marks or claim a cell as free:> 8 5 free
You stepped on a mine and failed!

 │123456789│
—│—————————│
1|/////////|
2|/1221////|
3|/1XX1////|
4|/1221/111|
5|//////1X1|
6|111///111|
7|1X1//////|
8|111//////|
9|/////////|
—│—————————│
?[1;31m
Start test 77?[0m
How many mines do you want on the field?> 4

 │123456789│
—│—————————│
1|.........|
2|.........|
3|.........|
4|.........|
5|.........|
6|.........|
7|.........|
8|.........|
9|.........|
—│—————————│
Set/unset mine marks or claim a cell as free:> 2 3 free

 │123456789│
—│—————————│
1|/////////|
2|/////////|
3|////111//|
4|////1.1//|
5|///1221//|
6|///1.1111|
7|///1222.1|
8|////1.211|
9|////111//|
—│—————————│
Set/unset mine marks or claim a cell as free:> 8 7 free
You stepped on a mine and failed!

 │123456789│
—│—————————│
1|/////////|
2|/////////|
3|////111//|
4|////1X1//|
5|///1221//|
6|///1X1111|
7|///1222X1|
8|////1X211|
9|////111//|
—│—————————│
?[1;31m
Start test 78?[0m
How many mines do you want on the field?> 4

 │123456789│
—│—————————│
1|.........|
2|.........|
3|.........|
4|.........|
5|.........|
6|.........|
7|.........|
8|.........|
9|.........|
—│—————————│
Set/unset mine marks or claim a cell as free:> 8 2 mine

 │123456789│
—│—————————│
1|.........|
2|.......*.|
3|.........|
4|.........|
5|.........|
6|.........|
7|.........|
8|.........|
9|.........|
—│—————————│
Set/unset mine marks or claim a cell as free:> 3 9 free

 │123456789│
—│—————————│
1|/////////|
2|//////111|
3|//////1.2|
4|//////12.|
5|///////11|
6|///////11|
7|/////112.|
8|/////1.21|
9|/////111/|
—│—————————│
Set/unset mine marks or claim a cell as free:> 9 7 mine

 │123456789│
—│—————————│
1|/////////|
2|//////111|
3|//////1.2|
4|//////12.|
5|///////11|
6|///////11|
7|/////112*|
8|/////1.21|
9|/////111/|
—│—————————│
Set/unset mine marks or claim a cell as free:> 8 3 mine

 │123456789│
—│—————————│
1|/////////|
2|//////111|
3|//////1*2|
4|//////12.|
5|///////11|
6|///////11|
7|/////112*|
8|/////1.21|
9|/////111/|
—│—————————│
Set/unset mine marks or claim a cell as free:> 7 8 free
You stepped on a mine and failed!

 │123456789│
—│—————————│
1|/////////|
2|//////111|
3|//////1X2|
4|//////12X|
5|///////11|
6|///////11|
7|/////112X|
8|/////1X21|
9|/////111/|
—│—————————│
?[1;31m
Start test 79?[0m
How many mines do you want on the field?> 4

 │123456789│
—│—————————│
1|.........|
2|.........|
3|.........|
4|.........|
5|.........|
6|.........|
7|.........|
8|.........|
9|.........|
—│—————————│
Set/unset mine marks or claim a cell as free:> 2 1 mine

 │123456789│
—│—————————│
1|.*.......|
2|.........|
3|.........|
4|.........|
5|.........|
6|.........|
7|.........|
8|.........|
9|.........|
—│—————————│
Set/unset mine marks or claim a cell as free:> 3 5 free

 │123456789│
—│—————————│
1|.*.......|
2|.........|
3|.........|
4|.........|
5|..1......|
6|.........|
7|.........|
8|.........|
9|.........|
—│—————————│
Set/unset mine marks or claim a cell as free:> 2 1 mine

 │123456789│
—│—————————│
1|.........|
2|.........|
3|.........|
4|.........|
5|..1......|
6|.........|
7|.........|
8|.........|
9|.........|
—│—————————│
Set/unset mine marks or claim a cell as free:> 7 7 free

 │123456789│
—│—————————│
1|/////////|
2|/////////|
3|////111//|
4|////1.1//|
5|//11211//|
6|//1.1////|
7|//111////|
8|////11211|
9|////1.2.1|
—│—————————│
Set/unset mine marks or claim a cell as free:> 8 9 free
You stepped on a mine and failed!

 │123456789│
—│—————————│
1|/////////|
2|/////////|
3|////111//|
4|////1X1//|
5|//11211//|
6|//1X1////|
7|//111////|
8|////11211|
9|////1X2X1|
—│—————————│
?[1;31m
Start test 80?[0m
How many mines do you want on the field?> 4

 │123456789│
—│—————————│
1|.........|
2|.........|
3|.........|
4|.........|
5|.........|
6|.........|
7|.........|
8|.........|
9|.........|
—│—————————│
Set/unset mine marks or claim a cell as free:> 7 9 free

 │123456789│
—│—————————│
1|//////1.1|
2|11////111|
3|.1///////|
4|11111////|
5|//1.1//11|
6|//111//1.|
7|///////11|
8|/////////|
9|/////////|
—│—————————│
Set/unset mine marks or claim a cell as free:> 8 1 free
You stepped on a mine and failed!

 │123456789│
—│—————————│
1|//////1X1|
2|11////111|
3|X1///////|
4|11111////|
5|//1X1//11|
6|//111//1X|
7|///////11|
8|/////////|
9|/////////|
—│—————————│
?[1;31m
Start test 81?[0m
How many mines do you want on the field?> 5

 │123456789│
—│—————————│
1|.........|
2|.........|
3|.........|
4|.........|
5|.........|
6|.........|
7|.........|
8|.........|
9|.........|
—│—————————│
Set/unset mine marks or claim a cell as free:> 7 2 mine

 │123456789│
—│—————————│
1|.........|
2|......*..|
3|.........|
4|.........|
5|.........|
6|.........|
7|.........|
8|.........|
9|.........|
—│—————————│
Set/unset mine marks or claim a cell as free:> 1 7 free

 │123456789│
—│—————————│
1|/////////|
2|/////111/|
3|/////1.1/|
4|///112221|
5|//12.11.1|
6|//1.21111|
7|//111////|
8|11///////|
9|.1///////|
—│—————————│
Set/unset mine marks or claim a cell as free:> 7 3 mine

 │123456789│
—│—————————│
1|/////////|
2|/////111/|
3|/////1*1/|
4|///112221|
5|//12.11.1|
6|//1.21111|
7|//111////|
8|11///////|
9|.1///////|
—│—————————│
Set/unset mine marks or claim a cell as free:> 4 6 mine

 │123456789│
—│—————————│
1|/////////|
2|/////111/|
3|/////1*1/|
4|///112221|
5|//12.11.1|
6|//1*21111|
7|//111////|
8|11///////|
9|.1///////|
—│—————————│
Set/unset mine marks or claim a cell as free:> 7 3 mine

 │123456789│
—│—————————│
1|/////////|
2|/////111/|
3|/////1.1/|
4|///112221|
5|//12.11.1|
6|//1*21111|
7|//111////|
8|11///////|
9|.1///////|
—│—————————│
Set/unset mine marks or claim a cell as free:> 8 5 free
You stepped on a mine and failed!

 │123456789│
—│—————————│
1|/////////|
2|/////111/|
3|/////1X1/|
4|///112221|
5|//12X11X1|
6|//1X21111|
7|//111////|
8|11///////|
9|X1///////|
—│—————————│
?[1;31m
Start test 82?[0m
How many mines do you want on the field?> 5

 │123456789│
—│—————————│
1|.........|
2|.........|
3|.........|
4|.........|
5|.........|
6|.........|
7|.........|
8|.........|
9|.........|
—│—————————│
Set/unset mine marks or claim a cell as free:> 2 9 free

 │123456789│
—│—————————│
1|///////1.|
2|111////11|
3|1.1//////|
4|111//////|
5|11/111///|
6|.1/1.1///|
7|11/11211/|
8|/////1.1/|
9|/////111/|
—│—————————│
Set/unset mine marks or claim a cell as free:> 1 6 free
You stepped on a mine and failed!

 │123456789│
—│—————————│
1|///////1X|
2|111////11|
3|1X1//////|
4|111//////|
5|11/111///|
6|X1/1X1///|
7|11/11211/|
8|/////1X1/|
9|/////111/|
—│—————————│
?[1;31m
Start test 83?[0m
How many mines do you want on the field?> 6

 │123456789│
—│—————————│
1|.........|
2|.........|
3|.........|
4|.........|
5|.........|
6|.........|
7|.........|
8|.........|
9|.........|
—│—————————│
Set/unset mine marks or claim a cell as free:> 1 6 free

 │123456789│
—│—————————│
1|.........|
2|.........|
3|.........|
4|.........|
5|.........|
6|1........|
7|.........|
8|.........|
9|.........|
—│—————————│
Set/unset mine marks or claim a cell as free:> 4 1 mine

 │123456789│
—│—————————│
1|...*.....|
2|.........|
3|.........|
4|.........|
5|.........|
6|1........|
7|.........|
8|.........|
9|.........|
—│—————————│
Set/unset mine marks or claim a cell as free:> 4 1 mine

 │123456789│
—│—————————│
1|.........|
2|.........|
3|.........|
4|.........|
5|.........|
6|1........|
7|.........|
8|.........|
9|.........|
—│—————————│
Set/unset mine marks or claim a cell as free:> 5 1 free

 │123456789│
—│—————————│
1|/1.1/1..1|
2|/111/1221|
3|//111////|
4|//1.1////|
5|11211////|
6|1.21/////|
7|12.1/////|
8|/111/////|
9|/////////|
—│—————————│
Set/unset mine marks or claim a cell as free:> 4 4 free
You stepped on a mine and failed!

 │123456789│
—│—————————│
1|/1X1/1XX1|
2|/111/1221|
3|//111////|
4|//1X1////|
5|11211////|
6|1X21/////|
7|12X1/////|
8|/111/////|
9|/////////|
—│—————————│
?[1;31m
Start test 84?[0m
How many mines do you want on the field?> 6

 │123456789│
—│—————————│
1|.........|
2|.........|
3|.........|
4|.........|
5|.........|
6|.........|
7|.........|
8|.........|
9|.........|
—│—————————│
Set/unset mine marks or claim a cell as free:> 9 7 mine

 │123456789│
—│—————————│
1|.........|
2|.........|
3|.........|
4|.........|
5|.........|
6|.........|
7|........*|
8|.........|
9|.........|
—│—————————│
Set/unset mine marks or claim a cell as free:> 7 8 mine

 │123456789│
—│—————————│
1|.........|
2|.........|
3|.........|
4|.........|
5|.........|
6|.........|
7|........*|
8|......*..|
9|.........|
—│—————————│
Set/unset mine marks or claim a cell as free:> 7 8 mine

 │123456789│
—│—————————│
1|.........|
2|.........|
3|.........|
4|.........|
5|.........|
6|.........|
7|........*|
8|.........|
9|.........|
—│—————————│
Set/unset mine marks or claim a cell as free:> 6 7 free

 │123456789│
—│—————————│
1|/1.1//111|
2|/111/12.1|
3|/////1.21|
4|//111111/|
5|111.1////|
6|.1111////|
7|1211/////|
8|/1.1/////|
9|/111/////|
—│—————————│
Set/unset mine marks or claim a cell as free:> 8 2 free
You stepped on a mine and failed!

 │123456789│
—│—————————│
1|/1X1//111|
2|/111/12X1|
3|/////1X21|
4|//111111/|
5|111X1////|
6|X1111////|
7|1211/////|
8|/1X1/////|
9|/111/////|
—│—————————│
?[1;31m
Start test 85?[0m
How many mines do you want on the field?> 7

 │123456789│
—│—————————│
1|.........|
2|.........|
3|.........|
4|.........|
5|.........|
6|.........|
7|.........|
8|.........|
9|.........|
—│—————————│
Set/unset mine marks or claim a cell as free:> 6 1 free

 │123456789│
—│—————————│
1|/////////|
2|/////////|
3|///11211/|
4|1222.2.1/|
5|2..21211/|
6|.321/////|
7|11////111|
8|//////2.2|
9|//////2.2|
—│—————————│
Set/unset mine marks or claim a cell as free:> 1 6 free
You stepped on a mine and failed!

 │123456789│
—│—————————│
1|/////////|
2|/////////|
3|///11211/|
4|1222X2X1/|
5|2XX21211/|
6|X321/////|
7|11////111|
8|//////2X2|
9|//////2X2|
—│—————————│
?[1;31m
Start test 86?[0m
How many mines do you want on the field?> 7

 │123456789│
—│—————————│
1|.........|
2|.........|
3|.........|
4|.........|
5|.........|
6|.........|
7|.........|
8|.........|
9|.........|
—│—————————│
Set/unset mine marks or claim a cell as free:> 3 9 free

 │123456789│
—│—————————│
1|/1.1/////|
2|/11211///|
3|//12.1///|
4|//1.21///|
5|11211////|
6|2.2//////|
7|2.2///111|
8|221///1.1|
9|.1////111|
—│—————————│
Set/unset mine marks or claim a cell as free:> 2 6 mine

 │123456789│
—│—————————│
1|/1.1/////|
2|/11211///|
3|//12.1///|
4|//1.21///|
5|11211////|
6|2*2//////|
7|2.2///111|
8|221///1.1|
9|.1////111|
—│—————————│
Set/unset mine marks or claim a cell as free:> 4 4 free
You stepped on a mine and failed!

 │123456789│
—│—————————│
1|/1X1/////|
2|/11211///|
3|//12X1///|
4|//1X21///|
5|11211////|
6|2X2//////|
7|2X2///111|
8|221///1X1|
9|X1////111|
—│—————————│
?[1;31m
Start test 87?[0m
How many mines do you want on the field?> 8

 │123456789│
—│—————————│
1|.........|
2|.........|
3|.........|
4|.........|
5|.........|
6|.........|
7|.........|
8|.........|
9|.........|
—│—————————│
Set/unset mine marks or claim a cell as free:> 3 4 free

 │123456789│
—│—————————│
1|.........|
2|.........|
3|.........|
4|..1......|
5|.........|
6|.........|
7|.........|
8|.........|
9|.........|
—│—————————│
Set/unset mine marks or claim a cell as free:> 1 8 free
You stepped on a mine and failed!

 │123456789│
—│—————————│
1|X........|
2|..X.....X|
3|.........|
4|..1X.....|
5|.........|
6|.X.......|
7|.........|
8|X......X.|
9|.......X.|
—│—————————│
?[1;31m
Start test 88?[0m
How many mines do you want on the field?> 8

 │123456789│
—│—————————│
1|.........|
2|.........|
3|.........|
4|.........|
5|.........|
6|.........|
7|.........|
8|.........|
9|.........|
—│—————————│
Set/unset mine marks or claim a cell as free:> 5 3 free

 │123456789│
—│—————————│
1|.........|
2|.........|
3|....1....|
4|.........|
5|.........|
6|.........|
7|.........|
8|.........|
9|.........|
—│—————————│
Set/unset mine marks or claim a cell as free:> 6 4 free

 │123456789│
—│—————————│
1|.........|
2|.........|
3|....1....|
4|.....1...|
5|.........|
6|.........|
7|.........|
8|.........|
9|.........|
—│—————————│
Set/unset mine marks or claim a cell as free:> 7 1 free

 │123456789│
—│—————————│
1|/123.1///|
2|/1..2211/|
3|/12211.1/|
4|/////111/|
5|/////////|
6|11///////|
7|.2///////|
8|.3/111///|
9|.2/1.1///|
—│—————————│
Set/unset mine marks or claim a cell as free:> 5 9 free
You stepped on a mine and failed!

 │123456789│
—│—————————│
1|/123X1///|
2|/1XX2211/|
3|/12211X1/|
4|/////111/|
5|/////////|
6|11///////|
7|X2///////|
8|X3/111///|
9|X2/1X1///|
—│—————————│
?[1;31m
Start test 89?[0m
How many mines do you want on the field?> 9

 │123456789│
—│—————————│
1|.........|
2|.........|
3|.........|
4|.........|
5|.........|
6|.........|
7|.........|
8|.........|
9|.........|
—│—————————│
Set/unset mine marks or claim a cell as free:> 8 7 mine

 │123456789│
—│—————————│
1|.........|
2|.........|
3|.........|
4|.........|
5|.........|
6|.........|
7|.......*.|
8|.........|
9|.........|
—│—————————│
Set/unset mine marks or claim a cell as free:> 5 1 free

 │123456789│
—│—————————│
1|/1.1//1.1|
2|1221//111|
3|1.1//////|
4|111/111//|
5|11112.1//|
6|.22.21111|
7|3.311//1.|
8|2.2////11|
9|111//////|
—│—————————│
Set/unset mine marks or claim a cell as free:> 2 8 mine

 │123456789│
—│—————————│
1|/1.1//1.1|
2|1221//111|
3|1.1//////|
4|111/111//|
5|11112.1//|
6|.22.21111|
7|3.311//1.|
8|2*2////11|
9|111//////|
—│—————————│
Set/unset mine marks or claim a cell as free:> 2 3 free
You stepped on a mine and failed!

 │123456789│
—│—————————│
1|/1X1//1X1|
2|1221//111|
3|1X1//////|
4|111/111//|
5|11112X1//|
6|X22X21111|
7|3X311//1X|
8|2X2////11|
9|111//////|
—│—————————│
?[1;31m
Start test 90?[0m
How many mines do you want on the field?> 9

 │123456789│
—│—————————│
1|.........|
2|.........|
3|.........|
4|.........|
5|.........|
6|.........|
7|.........|
8|.........|
9|.........|
—│—————————│
Set/unset mine marks or claim a cell as free:> 4 1 mine

 │123456789│
—│—————————│
1|...*.....|
2|.........|
3|.........|
4|.........|
5|.........|
6|.........|
7|.........|
8|.........|
9|.........|
—│—————————│
Set/unset mine marks or claim a cell as free:> 4 9 free

 │123456789│
—│—————————│
1|////1.11.|
2|///122122|
3|1111.1/1.|
4|1.1222/11|
5|1111.1///|
6|///111111|
7|11////1.1|
8|.1////122|
9|11/////1.|
—│—————————│
Set/unset mine marks or claim a cell as free:> 5 3 free
You stepped on a mine and failed!

 │123456789│
—│—————————│
1|////1X11X|
2|///122122|
3|1111X1/1X|
4|1X1222/11|
5|1111X1///|
6|///111111|
7|11////1X1|
8|X1////122|
9|11/////1X|
—│—————————│
?[1;31m
Start test 91?[0m
How many mines do you want on the field?> 10

 │123456789│
—│—————————│
1|.........|
2|.........|
3|.........|
4|.........|
5|.........|
6|.........|
7|.........|
8|.........|
9|.........|
—│—————————│
Set/unset mine marks or claim a cell as free:> 4 4 mine

 │123456789│
—│—————————│
1|.........|
2|.........|
3|.........|
4|...*.....|
5|.........|
6|.........|
7|.........|
8|.........|
9|.........|
—│—————————│
Set/unset mine marks or claim a cell as free:> 4 4 mine

 │123456789│
—│—————————│
1|.........|
2|.........|
3|.........|
4|.........|
5|.........|
6|.........|
7|.........|
8|.........|
9|.........|
—│—————————│
Set/unset mine marks or claim a cell as free:> 9 7 free

 │123456789│
—│—————————│
1|.........|
2|.........|
3|.........|
4|.........|
5|.........|
6|.........|
7|........1|
8|.........|
9|.........|
—│—————————│
Set/unset mine marks or claim a cell as free:> 8 3 mine

 │123456789│
—│—————————│
1|.........|
2|.........|
3|.......*.|
4|.........|
5|.........|
6|.........|
7|........1|
8|.........|
9|.........|
—│—————————│
Set/unset mine marks or claim a cell as free:> 7 9 mine

 │123456789│
—│—————————│
1|.........|
2|.........|
3|.......*.|
4|.........|
5|.........|
6|.........|
7|........1|
8|.........|
9|......*..|
—│—————————│
Set/unset mine marks or claim a cell as free:> 2 2 mine

 │123456789│
—│—————————│
1|.........|
2|.*.......|
3|.......*.|
4|.........|
5|.........|
6|.........|
7|........1|
8|.........|
9|......*..|
—│—————————│
Set/unset mine marks or claim a cell as free:> 4 7 mine

 │123456789│
—│—————————│
1|.........|
2|.*.......|
3|.......*.|
4|.........|
5|.........|
6|.........|
7|...*....1|
8|.........|
9|......*..|
—│—————————│
Set/unset mine marks or claim a cell as free:> 5 3 mine

 │123456789│
—│—————————│
1|.........|
2|.*.......|
3|....*..*.|
4|.........|
5|.........|
6|.........|
7|...*....1|
8|.........|
9|......*..|
—│—————————│
Set/unset mine marks or claim a cell as free:> 8 7 free

 │123456789│
—│—————————│
1|.........|
2|.*.......|
3|....*..*.|
4|.........|
5|.........|
6|.........|
7|...*...21|
8|.........|
9|......*..|
—│—————————│
Set/unset mine marks or claim a cell as free:> 8 5 free

 │123456789│
—│—————————│
1|.........|
2|.*.......|
3|....*..*.|
4|.........|
5|.......1.|
6|.........|
7|...*...21|
8|.........|
9|......*..|
—│—————————│
Set/unset mine marks or claim a cell as free:> 5 5 mine

 │123456789│
—│—————————│
1|.........|
2|.*.......|
3|....*..*.|
4|.........|
5|....*..1.|
6|.........|
7|...*...21|
8|.........|
9|......*..|
—│—————————│
Set/unset mine marks or claim a cell as free:> 1 3 free

 │123456789│
—│—————————│
1|.........|
2|.*.......|
3|1...*..*.|
4|.........|
5|....*..1.|
6|.........|
7|...*...21|
8|.........|
9|......*..|
—│—————————│
Set/unset mine marks or claim a cell as free:> 6 6 mine

 │123456789│
—│—————————│
1|.........|
2|.*.......|
3|1...*..*.|
4|.........|
5|....*..1.|
6|.....*...|
7|...*...21|
8|.........|
9|......*..|
—│—————————│
Set/unset mine marks or claim a cell as free:> 2 1 free

 │123456789│
—│—————————│
1|.1.......|
2|.*.......|
3|1...*..*.|
4|.........|
5|....*..1.|
6|.....*...|
7|...*...21|
8|.........|
9|......*..|
—│—————————│
Set/unset mine marks or claim a cell as free:> 8 8 free
You stepped on a mine and failed!

 │123456789│
—│—————————│
1|.1......X|
2|.*X..X.X.|
3|1X..*..X.|
4|......X..|
5|....*..1.|
6|.....*...|
7|...X..X21|
8|.......X.|
9|......*..|
—│—————————│
?[1;31m
Start test 92?[0m
How many mines do you want on the field?> 10

 │123456789│
—│—————————│
1|.........|
2|.........|
3|.........|
4|.........|
5|.........|
6|.........|
7|.........|
8|.........|
9|.........|
—│—————————│
Set/unset mine marks or claim a cell as free:> 1 5 free

 │123456789│
—│—————————│
1|/1.321/11|
2|122..1/1.|
3|.11221/22|
4|11/////1.|
5|//1111121|
6|111.11.21|
7|.1111112.|
8|11/////11|
9|/////////|
—│—————————│
Set/unset mine marks or claim a cell as free:> 9 7 free
You stepped on a mine and failed!

 │123456789│
—│—————————│
1|/1X321/11|
2|122XX1/1X|
3|X11221/22|
4|11/////1X|
5|//1111121|
6|111X11X21|
7|X1111112X|
8|11/////11|
9|/////////|
—│—————————│
?[1;31m
Start test 93?[0m
How many mines do you want on the field?> 15

 │123456789│
—│—————————│
1|.........|
2|.........|
3|.........|
4|.........|
5|.........|
6|.........|
7|.........|
8|.........|
9|.........|
—│—————————│
Set/unset mine marks or claim a cell as free:> 9 5 free

 │123456789│
—│—————————│
1|.........|
2|.........|
3|.........|
4|.........|
5|........1|
6|.........|
7|.........|
8|.........|
9|.........|
—│—————————│
Set/unset mine marks or claim a cell as free:> 9 8 mine

 │123456789│
—│—————————│
1|.........|
2|.........|
3|.........|
4|.........|
5|........1|
6|.........|
7|.........|
8|........*|
9|.........|
—│—————————│
Set/unset mine marks or claim a cell as free:> 4 8 free
You stepped on a mine and failed!

 │123456789│
—│—————————│
1|...XXX...|
2|...X.....|
3|X....X...|
4|.X.X.....|
5|X......X1|
6|.........|
7|X......X.|
8|...X....*|
9|X..X.....|
—│—————————│
?[1;31m
Start test 94?[0m
How many mines do you want on the field?> 15

 │123456789│
—│—————————│
1|.........|
2|.........|
3|.........|
4|.........|
5|.........|
6|.........|
7|.........|
8|.........|
9|.........|
—│—————————│
Set/unset mine marks or claim a cell as free:> 4 3 free

 │123456789│
—│—————————│
1|221//12.1|
2|..1//1.21|
3|221//111/|
4|//111111/|
5|/13.21.1/|
6|/1..21121|
7|12232213.|
8|.1/2.3.4.|
9|11/2.32.2|
—│—————————│
Set/unset mine marks or claim a cell as free:> 5 8 mine

 │123456789│
—│—————————│
1|221//12.1|
2|..1//1.21|
3|221//111/|
4|//111111/|
5|/13.21.1/|
6|/1..21121|
7|12232213.|
8|.1/2*3.4.|
9|11/2.32.2|
—│—————————│
Set/unset mine marks or claim a cell as free:> 9 8 mine

 │123456789│
—│—————————│
1|221//12.1|
2|..1//1.21|
3|221//111/|
4|//111111/|
5|/13.21.1/|
6|/1..21121|
7|12232213.|
8|.1/2*3.4*|
9|11/2.32.2|
—│—————————│
Set/unset mine marks or claim a cell as free:> 9 7 free
You stepped on a mine and failed!

 │123456789│
—│—————————│
1|221//12X1|
2|XX1//1X21|
3|221//111/|
4|//111111/|
5|/13X21X1/|
6|/1XX21121|
7|12232213X|
8|X1/2X3X4X|
9|11/2X32X2|
—│—————————│
?[1;31m
Start test 95?[0m
How many mines do you want on the field?> 20

 │123456789│
—│—————————│
1|.........|
2|.........|
3|.........|
4|.........|
5|.........|
6|.........|
7|.........|
8|.........|
9|.........|
—│—————————│
Set/unset mine marks or claim a cell as free:> 9 7 free

 │123456789│
—│—————————│
1|.2.23...2|
2|232.3.44.|
3|.1113233.|
4|11/12.3.2|
5|1111.4.31|
6|1.2213.2/|
7|13.2/111/|
8|/2.31/111|
9|/12.1/1.1|
—│—————————│
Set/unset mine marks or claim a cell as free:> 1 1 mine

 │123456789│
—│—————————│
1|*2.23...2|
2|232.3.44.|
3|.1113233.|
4|11/12.3.2|
5|1111.4.31|
6|1.2213.2/|
7|13.2/111/|
8|/2.31/111|
9|/12.1/1.1|
—│—————————│
Set/unset mine marks or claim a cell as free:> 6 2 free
You stepped on a mine and failed!

 │123456789│
—│—————————│
1|X2X23XXX2|
2|232X3X44X|
3|X1113233X|
4|11/12X3X2|
5|1111X4X31|
6|1X2213X2/|
7|13X2/111/|
8|/2X31/111|
9|/12X1/1X1|
—│—————————│
?[1;31m
Start test 96?[0m
How many mines do you want on the field?> 20

 │123456789│
—│—————————│
1|.........|
2|.........|
3|.........|
4|.........|
5|.........|
6|.........|
7|.........|
8|.........|
9|.........|
—│—————————│
Set/unset mine marks or claim a cell as free:> 4 4 mine

 │123456789│
—│—————————│
1|.........|
2|.........|
3|.........|
4|...*.....|
5|.........|
6|.........|
7|.........|
8|.........|
9|.........|
—│—————————│
Set/unset mine marks or claim a cell as free:> 4 4 mine

 │123456789│
—│—————————│
1|.........|
2|.........|
3|.........|
4|.........|
5|.........|
6|.........|
7|.........|
8|.........|
9|.........|
—│—————————│
Set/unset mine marks or claim a cell as free:> 1 4 free

 │123456789│
—│—————————│
1|.3.211/11|
2|.313.212.|
3|1213.33.3|
4|/1.433..3|
5|123..223.|
6|1.3331/11|
7|123.21111|
8|/1.33.12.|
9|/112.212.|
—│—————————│
Set/unset mine marks or claim a cell as free:> 9 9 free
You stepped on a mine and failed!

 │123456789│
—│—————————│
1|X3X211/11|
2|X313X212X|
3|1213X33X3|
4|/1X433XX3|
5|123XX223X|
6|1X3331/11|
7|123X21111|
8|/1X33X12X|
9|/112X212X|
—│—————————│
?[1;31m
Start test 97?[0m
How many mines do you want on the field?> 25

 │123456789│
—│—————————│
1|.........|
2|.........|
3|.........|
4|.........|
5|.........|
6|.........|
7|.........|
8|.........|
9|.........|
—│—————————│
Set/unset mine marks or claim a cell as free:> 1 7 mine

 │123456789│
—│—————————│
1|.........|
2|.........|
3|.........|
4|.........|
5|.........|
6|.........|
7|*........|
8|.........|
9|.........|
—│—————————│
Set/unset mine marks or claim a cell as free:> 1 2 free

 │123456789│
—│—————————│
1|.........|
2|1........|
3|.........|
4|.........|
5|.........|
6|.........|
7|*........|
8|.........|
9|.........|
—│—————————│
Set/unset mine marks or claim a cell as free:> 4 9 free

 │123456789│
—│—————————│
1|.........|
2|1........|
3|.........|
4|.........|
5|.........|
6|.........|
7|*........|
8|.........|
9|...1.....|
—│—————————│
Set/unset mine marks or claim a cell as free:> 1 7 mine

 │123456789│
—│—————————│
1|.........|
2|1........|
3|.........|
4|.........|
5|.........|
6|.........|
7|.........|
8|.........|
9|...1.....|
—│—————————│
Set/unset mine marks or claim a cell as free:> 8 6 free

 │123456789│
—│—————————│
1|.........|
2|1........|
3|.........|
4|.........|
5|.........|
6|.......1.|
7|.........|
8|.........|
9|...1.....|
—│—————————│
Set/unset mine marks or claim a cell as free:> 7 9 mine

 │123456789│
—│—————————│
1|.........|
2|1........|
3|.........|
4|.........|
5|.........|
6|.......1.|
7|.........|
8|.........|
9|...1..*..|
—│—————————│
Set/unset mine marks or claim a cell as free:> 9 5 free

 │123456789│
—│—————————│
1|.........|
2|1........|
3|.........|
4|.........|
5|........1|
6|.......1.|
7|.........|
8|.........|
9|...1..*..|
—│—————————│
Set/unset mine marks or claim a cell as free:> 3 4 free
You stepped on a mine and failed!

 │123456789│
—│—————————│
1|X......XX|
2|1.XX.....|
3|..X.X.X.X|
4|.XX..XX.X|
5|.X.X.X..1|
6|...X...1.|
7|......X..|
8|.XX....XX|
9|.X.1..*X.|
—│—————————│
?[1;31m
Start test 98?[0m
How many mines do you want on the field?> 25

 │123456789│
—│—————————│
1|.........|
2|.........|
3|.........|
4|.........|
5|.........|
6|.........|
7|.........|
8|.........|
9|.........|
—│—————————│
Set/unset mine marks or claim a cell as free:> 7 5 free

 │123456789│
—│—————————│
1|.........|
2|.........|
3|.........|
4|.........|
5|......2..|
6|.........|
7|.........|
8|.........|
9|.........|
—│—————————│
Set/unset mine marks or claim a cell as free:> 7 3 free

 │123456789│
—│—————————│
1|.........|
2|.........|
3|......2..|
4|.........|
5|......2..|
6|.........|
7|.........|
8|.........|
9|.........|
—│—————————│
Set/unset mine marks or claim a cell as free:> 2 2 mine

 │123456789│
—│—————————│
1|.........|
2|.*.......|
3|......2..|
4|.........|
5|......2..|
6|.........|
7|.........|
8|.........|
9|.........|
—│—————————│
Set/unset mine marks or claim a cell as free:> 7 2 free

 │123456789│
—│—————————│
1|.........|
2|.*....1..|
3|......2..|
4|.........|
5|......2..|
6|.........|
7|.........|
8|.........|
9|.........|
—│—————————│
Set/unset mine marks or claim a cell as free:> 6 2 mine

 │123456789│
—│—————————│
1|.........|
2|.*...*1..|
3|......2..|
4|.........|
5|......2..|
6|.........|
7|.........|
8|.........|
9|.........|
—│—————————│
Set/unset mine marks or claim a cell as free:> 4 7 mine

 │123456789│
—│—————————│
1|.........|
2|.*...*1..|
3|......2..|
4|.........|
5|......2..|
6|.........|
7|...*.....|
8|.........|
9|.........|
—│—————————│
Set/unset mine marks or claim a cell as free:> 6 1 free

 │123456789│
—│—————————│
1|.....1...|
2|.*...*1..|
3|......2..|
4|.........|
5|......2..|
6|.........|
7|...*.....|
8|.........|
9|.........|
—│—————————│
Set/unset mine marks or claim a cell as free:> 5 6 free
You stepped on a mine and failed!

 │123456789│
—│—————————│
1|X.X..1...|
2|X*..X*1.X|
3|X.X.XX2..|
4|.......XX|
5|.X.X.X2..|
6|....X...X|
7|.X.*..XXX|
8|X.....X.X|
9|.....XX..|
—│—————————│
?[1;31m
Start test 99?[0m
How many mines do you want on the field?> 30

 │123456789│
—│—————————│
1|.........|
2|.........|
3|.........|
4|.........|
5|.........|
6|.........|
7|.........|
8|.........|
9|.........|
—│—————————│
Set/unset mine marks or claim a cell as free:> 4 9 free

 │123456789│
—│—————————│
1|.........|
2|.........|
3|.........|
4|.........|
5|.........|
6|.........|
7|.........|
8|.........|
9|...2.....|
—│—————————│
Set/unset mine marks or claim a cell as free:> 5 5 mine

 │123456789│
—│—————————│
1|.........|
2|.........|
3|.........|
4|.........|
5|....*....|
6|.........|
7|.........|
8|.........|
9|...2.....|
—│—————————│
Set/unset mine marks or claim a cell as free:> 5 5 mine

 │123456789│
—│—————————│
1|.........|
2|.........|
3|.........|
4|.........|
5|.........|
6|.........|
7|.........|
8|.........|
9|...2.....|
—│—————————│
Set/unset mine marks or claim a cell as free:> 8 9 free
You stepped on a mine and failed!

 │123456789│
—│—————————│
1|.....X.X.|
2|X.......X|
3|.X.X.XX..|
4|X...X.X.X|
5|X..X.X..X|
6|...X....X|
7|.X.XX..X.|
8|.X....X.X|
9|.XX2X.XX.|
—│—————————│
?[1;31m
Start test 100?[0m
How many mines do you want on the field?> 30

 │123456789│
—│—————————│
1|.........|
2|.........|
3|.........|
4|.........|
5|.........|
6|.........|
7|.........|
8|.........|
9|.........|
—│—————————│
Set/unset mine marks or claim a cell as free:> 3 4 free

 │123456789│
—│—————————│
1|.........|
2|.........|
3|.........|
4|..4......|
5|.........|
6|.........|
7|.........|
8|.........|
9|.........|
—│—————————│
Set/unset mine marks or claim a cell as free:> 2 4 mine

 │123456789│
—│—————————│
1|.........|
2|.........|
3|.........|
4|.*4......|
5|.........|
6|.........|
7|.........|
8|.........|
9|.........|
—│—————————│
Set/unset mine marks or claim a cell as free:> 2 4 mine

 │123456789│
—│—————————│
1|.........|
2|.........|
3|.........|
4|..4......|
5|.........|
6|.........|
7|.........|
8|.........|
9|.........|
—│—————————│
Set/unset mine marks or claim a cell as free:> 9 8 free
You stepped on a mine and failed!

 │123456789│
—│—————————│
1|XX.X..X..|
2|....XXXX.|
3|X.XX.....|
4|..4X...X.|
5|...X.X.X.|
6|.X...XX..|
7|.XX....X.|
8|XX....XXX|
9|XX..X....|
—│—————————│
?[1;31m
Start test 101?[0m
How many mines do you want on the field?> 35

 │123456789│
—│—————————│
1|.........|
2|.........|
3|.........|
4|.........|
5|.........|
6|.........|
7|.........|
8|.........|
9|.........|
—│—————————│
Set/unset mine marks or claim a cell as free:> 7 9 free

 │123456789│
—│—————————│
1|.........|
2|.........|
3|.........|
4|.........|
5|.........|
6|.........|
7|.........|
8|.........|
9|......1..|
—│—————————│
Set/unset mine marks or claim a cell as free:> 8 5 free

 │123456789│
—│—————————│
1|.........|
2|.........|
3|.........|
4|.........|
5|.......5.|
6|.........|
7|.........|
8|.........|
9|......1..|
—│—————————│
Set/unset mine marks or claim a cell as free:> 7 4 mine

 │123456789│
—│—————————│
1|.........|
2|.........|
3|.........|
4|......*..|
5|.......5.|
6|.........|
7|.........|
8|.........|
9|......1..|
—│—————————│
Set/unset mine marks or claim a cell as free:> 2 7 free

 │123456789│
—│—————————│
1|.........|
2|.........|
3|.........|
4|......*..|
5|.......5.|
6|.........|
7|.4.......|
8|.........|
9|......1..|
—│—————————│
Set/unset mine marks or claim a cell as free:> 4 4 free

 │123456789│
—│—————————│
1|.........|
2|.........|
3|.........|
4|...4..*..|
5|.......5.|
6|.........|
7|.4.......|
8|.........|
9|......1..|
—│—————————│
Set/unset mine marks or claim a cell as free:> 7 4 mine

 │123456789│
—│—————————│
1|.........|
2|.........|
3|.........|
4|...4.....|
5|.......5.|
6|.........|
7|.4.......|
8|.........|
9|......1..|
—│—————————│
Set/unset mine marks or claim a cell as free:> 1 2 mine

 │123456789│
—│—————————│
1|.........|
2|*........|
3|.........|
4|...4.....|
5|.......5.|
6|.........|
7|.4.......|
8|.........|
9|......1..|
—│—————————│
Set/unset mine marks or claim a cell as free:> 8 6 free
You stepped on a mine and failed!

 │123456789│
—│—————————│
1|..X...XX.|
2|*..X...XX|
3|.X..X..X.|
4|.XX4.XX.X|
5|X..XXXX5.|
6|XX.XXXXX.|
7|.4.X.X.XX|
8|XX.....X.|
9|.X..X.1..|
—│—————————│
?[1;31m
Start test 102?[0m
How many mines do you want on the field?> 35

 │123456789│
—│—————————│
1|.........|
2|.........|
3|.........|
4|.........|
5|.........|
6|.........|
7|.........|
8|.........|
9|.........|
—│—————————│
Set/unset mine marks or claim a cell as free:> 7 3 free

 │123456789│
—│—————————│
1|.........|
2|.........|
3|......3..|
4|.........|
5|.........|
6|.........|
7|.........|
8|.........|
9|.........|
—│—————————│
Set/unset mine marks or claim a cell as free:> 1 6 mine

 │123456789│
—│—————————│
1|.........|
2|.........|
3|......3..|
4|.........|
5|.........|
6|*........|
7|.........|
8|.........|
9|.........|
—│—————————│
Set/unset mine marks or claim a cell as free:> 5 9 free

 │123456789│
—│—————————│
1|.........|
2|.........|
3|......3..|
4|.........|
5|.........|
6|*........|
7|.........|
8|.........|
9|....3....|
—│—————————│
Set/unset mine marks or claim a cell as free:> 2 7 mine

 │123456789│
—│—————————│
1|.........|
2|.........|
3|......3..|
4|.........|
5|.........|
6|*........|
7|.*.......|
8|.........|
9|....3....|
—│—————————│
Set/unset mine marks or claim a cell as free:> 1 5 free

 │123456789│
—│—————————│
1|.........|
2|.........|
3|......3..|
4|.........|
5|2........|
6|*........|
7|.*.......|
8|.........|
9|....3....|
—│—————————│
Set/unset mine marks or claim a cell as free:> 6 6 free
You stepped on a mine and failed!

 │123456789│
—│—————————│
1|XXXX.XXX.|
2|.X.XXX...|
3|.X..X.3XX|
4|.....X...|
5|2X..X.X..|
6|*XXX.XX..|
7|.*..XXXX.|
8|XX.XX....|
9|..X.3X.X.|
—│—————————│
?[1;31m
Start test 103?[0m
How many mines do you want on the field?> 40

 │123456789│
—│—————————│
1|.........|
2|.........|
3|.........|
4|.........|
5|.........|
6|.........|
7|.........|
8|.........|
9|.........|
—│—————————│
Set/unset mine marks or claim a cell as free:> 7 5 mine

 │123456789│
—│—————————│
1|.........|
2|.........|
3|.........|
4|.........|
5|......*..|
6|.........|
7|.........|
8|.........|
9|.........|
—│—————————│
Set/unset mine marks or claim a cell as free:> 2 6 free

 │123456789│
—│—————————│
1|.........|
2|.........|
3|.........|
4|.........|
5|......*..|
6|.3.......|
7|.........|
8|.........|
9|.........|
—│—————————│
Set/unset mine marks or claim a cell as free:> 7 5 mine

 │123456789│
—│—————————│
1|.........|
2|.........|
3|.........|
4|.........|
5|.........|
6|.3.......|
7|.........|
8|.........|
9|.........|
—│—————————│
Set/unset mine marks or claim a cell as free:> 7 9 free
You stepped on a mine and failed!

 │123456789│
—│—————————│
1|.X.X...XX|
2|X.X.XXX.X|
3|XX..XX.X.|
4|XX...X...|
5|X.XX...XX|
6|.3X.XXXXX|
7|......XXX|
8|......XX.|
9|X..XXXXX.|
—│—————————│
?[1;31m
Start test 104?[0m
How many mines do you want on the field?> 40

 │123456789│
—│—————————│
1|.........|
2|.........|
3|.........|
4|.........|
5|.........|
6|.........|
7|.........|
8|.........|
9|.........|
—│—————————│
Set/unset mine marks or claim a cell as free:> 1 6 free

 │123456789│
—│—————————│
1|.........|
2|.........|
3|.........|
4|.........|
5|.........|
6|3........|
7|.........|
8|.........|
9|.........|
—│—————————│
Set/unset mine marks or claim a cell as free:> 5 5 free
You stepped on a mine and failed!

 │123456789│
—│—————————│
1|.X.XXX.X.|
2|.XXXX.X.X|
3|X..XXX.XX|
4|X.XX.X..X|
5|XXXXXX..X|
6|3..XXXX..|
7|X..X.X...|
8|X.....X..|
9|......X.X|
—│—————————│
?[1;31m
Start test 105?[0m
How many mines do you want on the field?> 45

 │123456789│
—│—————————│
1|.........|
2|.........|
3|.........|
4|.........|
5|.........|
6|.........|
7|.........|
8|.........|
9|.........|
—│—————————│
Set/unset mine marks or claim a cell as free:> 4 8 mine

 │123456789│
—│—————————│
1|.........|
2|.........|
3|.........|
4|.........|
5|.........|
6|.........|
7|.........|
8|...*.....|
9|.........|
—│—————————│
Set/unset mine marks or claim a cell as free:> 4 8 mine

 │123456789│
—│—————————│
1|.........|
2|.........|
3|.........|
4|.........|
5|.........|
6|.........|
7|.........|
8|.........|
9|.........|
—│—————————│
Set/unset mine marks or claim a cell as free:> 9 2 free

 │123456789│
—│—————————│
1|.........|
2|........4|
3|.........|
4|.........|
5|.........|
6|.........|
7|.........|
8|.........|
9|.........|
—│—————————│
Set/unset mine marks or claim a cell as free:> 3 6 free
You stepped on a mine and failed!

 │123456789│
—│—————————│
1|.XXXXX.XX|
2|XX.X.XX.4|
3|XX....XXX|
4|.X...X.XX|
5|XX.XXX...|
6|XXXX..XX.|
7|XX.X...XX|
8|.X.X....X|
9|XXX.X..X.|
—│—————————│
?[1;31m
Start test 106?[0m
How many mines do you want on the field?> 45

 │123456789│
—│—————————│
1|.........|
2|.........|
3|.........|
4|.........|
5|.........|
6|.........|
7|.........|
8|.........|
9|.........|
—│—————————│
Set/unset mine marks or claim a cell as free:> 7 4 free

 │123456789│
—│—————————│
1|.........|
2|.........|
3|.........|
4|......6..|
5|.........|
6|.........|
7|.........|
8|.........|
9|.........|
—│—————————│
Set/unset mine marks or claim a cell as free:> 9 5 free

 │123456789│
—│—————————│
1|.........|
2|.........|
3|.........|
4|......6..|
5|........3|
6|.........|
7|.........|
8|.........|
9|.........|
—│—————————│
Set/unset mine marks or claim a cell as free:> 3 2 free
You stepped on a mine and failed!

 │123456789│
—│—————————│
1|...XXXX.X|
2|..XXX.X.X|
3|.XXX.XXX.|
4|.X....6.X|
5|.XXX.XXX3|
6|X.X..XX.X|
7|.XXXX.X..|
8|XXX.X..X.|
9|X.XX.XXX.|
—│—————————│
?[1;31m
Start test 107?[0m
How many mines do you want on the field?> 50

 │123456789│
—│—————————│
1|.........|
2|.........|
3|.........|
4|.........|
5|.........|
6|.........|
7|.........|
8|.........|
9|.........|
—│—————————│
Set/unset mine marks or claim a cell as free:> 4 6 free

 │123456789│
—│—————————│
1|.........|
2|.........|
3|.........|
4|.........|
5|.........|
6|...6.....|
7|.........|
8|.........|
9|.........|
—│—————————│
Set/unset mine marks or claim a cell as free:> 2 3 free
You stepped on a mine and failed!

 │123456789│
—│—————————│
1|......XXX|
2|X...X.X.X|
3|.XX.XXXXX|
4|XXXXX.X..|
5|X.X..XXXX|
6|XXX6X..XX|
7|XXXXXXX.X|
8|.X.XXXXX.|
9|X....XX.X|
—│—————————│
?[1;31m
Start test 108?[0m
How many mines do you want on the field?> 50

 │123456789│
—│—————————│
1|.........|
2|.........|
3|.........|
4|.........|
5|.........|
6|.........|
7|.........|
8|.........|
9|.........|
—│—————————│
Set/unset mine marks or claim a cell as free:> 8 6 free

 │123456789│
—│—————————│
1|.........|
2|.........|
3|.........|
4|.........|
5|.........|
6|.......3.|
7|.........|
8|.........|
9|.........|
—│—————————│
Set/unset mine marks or claim a cell as free:> 9 8 mine

 │123456789│
—│—————————│
1|.........|
2|.........|
3|.........|
4|.........|
5|.........|
6|.......3.|
7|.........|
8|........*|
9|.........|
—│—————————│
Set/unset mine marks or claim a cell as free:> 8 3 free
You stepped on a mine and failed!

 │123456789│
—│—————————│
1|XXX.XXX.X|
2|XXX...X..|
3|XXXX..XXX|
4|XXXX.X.XX|
5|X..X.X..X|
6|XXX....3.|
7|X.X.XXX.X|
8|..XX.XXXX|
9|XX..XXXX.|
—│—————————│
?[1;31m
Start test 109?[0m
How many mines do you want on the field?> 55

 │123456789│
—│—————————│
1|.........|
2|.........|
3|.........|
4|.........|
5|.........|
6|.........|
7|.........|
8|.........|
9|.........|
—│—————————│
Set/unset mine marks or claim a cell as free:> 6 4 free

 │123456789│
—│—————————│
1|.........|
2|.........|
3|.........|
4|.....5...|
5|.........|
6|.........|
7|.........|
8|.........|
9|.........|
—│—————————│
Set/unset mine marks or claim a cell as free:> 9 1 mine

 │123456789│
—│—————————│
1|........*|
2|.........|
3|.........|
4|.....5...|
5|.........|
6|.........|
7|.........|
8|.........|
9|.........|
—│—————————│
Set/unset mine marks or claim a cell as free:> 7 5 free

 │123456789│
—│—————————│
1|........*|
2|.........|
3|.........|
4|.....5...|
5|......7..|
6|.........|
7|.........|
8|.........|
9|.........|
—│—————————│
Set/unset mine marks or claim a cell as free:> 7 9 free
You stepped on a mine and failed!

 │123456789│
—│—————————│
1|X.X..X.XX|
2|XXXX.XX..|
3|XXX..XXXX|
4|.XXX.5XX.|
5|X.XXXX7XX|
6|X.XX.XXXX|
7|.XX.XXX.X|
8|.XX.XXX.X|
9|XX..XXXX.|
—│—————————│
?[1;31m
Start test 110?[0m
How many mines do you want on the field?> 55

 │123456789│
—│—————————│
1|.........|
2|.........|
3|.........|
4|.........|
5|.........|
6|.........|
7|.........|
8|.........|
9|.........|
—│—————————│
Set/unset mine marks or claim a cell as free:> 4 3 mine

 │123456789│
—│—————————│
1|.........|
2|.........|
3|...*.....|
4|.........|
5|.........|
6|.........|
7|.........|
8|.........|
9|.........|
—│—————————│
Set/unset mine marks or claim a cell as free:> 8 3 free

 │123456789│
—│—————————│
1|.........|
2|.........|
3|...*...6.|
4|.........|
5|.........|
6|.........|
7|.........|
8|.........|
9|.........|
—│—————————│
Set/unset mine marks or claim a cell as free:> 2 5 free
You stepped on a mine and failed!

 │123456789│
—│—————————│
1|.XXXXX...|
2|.X.XX..XX|
3|XX.XX.X6X|
4|XXX.X..XX|
5|XX...XXXX|
6|X.XX...XX|
7|.XXXXXX.X|
8|XXXX.X.XX|
9|XXXX.XXXX|
—│—————————│
?[1;31m
Start test 111?[0m
How many mines do you want on the field?> 60

 │123456789│
—│—————————│
1|.........|
2|.........|
3|.........|
4|.........|
5|.........|
6|.........|
7|.........|
8|.........|
9|.........|
—│—————————│
Set/unset mine marks or claim a cell as free:> 7 5 free

 │123456789│
—│—————————│
1|.........|
2|.........|
3|.........|
4|.........|
5|......8..|
6|.........|
7|.........|
8|.........|
9|.........|
—│—————————│
Set/unset mine marks or claim a cell as free:> 5 9 free

 │123456789│
—│—————————│
1|.........|
2|.........|
3|.........|
4|.........|
5|......8..|
6|.........|
7|.........|
8|.........|
9|....4....|
—│—————————│
Set/unset mine marks or claim a cell as free:> 5 4 free
You stepped on a mine and failed!

 │123456789│
—│—————————│
1|XXXXX..XX|
2|XXXX...XX|
3|X.X.XXXXX|
4|.XXXXXXXX|
5|.XXX.X8XX|
6|.XXXXXXX.|
7|.XXX.XXX.|
8|XXX.XX..X|
9|.XXX4XXXX|
—│—————————│
?[1;31m
Start test 112?[0m
How many mines do you want on the field?> 60

 │123456789│
—│—————————│
1|.........|
2|.........|
3|.........|
4|.........|
5|.........|
6|.........|
7|.........|
8|.........|
9|.........|
—│—————————│
Set/unset mine marks or claim a cell as free:> 3 9 mine

 │123456789│
—│—————————│
1|.........|
2|.........|
3|.........|
4|.........|
5|.........|
6|.........|
7|.........|
8|.........|
9|..*......|
—│—————————│
Set/unset mine marks or claim a cell as free:> 3 5 mine

 │123456789│
—│—————————│
1|.........|
2|.........|
3|.........|
4|.........|
5|..*......|
6|.........|
7|.........|
8|.........|
9|..*......|
—│—————————│
Set/unset mine marks or claim a cell as free:> 3 1 free

 │123456789│
—│—————————│
1|..3......|
2|.........|
3|.........|
4|.........|
5|..*......|
6|.........|
7|.........|
8|.........|
9|..*......|
—│—————————│
Set/unset mine marks or claim a cell as free:> 3 9 mine

 │123456789│
—│—————————│
1|..3......|
2|.........|
3|.........|
4|.........|
5|..*......|
6|.........|
7|.........|
8|.........|
9|.........|
—│—————————│
Set/unset mine marks or claim a cell as free:> 3 8 mine

 │123456789│
—│—————————│
1|..3......|
2|.........|
3|.........|
4|.........|
5|..*......|
6|.........|
7|.........|
8|..*......|
9|.........|
—│—————————│
Set/unset mine marks or claim a cell as free:> 3 5 mine

 │123456789│
—│—————————│
1|..3......|
2|.........|
3|.........|
4|.........|
5|.........|
6|.........|
7|.........|
8|..*......|
9|.........|
—│—————————│
Set/unset mine marks or claim a cell as free:> 5 9 mine

 │123456789│
—│—————————│
1|..3......|
2|.........|
3|.........|
4|.........|
5|.........|
6|.........|
7|.........|
8|..*......|
9|....*....|
—│—————————│
Set/unset mine marks or claim a cell as free:> 5 5 free
You stepped on a mine and failed!

 │123456789│
—│—————————│
1|.X3.XX.XX|
2|XX.XXX.XX|
3|XXXXXXXXX|
4|XXX.XXXXX|
5|XXXXXX.X.|
6|..XXXXXXX|
7|XXX.XX.XX|
8|X.X.X..XX|
9|X.X.XX..X|
—│—————————│
?[1;31m
Start test 113?[0m
How many mines do you want on the field?> 65

 │123456789│
—│—————————│
1|.........|
2|.........|
3|.........|
4|.........|
5|.........|
6|.........|
7|.........|
8|.........|
9|.........|
—│—————————│
Set/unset mine marks or claim a cell as free:> 8 8 free

 │123456789│
—│—————————│
1|.........|
2|.........|
3|.........|
4|.........|
5|.........|
6|.........|
7|.........|
8|.......8.|
9|.........|
—│—————————│
Set/unset mine marks or claim a cell as free:> 5 7 mine

 │123456789│
—│—————————│
1|.........|
2|.........|
3|.........|
4|.........|
5|.........|
6|.........|
7|....*....|
8|.......8.|
9|.........|
—│—————————│
Set/unset mine marks or claim a cell as free:> 2 6 free

 │123456789│
—│—————————│
1|.........|
2|.........|
3|.........|
4|.........|
5|.........|
6|.7.......|
7|....*....|
8|.......8.|
9|.........|
—│—————————│
Set/unset mine marks or claim a cell as free:> 5 7 mine

 │123456789│
—│—————————│
1|.........|
2|.........|
3|.........|
4|.........|
5|.........|
6|.7.......|
7|.........|
8|.......8.|
9|.........|
—│—————————│
Set/unset mine marks or claim a cell as free:> 2 7 free
You stepped on a mine and failed!

 │123456789│
—│—————————│
1|X..XXXXXX|
2|XXXX.XXX.|
3|..XXXXX.X|
4|X.XXXXX.X|
5|X.XXXXXXX|
6|X7X.XXXX.|
7|XXXXXXXXX|
8|.XX.XXX8X|
9|XXXXXXXXX|
—│—————————│
?[1;31m
Start test 114?[0m
How many mines do you want on the field?> 65

 │123456789│
—│—————————│
1|.........|
2|.........|
3|.........|
4|.........|
5|.........|
6|.........|
7|.........|
8|.........|
9|.........|
—│—————————│
Set/unset mine marks or claim a cell as free:> 1 7 free

 │123456789│
—│—————————│
1|.........|
2|.........|
3|.........|
4|.........|
5|.........|
6|.........|
7|4........|
8|.........|
9|.........|
—│—————————│
Set/unset mine marks or claim a cell as free:> 2 6 free
You stepped on a mine and failed!

 │123456789│
—│—————————│
1|XXXXXXXX.|
2|.XXXXXXX.|
3|.XX.XXXX.|
4|.XXXX.X.X|
5|X..XX.XXX|
6|XXXXXXXXX|
7|4XXXXXXXX|
8|.XX.XXXXX|
9|XXXX.XXXX|
—│—————————│
]]></system-out>
  <system-err><![CDATA[]]></system-err>
</testsuite>
