<?xml version="1.0" encoding="UTF-8"?>
<testsuite name="MinesweeperTest" tests="1" skipped="0" failures="0" errors="0" timestamp="2022-08-01T13:49:05" hostname="PC" time="0.349">
  <properties/>
  <testcase name="start" classname="MinesweeperTest" time="0.349"/>
  <system-out><![CDATA[?[1;31m
Start test 1?[0m
How many mines do you want on the field?> 1

 │123456789│
—│—————————│
1|...111...|
2|...1.1...|
3|...111...|
4|.........|
5|.........|
6|.........|
7|.........|
8|.........|
9|.........|
—│—————————│
Set/delete mines marks (x and y coordinates):> 1 2

 │123456789│
—│—————————│
1|...111...|
2|*..1.1...|
3|...111...|
4|.........|
5|.........|
6|.........|
7|.........|
8|.........|
9|.........|
—│—————————│
Set/delete mines marks (x and y coordinates):> 1 2

 │123456789│
—│—————————│
1|...111...|
2|...1.1...|
3|...111...|
4|.........|
5|.........|
6|.........|
7|.........|
8|.........|
9|.........|
—│—————————│
Set/delete mines marks (x and y coordinates):> 5 2

 │123456789│
—│—————————│
1|...111...|
2|...1*1...|
3|...111...|
4|.........|
5|.........|
6|.........|
7|.........|
8|.........|
9|.........|
—│—————————│
Congratulations! You found all the mines!
?[1;31m
Start test 2?[0m
How many mines do you want on the field?> 1

 │123456789│
—│—————————│
1|.........|
2|.........|
3|.........|
4|.........|
5|.........|
6|...111...|
7|...1.1...|
8|...111...|
9|.........|
—│—————————│
Set/delete mines marks (x and y coordinates):> 1 2

 │123456789│
—│—————————│
1|.........|
2|*........|
3|.........|
4|.........|
5|.........|
6|...111...|
7|...1.1...|
8|...111...|
9|.........|
—│—————————│
Set/delete mines marks (x and y coordinates):> 1 2

 │123456789│
—│—————————│
1|.........|
2|.........|
3|.........|
4|.........|
5|.........|
6|...111...|
7|...1.1...|
8|...111...|
9|.........|
—│—————————│
Set/delete mines marks (x and y coordinates):> 5 7

 │123456789│
—│—————————│
1|.........|
2|.........|
3|.........|
4|.........|
5|.........|
6|...111...|
7|...1*1...|
8|...111...|
9|.........|
—│—————————│
Congratulations! You found all the mines!
?[1;31m
Start test 3?[0m
How many mines do you want on the field?> 1

 │123456789│
—│—————————│
1|...111...|
2|...1.1...|
3|...111...|
4|.........|
5|.........|
6|.........|
7|.........|
8|.........|
9|.........|
—│—————————│
Set/delete mines marks (x and y coordinates):> 1 2

 │123456789│
—│—————————│
1|...111...|
2|*..1.1...|
3|...111...|
4|.........|
5|.........|
6|.........|
7|.........|
8|.........|
9|.........|
—│—————————│
Set/delete mines marks (x and y coordinates):> 1 2

 │123456789│
—│—————————│
1|...111...|
2|...1.1...|
3|...111...|
4|.........|
5|.........|
6|.........|
7|.........|
8|.........|
9|.........|
—│—————————│
Set/delete mines marks (x and y coordinates):> 5 2

 │123456789│
—│—————————│
1|...111...|
2|...1*1...|
3|...111...|
4|.........|
5|.........|
6|.........|
7|.........|
8|.........|
9|.........|
—│—————————│
Congratulations! You found all the mines!
?[1;31m
Start test 4?[0m
How many mines do you want on the field?> 1

 │123456789│
—│—————————│
1|.........|
2|.........|
3|.........|
4|...111...|
5|...1.1...|
6|...111...|
7|.........|
8|.........|
9|.........|
—│—————————│
Set/delete mines marks (x and y coordinates):> 1 2

 │123456789│
—│—————————│
1|.........|
2|*........|
3|.........|
4|...111...|
5|...1.1...|
6|...111...|
7|.........|
8|.........|
9|.........|
—│—————————│
Set/delete mines marks (x and y coordinates):> 1 2

 │123456789│
—│—————————│
1|.........|
2|.........|
3|.........|
4|...111...|
5|...1.1...|
6|...111...|
7|.........|
8|.........|
9|.........|
—│—————————│
Set/delete mines marks (x and y coordinates):> 5 5

 │123456789│
—│—————————│
1|.........|
2|.........|
3|.........|
4|...111...|
5|...1*1...|
6|...111...|
7|.........|
8|.........|
9|.........|
—│—————————│
Congratulations! You found all the mines!
?[1;31m
Start test 5?[0m
How many mines do you want on the field?> 1

 │123456789│
—│—————————│
1|.........|
2|.........|
3|.........|
4|.........|
5|......111|
6|......1.1|
7|......111|
8|.........|
9|.........|
—│—————————│
Set/delete mines marks (x and y coordinates):> 1 2

 │123456789│
—│—————————│
1|.........|
2|*........|
3|.........|
4|.........|
5|......111|
6|......1.1|
7|......111|
8|.........|
9|.........|
—│—————————│
Set/delete mines marks (x and y coordinates):> 1 2

 │123456789│
—│—————————│
1|.........|
2|.........|
3|.........|
4|.........|
5|......111|
6|......1.1|
7|......111|
8|.........|
9|.........|
—│—————————│
Set/delete mines marks (x and y coordinates):> 8 6

 │123456789│
—│—————————│
1|.........|
2|.........|
3|.........|
4|.........|
5|......111|
6|......1*1|
7|......111|
8|.........|
9|.........|
—│—————————│
Congratulations! You found all the mines!
?[1;31m
Start test 6?[0m
How many mines do you want on the field?> 1

 │123456789│
—│—————————│
1|.........|
2|.........|
3|.........|
4|111......|
5|1.1......|
6|111......|
7|.........|
8|.........|
9|.........|
—│—————————│
Set/delete mines marks (x and y coordinates):> 1 2

 │123456789│
—│—————————│
1|.........|
2|*........|
3|.........|
4|111......|
5|1.1......|
6|111......|
7|.........|
8|.........|
9|.........|
—│—————————│
Set/delete mines marks (x and y coordinates):> 1 2

 │123456789│
—│—————————│
1|.........|
2|.........|
3|.........|
4|111......|
5|1.1......|
6|111......|
7|.........|
8|.........|
9|.........|
—│—————————│
Set/delete mines marks (x and y coordinates):> 2 5

 │123456789│
—│—————————│
1|.........|
2|.........|
3|.........|
4|111......|
5|1*1......|
6|111......|
7|.........|
8|.........|
9|.........|
—│—————————│
Congratulations! You found all the mines!
?[1;31m
Start test 7?[0m
How many mines do you want on the field?> 1

 │123456789│
—│—————————│
1|.........|
2|.........|
3|.........|
4|.111.....|
5|.1.1.....|
6|.111.....|
7|.........|
8|.........|
9|.........|
—│—————————│
Set/delete mines marks (x and y coordinates):> 1 2

 │123456789│
—│—————————│
1|.........|
2|*........|
3|.........|
4|.111.....|
5|.1.1.....|
6|.111.....|
7|.........|
8|.........|
9|.........|
—│—————————│
Set/delete mines marks (x and y coordinates):> 1 2

 │123456789│
—│—————————│
1|.........|
2|.........|
3|.........|
4|.111.....|
5|.1.1.....|
6|.111.....|
7|.........|
8|.........|
9|.........|
—│—————————│
Set/delete mines marks (x and y coordinates):> 3 5

 │123456789│
—│—————————│
1|.........|
2|.........|
3|.........|
4|.111.....|
5|.1*1.....|
6|.111.....|
7|.........|
8|.........|
9|.........|
—│—————————│
Congratulations! You found all the mines!
?[1;31m
Start test 8?[0m
How many mines do you want on the field?> 1

 │123456789│
—│—————————│
1|.........|
2|.........|
3|.........|
4|.........|
5|.........|
6|.........|
7|.........|
8|111......|
9|1.1......|
—│—————————│
Set/delete mines marks (x and y coordinates):> 1 2

 │123456789│
—│—————————│
1|.........|
2|*........|
3|.........|
4|.........|
5|.........|
6|.........|
7|.........|
8|111......|
9|1.1......|
—│—————————│
Set/delete mines marks (x and y coordinates):> 1 2

 │123456789│
—│—————————│
1|.........|
2|.........|
3|.........|
4|.........|
5|.........|
6|.........|
7|.........|
8|111......|
9|1.1......|
—│—————————│
Set/delete mines marks (x and y coordinates):> 2 9

 │123456789│
—│—————————│
1|.........|
2|.........|
3|.........|
4|.........|
5|.........|
6|.........|
7|.........|
8|111......|
9|1*1......|
—│—————————│
Congratulations! You found all the mines!
?[1;31m
Start test 9?[0m
How many mines do you want on the field?> 1

 │123456789│
—│—————————│
1|.........|
2|.........|
3|.........|
4|.........|
5|.........|
6|.........|
7|.........|
8|..111....|
9|..1.1....|
—│—————————│
Set/delete mines marks (x and y coordinates):> 1 2

 │123456789│
—│—————————│
1|.........|
2|*........|
3|.........|
4|.........|
5|.........|
6|.........|
7|.........|
8|..111....|
9|..1.1....|
—│—————————│
Set/delete mines marks (x and y coordinates):> 1 2

 │123456789│
—│—————————│
1|.........|
2|.........|
3|.........|
4|.........|
5|.........|
6|.........|
7|.........|
8|..111....|
9|..1.1....|
—│—————————│
Set/delete mines marks (x and y coordinates):> 4 9

 │123456789│
—│—————————│
1|.........|
2|.........|
3|.........|
4|.........|
5|.........|
6|.........|
7|.........|
8|..111....|
9|..1*1....|
—│—————————│
Congratulations! You found all the mines!
?[1;31m
Start test 10?[0m
How many mines do you want on the field?> 1

 │123456789│
—│—————————│
1|.........|
2|.........|
3|11.......|
4|.1.......|
5|11.......|
6|.........|
7|.........|
8|.........|
9|.........|
—│—————————│
Set/delete mines marks (x and y coordinates):> 1 2

 │123456789│
—│—————————│
1|.........|
2|*........|
3|11.......|
4|.1.......|
5|11.......|
6|.........|
7|.........|
8|.........|
9|.........|
—│—————————│
Set/delete mines marks (x and y coordinates):> 1 2

 │123456789│
—│—————————│
1|.........|
2|.........|
3|11.......|
4|.1.......|
5|11.......|
6|.........|
7|.........|
8|.........|
9|.........|
—│—————————│
Set/delete mines marks (x and y coordinates):> 1 4

 │123456789│
—│—————————│
1|.........|
2|.........|
3|11.......|
4|*1.......|
5|11.......|
6|.........|
7|.........|
8|.........|
9|.........|
—│—————————│
Congratulations! You found all the mines!
?[1;31m
Start test 11?[0m
How many mines do you want on the field?> 5

 │123456789│
—│—————————│
1|.111..1.1|
2|.1.211111|
3|.123.1...|
4|..1.21...|
5|..111....|
6|..111....|
7|..1.1....|
8|..111....|
9|.........|
—│—————————│
Set/delete mines marks (x and y coordinates):> 3 2

 │123456789│
—│—————————│
1|.111..1.1|
2|.1*211111|
3|.123.1...|
4|..1.21...|
5|..111....|
6|..111....|
7|..1.1....|
8|..111....|
9|.........|
—│—————————│
Set/delete mines marks (x and y coordinates):> 4 7

 │123456789│
—│—————————│
1|.111..1.1|
2|.1*211111|
3|.123.1...|
4|..1.21...|
5|..111....|
6|..111....|
7|..1*1....|
8|..111....|
9|.........|
—│—————————│
Set/delete mines marks (x and y coordinates):> 4 4

 │123456789│
—│—————————│
1|.111..1.1|
2|.1*211111|
3|.123.1...|
4|..1*21...|
5|..111....|
6|..111....|
7|..1*1....|
8|..111....|
9|.........|
—│—————————│
Set/delete mines marks (x and y coordinates):> 5 3

 │123456789│
—│—————————│
1|.111..1.1|
2|.1*211111|
3|.123*1...|
4|..1*21...|
5|..111....|
6|..111....|
7|..1*1....|
8|..111....|
9|.........|
—│—————————│
Set/delete mines marks (x and y coordinates):> 8 1

 │123456789│
—│—————————│
1|.111..1*1|
2|.1*211111|
3|.123*1...|
4|..1*21...|
5|..111....|
6|..111....|
7|..1*1....|
8|..111....|
9|.........|
—│—————————│
Congratulations! You found all the mines!
?[1;31m
Start test 12?[0m
How many mines do you want on the field?> 5

 │123456789│
—│—————————│
1|..1.1....|
2|..111..11|
3|.......1.|
4|.......11|
5|.........|
6|.........|
7|111......|
8|1.211..11|
9|112.1..1.|
—│—————————│
Set/delete mines marks (x and y coordinates):> 2 8

 │123456789│
—│—————————│
1|..1.1....|
2|..111..11|
3|.......1.|
4|.......11|
5|.........|
6|.........|
7|111......|
8|1*211..11|
9|112.1..1.|
—│—————————│
Set/delete mines marks (x and y coordinates):> 9 3

 │123456789│
—│—————————│
1|..1.1....|
2|..111..11|
3|.......1*|
4|.......11|
5|.........|
6|.........|
7|111......|
8|1*211..11|
9|112.1..1.|
—│—————————│
Set/delete mines marks (x and y coordinates):> 4 1

 │123456789│
—│—————————│
1|..1*1....|
2|..111..11|
3|.......1*|
4|.......11|
5|.........|
6|.........|
7|111......|
8|1*211..11|
9|112.1..1.|
—│—————————│
Set/delete mines marks (x and y coordinates):> 4 9

 │123456789│
—│—————————│
1|..1*1....|
2|..111..11|
3|.......1*|
4|.......11|
5|.........|
6|.........|
7|111......|
8|1*211..11|
9|112*1..1.|
—│—————————│
Set/delete mines marks (x and y coordinates):> 9 9

 │123456789│
—│—————————│
1|..1*1....|
2|..111..11|
3|.......1*|
4|.......11|
5|.........|
6|.........|
7|111......|
8|1*211..11|
9|112*1..1*|
—│—————————│
Congratulations! You found all the mines!
?[1;31m
Start test 13?[0m
How many mines do you want on the field?> 5

 │123456789│
—│—————————│
1|.1.1.....|
2|.111.....|
3|.........|
4|..111....|
5|..1.1....|
6|.1221....|
7|.1.1.....|
8|1211111..|
9|.1..1.1..|
—│—————————│
Set/delete mines marks (x and y coordinates):> 3 7

 │123456789│
—│—————————│
1|.1.1.....|
2|.111.....|
3|.........|
4|..111....|
5|..1.1....|
6|.1221....|
7|.1*1.....|
8|1211111..|
9|.1..1.1..|
—│—————————│
Set/delete mines marks (x and y coordinates):> 4 5

 │123456789│
—│—————————│
1|.1.1.....|
2|.111.....|
3|.........|
4|..111....|
5|..1*1....|
6|.1221....|
7|.1*1.....|
8|1211111..|
9|.1..1.1..|
—│—————————│
Set/delete mines marks (x and y coordinates):> 3 1

 │123456789│
—│—————————│
1|.1*1.....|
2|.111.....|
3|.........|
4|..111....|
5|..1*1....|
6|.1221....|
7|.1*1.....|
8|1211111..|
9|.1..1.1..|
—│—————————│
Set/delete mines marks (x and y coordinates):> 6 9

 │123456789│
—│—————————│
1|.1*1.....|
2|.111.....|
3|.........|
4|..111....|
5|..1*1....|
6|.1221....|
7|.1*1.....|
8|1211111..|
9|.1..1*1..|
—│—————————│
Set/delete mines marks (x and y coordinates):> 1 9

 │123456789│
—│—————————│
1|.1*1.....|
2|.111.....|
3|.........|
4|..111....|
5|..1*1....|
6|.1221....|
7|.1*1.....|
8|1211111..|
9|*1..1*1..|
—│—————————│
Congratulations! You found all the mines!
]]></system-out>
  <system-err><![CDATA[]]></system-err>
</testsuite>
