<?xml version="1.0" encoding="UTF-8"?>
<testsuite name="MinesweeperTest" tests="1" skipped="0" failures="1" errors="0" timestamp="2022-08-02T14:06:53" hostname="PC" time="0.758">
  <properties/>
  <testcase name="start" classname="MinesweeperTest" time="0.758">
    <failure message="java.lang.AssertionError: Wrong answer in test #35&#10;&#10;The user should not lose after the first &quot;free&quot; move.&#10;&#10;Please find below the output of your program during this failed test.&#10;Note that the '&gt;' character indicates the beginning of the input line.&#10;&#10;---&#10;&#10;How many mines do you want on the field?&gt; 2&#10;&#10; │123456789│&#10;—│—————————│&#10;1|.........|&#10;2|.........|&#10;3|.........|&#10;4|.........|&#10;5|.........|&#10;6|.........|&#10;7|.........|&#10;8|.........|&#10;9|.........|&#10;—│—————————│&#10;Set/unset mine marks or claim a cell as free:&gt; 1 7 free&#10;You stepped on a mine and failed!&#10;&#10; │123456789│&#10;—│—————————│&#10;1|X........|&#10;2|.........|&#10;3|.........|&#10;4|.........|&#10;5|.........|&#10;6|.........|&#10;7|X........|&#10;8|.........|&#10;9|.........|&#10;—│—————————│&#10;Set/unset mine marks or claim a cell as free:" type="java.lang.AssertionError">java.lang.AssertionError: Wrong answer in test #35

The user should not lose after the first &quot;free&quot; move.

Please find below the output of your program during this failed test.
Note that the '&gt;' character indicates the beginning of the input line.

---

How many mines do you want on the field?&gt; 2

 │123456789│
—│—————————│
1|.........|
2|.........|
3|.........|
4|.........|
5|.........|
6|.........|
7|.........|
8|.........|
9|.........|
—│—————————│
Set/unset mine marks or claim a cell as free:&gt; 1 7 free
You stepped on a mine and failed!

 │123456789│
—│—————————│
1|X........|
2|.........|
3|.........|
4|.........|
5|.........|
6|.........|
7|X........|
8|.........|
9|.........|
—│—————————│
Set/unset mine marks or claim a cell as free:
	at org.junit.Assert.fail(Assert.java:88)
	at org.hyperskill.hstest.stage.StageTest.start(StageTest.java:155)
	at java.base/jdk.internal.reflect.NativeMethodAccessorImpl.invoke0(Native Method)
	at java.base/jdk.internal.reflect.NativeMethodAccessorImpl.invoke(NativeMethodAccessorImpl.java:77)
	at java.base/jdk.internal.reflect.DelegatingMethodAccessorImpl.invoke(DelegatingMethodAccessorImpl.java:43)
	at java.base/java.lang.reflect.Method.invoke(Method.java:568)
	at org.junit.runners.model.FrameworkMethod$1.runReflectiveCall(FrameworkMethod.java:50)
	at org.junit.internal.runners.model.ReflectiveCallable.run(ReflectiveCallable.java:12)
	at org.junit.runners.model.FrameworkMethod.invokeExplosively(FrameworkMethod.java:47)
	at org.junit.internal.runners.statements.InvokeMethod.evaluate(InvokeMethod.java:17)
	at org.junit.runners.ParentRunner.runLeaf(ParentRunner.java:325)
	at org.junit.runners.BlockJUnit4ClassRunner.runChild(BlockJUnit4ClassRunner.java:78)
	at org.junit.runners.BlockJUnit4ClassRunner.runChild(BlockJUnit4ClassRunner.java:57)
	at org.junit.runners.ParentRunner$3.run(ParentRunner.java:290)
	at org.junit.runners.ParentRunner$1.schedule(ParentRunner.java:71)
	at org.junit.runners.ParentRunner.runChildren(ParentRunner.java:288)
	at org.junit.runners.ParentRunner.access$000(ParentRunner.java:58)
	at org.junit.runners.ParentRunner$2.evaluate(ParentRunner.java:268)
	at org.junit.runners.ParentRunner.run(ParentRunner.java:363)
	at org.gradle.api.internal.tasks.testing.junit.JUnitTestClassExecutor.runTestClass(JUnitTestClassExecutor.java:110)
	at org.gradle.api.internal.tasks.testing.junit.JUnitTestClassExecutor.execute(JUnitTestClassExecutor.java:58)
	at org.gradle.api.internal.tasks.testing.junit.JUnitTestClassExecutor.execute(JUnitTestClassExecutor.java:38)
	at org.gradle.api.internal.tasks.testing.junit.AbstractJUnitTestClassProcessor.processTestClass(AbstractJUnitTestClassProcessor.java:62)
	at org.gradle.api.internal.tasks.testing.SuiteTestClassProcessor.processTestClass(SuiteTestClassProcessor.java:51)
	at java.base/jdk.internal.reflect.NativeMethodAccessorImpl.invoke0(Native Method)
	at java.base/jdk.internal.reflect.NativeMethodAccessorImpl.invoke(NativeMethodAccessorImpl.java:77)
	at java.base/jdk.internal.reflect.DelegatingMethodAccessorImpl.invoke(DelegatingMethodAccessorImpl.java:43)
	at java.base/java.lang.reflect.Method.invoke(Method.java:568)
	at org.gradle.internal.dispatch.ReflectionDispatch.dispatch(ReflectionDispatch.java:36)
	at org.gradle.internal.dispatch.ReflectionDispatch.dispatch(ReflectionDispatch.java:24)
	at org.gradle.internal.dispatch.ContextClassLoaderDispatch.dispatch(ContextClassLoaderDispatch.java:33)
	at org.gradle.internal.dispatch.ProxyDispatchAdapter$DispatchingInvocationHandler.invoke(ProxyDispatchAdapter.java:94)
	at jdk.proxy1/jdk.proxy1.$Proxy2.processTestClass(Unknown Source)
	at org.gradle.api.internal.tasks.testing.worker.TestWorker$2.run(TestWorker.java:176)
	at org.gradle.api.internal.tasks.testing.worker.TestWorker.executeAndMaintainThreadName(TestWorker.java:129)
	at org.gradle.api.internal.tasks.testing.worker.TestWorker.execute(TestWorker.java:100)
	at org.gradle.api.internal.tasks.testing.worker.TestWorker.execute(TestWorker.java:60)
	at org.gradle.process.internal.worker.child.ActionExecutionWorker.execute(ActionExecutionWorker.java:56)
	at org.gradle.process.internal.worker.child.SystemApplicationClassLoaderWorker.call(SystemApplicationClassLoaderWorker.java:133)
	at org.gradle.process.internal.worker.child.SystemApplicationClassLoaderWorker.call(SystemApplicationClassLoaderWorker.java:71)
	at worker.org.gradle.process.internal.worker.GradleWorkerMain.run(GradleWorkerMain.java:69)
	at worker.org.gradle.process.internal.worker.GradleWorkerMain.main(GradleWorkerMain.java:74)
</failure>
  </testcase>
  <system-out><![CDATA[?[1;31m
Start test 1?[0m
How many mines do you want on the field?> 1

 │123456789│
—│—————————│
1|.........|
2|.........|
3|.........|
4|.........|
5|.........|
6|.........|
7|.........|
8|.........|
9|.........|
—│—————————│
Set/unset mine marks or claim a cell as free:> 2 9 free

 │123456789│
—│—————————│
1|/////////|
2|/////////|
3|/////////|
4|/////////|
5|/////////|
6|/////////|
7|////111//|
8|////1.1//|
9|////111//|
—│—————————│
Set/unset mine marks or claim a cell as free:> 6 8 free
You stepped on a mine and failed!

 │123456789│
—│—————————│
1|/////////|
2|/////////|
3|/////////|
4|/////////|
5|/////////|
6|/////////|
7|////111//|
8|////1X1//|
9|////111//|
—│—————————│
?[1;31m
Start test 2?[0m
How many mines do you want on the field?> 1

 │123456789│
—│—————————│
1|.........|
2|.........|
3|.........|
4|.........|
5|.........|
6|.........|
7|.........|
8|.........|
9|.........|
—│—————————│
Set/unset mine marks or claim a cell as free:> 5 9 free

 │123456789│
—│—————————│
1|.1///////|
2|11///////|
3|/////////|
4|/////////|
5|/////////|
6|/////////|
7|/////////|
8|/////////|
9|/////////|
—│—————————│
Set/unset mine marks or claim a cell as free:> 1 1 free
You stepped on a mine and failed!

 │123456789│
—│—————————│
1|X1///////|
2|11///////|
3|/////////|
4|/////////|
5|/////////|
6|/////////|
7|/////////|
8|/////////|
9|/////////|
—│—————————│
?[1;31m
Start test 3?[0m
How many mines do you want on the field?> 1

 │123456789│
—│—————————│
1|.........|
2|.........|
3|.........|
4|.........|
5|.........|
6|.........|
7|.........|
8|.........|
9|.........|
—│—————————│
Set/unset mine marks or claim a cell as free:> 8 2 free

 │123456789│
—│—————————│
1|/////////|
2|/////////|
3|/////////|
4|/////////|
5|11///////|
6|.1///////|
7|11///////|
8|/////////|
9|/////////|
—│—————————│
Set/unset mine marks or claim a cell as free:> 1 6 free
You stepped on a mine and failed!

 │123456789│
—│—————————│
1|/////////|
2|/////////|
3|/////////|
4|/////////|
5|11///////|
6|X1///////|
7|11///////|
8|/////////|
9|/////////|
—│—————————│
?[1;31m
Start test 4?[0m
How many mines do you want on the field?> 1

 │123456789│
—│—————————│
1|.........|
2|.........|
3|.........|
4|.........|
5|.........|
6|.........|
7|.........|
8|.........|
9|.........|
—│—————————│
Set/unset mine marks or claim a cell as free:> 7 2 mine

 │123456789│
—│—————————│
1|.........|
2|......*..|
3|.........|
4|.........|
5|.........|
6|.........|
7|.........|
8|.........|
9|.........|
—│—————————│
Set/unset mine marks or claim a cell as free:> 7 2 mine

 │123456789│
—│—————————│
1|.........|
2|.........|
3|.........|
4|.........|
5|.........|
6|.........|
7|.........|
8|.........|
9|.........|
—│—————————│
Set/unset mine marks or claim a cell as free:> 4 9 free

 │123456789│
—│—————————│
1|/////////|
2|/////////|
3|/////////|
4|/////////|
5|/////////|
6|///////11|
7|///////1.|
8|///////11|
9|/////////|
—│—————————│
Set/unset mine marks or claim a cell as free:> 9 7 mine

 │123456789│
—│—————————│
1|/////////|
2|/////////|
3|/////////|
4|/////////|
5|/////////|
6|///////11|
7|///////1*|
8|///////11|
9|/////////|
—│—————————│
Congratulations! You found all the mines!
?[1;31m
Start test 5?[0m
How many mines do you want on the field?> 1

 │123456789│
—│—————————│
1|.........|
2|.........|
3|.........|
4|.........|
5|.........|
6|.........|
7|.........|
8|.........|
9|.........|
—│—————————│
Set/unset mine marks or claim a cell as free:> 6 4 mine

 │123456789│
—│—————————│
1|.........|
2|.........|
3|.........|
4|.....*...|
5|.........|
6|.........|
7|.........|
8|.........|
9|.........|
—│—————————│
Set/unset mine marks or claim a cell as free:> 2 6 free

 │123456789│
—│—————————│
1|.........|
2|.........|
3|.........|
4|.....*...|
5|.........|
6|.1.......|
7|.........|
8|.........|
9|.........|
—│—————————│
Set/unset mine marks or claim a cell as free:> 1 9 free

 │123456789│
—│—————————│
1|/////////|
2|/////////|
3|/////////|
4|/////////|
5|/////////|
6|111//////|
7|1.1//////|
8|111//////|
9|/////////|
—│—————————│
Set/unset mine marks or claim a cell as free:> 2 7 mine

 │123456789│
—│—————————│
1|/////////|
2|/////////|
3|/////////|
4|/////////|
5|/////////|
6|111//////|
7|1*1//////|
8|111//////|
9|/////////|
—│—————————│
Congratulations! You found all the mines!
?[1;31m
Start test 6?[0m
How many mines do you want on the field?> 1

 │123456789│
—│—————————│
1|.........|
2|.........|
3|.........|
4|.........|
5|.........|
6|.........|
7|.........|
8|.........|
9|.........|
—│—————————│
Set/unset mine marks or claim a cell as free:> 1 3 free

 │123456789│
—│—————————│
1|/////////|
2|/////////|
3|/////////|
4|/////////|
5|/////////|
6|/////////|
7|/////////|
8|//111////|
9|//1.1////|
—│—————————│
Set/unset mine marks or claim a cell as free:> 4 9 mine

 │123456789│
—│—————————│
1|/////////|
2|/////////|
3|/////////|
4|/////////|
5|/////////|
6|/////////|
7|/////////|
8|//111////|
9|//1*1////|
—│—————————│
Congratulations! You found all the mines!
?[1;31m
Start test 7?[0m
How many mines do you want on the field?> 1

 │123456789│
—│—————————│
1|.........|
2|.........|
3|.........|
4|.........|
5|.........|
6|.........|
7|.........|
8|.........|
9|.........|
—│—————————│
Set/unset mine marks or claim a cell as free:> 6 9 free

 │123456789│
—│—————————│
1|/////////|
2|/////////|
3|/////////|
4|/////////|
5|/////////|
6|/////////|
7|11///////|
8|.1///////|
9|11///////|
—│—————————│
Set/unset mine marks or claim a cell as free:> 1 8 mine

 │123456789│
—│—————————│
1|/////////|
2|/////////|
3|/////////|
4|/////////|
5|/////////|
6|/////////|
7|11///////|
8|*1///////|
9|11///////|
—│—————————│
Congratulations! You found all the mines!
?[1;31m
Start test 8?[0m
How many mines do you want on the field?> 1

 │123456789│
—│—————————│
1|.........|
2|.........|
3|.........|
4|.........|
5|.........|
6|.........|
7|.........|
8|.........|
9|.........|
—│—————————│
Set/unset mine marks or claim a cell as free:> 9 8 mine

 │123456789│
—│—————————│
1|.........|
2|.........|
3|.........|
4|.........|
5|.........|
6|.........|
7|.........|
8|........*|
9|.........|
—│—————————│
Set/unset mine marks or claim a cell as free:> 9 7 free

 │123456789│
—│—————————│
1|/////////|
2|/////////|
3|/////////|
4|/////////|
5|/////////|
6|111//////|
7|1.1//////|
8|111//////|
9|/////////|
—│—————————│
Set/unset mine marks or claim a cell as free:> 2 7 mine

 │123456789│
—│—————————│
1|/////////|
2|/////////|
3|/////////|
4|/////////|
5|/////////|
6|111//////|
7|1*1//////|
8|111//////|
9|/////////|
—│—————————│
Congratulations! You found all the mines!
?[1;31m
Start test 9?[0m
How many mines do you want on the field?> 1

 │123456789│
—│—————————│
1|.........|
2|.........|
3|.........|
4|.........|
5|.........|
6|.........|
7|.........|
8|.........|
9|.........|
—│—————————│
Set/unset mine marks or claim a cell as free:> 4 4 mine

 │123456789│
—│—————————│
1|.........|
2|.........|
3|.........|
4|...*.....|
5|.........|
6|.........|
7|.........|
8|.........|
9|.........|
—│—————————│
Set/unset mine marks or claim a cell as free:> 6 3 free

 │123456789│
—│—————————│
1|/111/////|
2|/1.1/////|
3|/111/////|
4|/////////|
5|/////////|
6|/////////|
7|/////////|
8|/////////|
9|/////////|
—│—————————│
Set/unset mine marks or claim a cell as free:> 3 2 free
You stepped on a mine and failed!

 │123456789│
—│—————————│
1|/111/////|
2|/1X1/////|
3|/111/////|
4|/////////|
5|/////////|
6|/////////|
7|/////////|
8|/////////|
9|/////////|
—│—————————│
?[1;31m
Start test 10?[0m
How many mines do you want on the field?> 1

 │123456789│
—│—————————│
1|.........|
2|.........|
3|.........|
4|.........|
5|.........|
6|.........|
7|.........|
8|.........|
9|.........|
—│—————————│
Set/unset mine marks or claim a cell as free:> 1 2 free

 │123456789│
—│—————————│
1|/////////|
2|/////////|
3|/////////|
4|/////////|
5|/////111/|
6|/////1.1/|
7|/////111/|
8|/////////|
9|/////////|
—│—————————│
Set/unset mine marks or claim a cell as free:> 7 6 free
You stepped on a mine and failed!

 │123456789│
—│—————————│
1|/////////|
2|/////////|
3|/////////|
4|/////////|
5|/////111/|
6|/////1X1/|
7|/////111/|
8|/////////|
9|/////////|
—│—————————│
?[1;31m
Start test 11?[0m
How many mines do you want on the field?> 1

 │123456789│
—│—————————│
1|.........|
2|.........|
3|.........|
4|.........|
5|.........|
6|.........|
7|.........|
8|.........|
9|.........|
—│—————————│
Set/unset mine marks or claim a cell as free:> 3 2 free

 │123456789│
—│—————————│
1|.........|
2|..1......|
3|.........|
4|.........|
5|.........|
6|.........|
7|.........|
8|.........|
9|.........|
—│—————————│
Set/unset mine marks or claim a cell as free:> 2 2 mine

 │123456789│
—│—————————│
1|.........|
2|.*1......|
3|.........|
4|.........|
5|.........|
6|.........|
7|.........|
8|.........|
9|.........|
—│—————————│
Set/unset mine marks or claim a cell as free:> 6 2 free

 │123456789│
—│—————————│
1|/////////|
2|/111/////|
3|/1.1/////|
4|/111/////|
5|/////////|
6|/////////|
7|/////////|
8|/////////|
9|/////////|
—│—————————│
Set/unset mine marks or claim a cell as free:> 3 3 free
You stepped on a mine and failed!

 │123456789│
—│—————————│
1|/////////|
2|/111/////|
3|/1X1/////|
4|/111/////|
5|/////////|
6|/////////|
7|/////////|
8|/////////|
9|/////////|
—│—————————│
?[1;31m
Start test 12?[0m
How many mines do you want on the field?> 1

 │123456789│
—│—————————│
1|.........|
2|.........|
3|.........|
4|.........|
5|.........|
6|.........|
7|.........|
8|.........|
9|.........|
—│—————————│
Set/unset mine marks or claim a cell as free:> 3 5 mine

 │123456789│
—│—————————│
1|.........|
2|.........|
3|.........|
4|.........|
5|..*......|
6|.........|
7|.........|
8|.........|
9|.........|
—│—————————│
Set/unset mine marks or claim a cell as free:> 8 9 free

 │123456789│
—│—————————│
1|/1.1/////|
2|/111/////|
3|/////////|
4|/////////|
5|/////////|
6|/////////|
7|/////////|
8|/////////|
9|/////////|
—│—————————│
Set/unset mine marks or claim a cell as free:> 3 1 mine

 │123456789│
—│—————————│
1|/1*1/////|
2|/111/////|
3|/////////|
4|/////////|
5|/////////|
6|/////////|
7|/////////|
8|/////////|
9|/////////|
—│—————————│
Congratulations! You found all the mines!
?[1;31m
Start test 13?[0m
How many mines do you want on the field?> 1

 │123456789│
—│—————————│
1|.........|
2|.........|
3|.........|
4|.........|
5|.........|
6|.........|
7|.........|
8|.........|
9|.........|
—│—————————│
Set/unset mine marks or claim a cell as free:> 7 7 free

 │123456789│
—│—————————│
1|//////1.1|
2|//////111|
3|/////////|
4|/////////|
5|/////////|
6|/////////|
7|/////////|
8|/////////|
9|/////////|
—│—————————│
Set/unset mine marks or claim a cell as free:> 8 1 free
You stepped on a mine and failed!

 │123456789│
—│—————————│
1|//////1X1|
2|//////111|
3|/////////|
4|/////////|
5|/////////|
6|/////////|
7|/////////|
8|/////////|
9|/////////|
—│—————————│
?[1;31m
Start test 14?[0m
How many mines do you want on the field?> 1

 │123456789│
—│—————————│
1|.........|
2|.........|
3|.........|
4|.........|
5|.........|
6|.........|
7|.........|
8|.........|
9|.........|
—│—————————│
Set/unset mine marks or claim a cell as free:> 8 2 free

 │123456789│
—│—————————│
1|/////////|
2|/////////|
3|/////111/|
4|/////1.1/|
5|/////111/|
6|/////////|
7|/////////|
8|/////////|
9|/////////|
—│—————————│
Set/unset mine marks or claim a cell as free:> 7 4 mine

 │123456789│
—│—————————│
1|/////////|
2|/////////|
3|/////111/|
4|/////1*1/|
5|/////111/|
6|/////////|
7|/////////|
8|/////////|
9|/////////|
—│—————————│
Congratulations! You found all the mines!
?[1;31m
Start test 15?[0m
How many mines do you want on the field?> 1

 │123456789│
—│—————————│
1|.........|
2|.........|
3|.........|
4|.........|
5|.........|
6|.........|
7|.........|
8|.........|
9|.........|
—│—————————│
Set/unset mine marks or claim a cell as free:> 8 2 free

 │123456789│
—│—————————│
1|/////////|
2|/////////|
3|/////////|
4|/////////|
5|/////////|
6|/111/////|
7|/1.1/////|
8|/111/////|
9|/////////|
—│—————————│
Set/unset mine marks or claim a cell as free:> 3 7 free
You stepped on a mine and failed!

 │123456789│
—│—————————│
1|/////////|
2|/////////|
3|/////////|
4|/////////|
5|/////////|
6|/111/////|
7|/1X1/////|
8|/111/////|
9|/////////|
—│—————————│
?[1;31m
Start test 16?[0m
How many mines do you want on the field?> 1

 │123456789│
—│—————————│
1|.........|
2|.........|
3|.........|
4|.........|
5|.........|
6|.........|
7|.........|
8|.........|
9|.........|
—│—————————│
Set/unset mine marks or claim a cell as free:> 5 5 mine

 │123456789│
—│—————————│
1|.........|
2|.........|
3|.........|
4|.........|
5|....*....|
6|.........|
7|.........|
8|.........|
9|.........|
—│—————————│
Set/unset mine marks or claim a cell as free:> 5 5 mine

 │123456789│
—│—————————│
1|.........|
2|.........|
3|.........|
4|.........|
5|.........|
6|.........|
7|.........|
8|.........|
9|.........|
—│—————————│
Set/unset mine marks or claim a cell as free:> 3 7 free

 │123456789│
—│—————————│
1|/////////|
2|/////////|
3|/////////|
4|/////////|
5|/////////|
6|/////////|
7|///111///|
8|///1.1///|
9|///111///|
—│—————————│
Set/unset mine marks or claim a cell as free:> 5 8 free
You stepped on a mine and failed!

 │123456789│
—│—————————│
1|/////////|
2|/////////|
3|/////////|
4|/////////|
5|/////////|
6|/////////|
7|///111///|
8|///1X1///|
9|///111///|
—│—————————│
?[1;31m
Start test 17?[0m
How many mines do you want on the field?> 1

 │123456789│
—│—————————│
1|.........|
2|.........|
3|.........|
4|.........|
5|.........|
6|.........|
7|.........|
8|.........|
9|.........|
—│—————————│
Set/unset mine marks or claim a cell as free:> 9 3 mine

 │123456789│
—│—————————│
1|.........|
2|.........|
3|........*|
4|.........|
5|.........|
6|.........|
7|.........|
8|.........|
9|.........|
—│—————————│
Set/unset mine marks or claim a cell as free:> 3 8 mine

 │123456789│
—│—————————│
1|.........|
2|.........|
3|........*|
4|.........|
5|.........|
6|.........|
7|.........|
8|..*......|
9|.........|
—│—————————│
Set/unset mine marks or claim a cell as free:> 5 5 free

 │123456789│
—│—————————│
1|.........|
2|.........|
3|........*|
4|.........|
5|....1....|
6|.........|
7|.........|
8|..*......|
9|.........|
—│—————————│
Set/unset mine marks or claim a cell as free:> 9 3 mine

 │123456789│
—│—————————│
1|.........|
2|.........|
3|.........|
4|.........|
5|....1....|
6|.........|
7|.........|
8|..*......|
9|.........|
—│—————————│
Set/unset mine marks or claim a cell as free:> 3 8 mine

 │123456789│
—│—————————│
1|.........|
2|.........|
3|.........|
4|.........|
5|....1....|
6|.........|
7|.........|
8|.........|
9|.........|
—│—————————│
Set/unset mine marks or claim a cell as free:> 5 6 free

 │123456789│
—│—————————│
1|.........|
2|.........|
3|.........|
4|.........|
5|....1....|
6|....1....|
7|.........|
8|.........|
9|.........|
—│—————————│
Set/unset mine marks or claim a cell as free:> 1 2 free

 │123456789│
—│—————————│
1|/////////|
2|/////////|
3|/////////|
4|/////////|
5|//111////|
6|//1.1////|
7|//111////|
8|/////////|
9|/////////|
—│—————————│
Set/unset mine marks or claim a cell as free:> 4 6 free
You stepped on a mine and failed!

 │123456789│
—│—————————│
1|/////////|
2|/////////|
3|/////////|
4|/////////|
5|//111////|
6|//1X1////|
7|//111////|
8|/////////|
9|/////////|
—│—————————│
?[1;31m
Start test 18?[0m
How many mines do you want on the field?> 1

 │123456789│
—│—————————│
1|.........|
2|.........|
3|.........|
4|.........|
5|.........|
6|.........|
7|.........|
8|.........|
9|.........|
—│—————————│
Set/unset mine marks or claim a cell as free:> 6 3 free

 │123456789│
—│—————————│
1|/////////|
2|/////////|
3|/////////|
4|////111//|
5|////1.1//|
6|////111//|
7|/////////|
8|/////////|
9|/////////|
—│—————————│
Set/unset mine marks or claim a cell as free:> 6 5 free
You stepped on a mine and failed!

 │123456789│
—│—————————│
1|/////////|
2|/////////|
3|/////////|
4|////111//|
5|////1X1//|
6|////111//|
7|/////////|
8|/////////|
9|/////////|
—│—————————│
?[1;31m
Start test 19?[0m
How many mines do you want on the field?> 1

 │123456789│
—│—————————│
1|.........|
2|.........|
3|.........|
4|.........|
5|.........|
6|.........|
7|.........|
8|.........|
9|.........|
—│—————————│
Set/unset mine marks or claim a cell as free:> 3 1 mine

 │123456789│
—│—————————│
1|..*......|
2|.........|
3|.........|
4|.........|
5|.........|
6|.........|
7|.........|
8|.........|
9|.........|
—│—————————│
Set/unset mine marks or claim a cell as free:> 8 2 mine

 │123456789│
—│—————————│
1|..*......|
2|.......*.|
3|.........|
4|.........|
5|.........|
6|.........|
7|.........|
8|.........|
9|.........|
—│—————————│
Set/unset mine marks or claim a cell as free:> 4 5 free

 │123456789│
—│—————————│
1|///1.1///|
2|///111///|
3|/////////|
4|/////////|
5|/////////|
6|/////////|
7|/////////|
8|/////////|
9|/////////|
—│—————————│
Set/unset mine marks or claim a cell as free:> 5 1 free
You stepped on a mine and failed!

 │123456789│
—│—————————│
1|///1X1///|
2|///111///|
3|/////////|
4|/////////|
5|/////////|
6|/////////|
7|/////////|
8|/////////|
9|/////////|
—│—————————│
?[1;31m
Start test 20?[0m
How many mines do you want on the field?> 1

 │123456789│
—│—————————│
1|.........|
2|.........|
3|.........|
4|.........|
5|.........|
6|.........|
7|.........|
8|.........|
9|.........|
—│—————————│
Set/unset mine marks or claim a cell as free:> 1 1 mine

 │123456789│
—│—————————│
1|*........|
2|.........|
3|.........|
4|.........|
5|.........|
6|.........|
7|.........|
8|.........|
9|.........|
—│—————————│
Set/unset mine marks or claim a cell as free:> 4 8 free

 │123456789│
—│—————————│
1|//1.1////|
2|//111////|
3|/////////|
4|/////////|
5|/////////|
6|/////////|
7|/////////|
8|/////////|
9|/////////|
—│—————————│
Set/unset mine marks or claim a cell as free:> 4 1 free
You stepped on a mine and failed!

 │123456789│
—│—————————│
1|//1X1////|
2|//111////|
3|/////////|
4|/////////|
5|/////////|
6|/////////|
7|/////////|
8|/////////|
9|/////////|
—│—————————│
?[1;31m
Start test 21?[0m
How many mines do you want on the field?> 2

 │123456789│
—│—————————│
1|.........|
2|.........|
3|.........|
4|.........|
5|.........|
6|.........|
7|.........|
8|.........|
9|.........|
—│—————————│
Set/unset mine marks or claim a cell as free:> 7 5 mine

 │123456789│
—│—————————│
1|.........|
2|.........|
3|.........|
4|.........|
5|......*..|
6|.........|
7|.........|
8|.........|
9|.........|
—│—————————│
Set/unset mine marks or claim a cell as free:> 8 2 free

 │123456789│
—│—————————│
1|/////////|
2|/////////|
3|/////////|
4|//111////|
5|//1.1////|
6|//111////|
7|//////111|
8|//////1.1|
9|//////111|
—│—————————│
Set/unset mine marks or claim a cell as free:> 4 5 mine

 │123456789│
—│—————————│
1|/////////|
2|/////////|
3|/////////|
4|//111////|
5|//1*1////|
6|//111////|
7|//////111|
8|//////1.1|
9|//////111|
—│—————————│
Set/unset mine marks or claim a cell as free:> 4 5 mine

 │123456789│
—│—————————│
1|/////////|
2|/////////|
3|/////////|
4|//111////|
5|//1.1////|
6|//111////|
7|//////111|
8|//////1.1|
9|//////111|
—│—————————│
Set/unset mine marks or claim a cell as free:> 8 8 free
You stepped on a mine and failed!

 │123456789│
—│—————————│
1|/////////|
2|/////////|
3|/////////|
4|//111////|
5|//1X1////|
6|//111////|
7|//////111|
8|//////1X1|
9|//////111|
—│—————————│
?[1;31m
Start test 22?[0m
How many mines do you want on the field?> 2

 │123456789│
—│—————————│
1|.........|
2|.........|
3|.........|
4|.........|
5|.........|
6|.........|
7|.........|
8|.........|
9|.........|
—│—————————│
Set/unset mine marks or claim a cell as free:> 8 6 mine

 │123456789│
—│—————————│
1|.........|
2|.........|
3|.........|
4|.........|
5|.........|
6|.......*.|
7|.........|
8|.........|
9|.........|
—│—————————│
Set/unset mine marks or claim a cell as free:> 7 6 free

 │123456789│
—│—————————│
1|11///////|
2|.1///////|
3|22///////|
4|.1///////|
5|11///////|
6|/////////|
7|/////////|
8|/////////|
9|/////////|
—│—————————│
Set/unset mine marks or claim a cell as free:> 1 4 free
You stepped on a mine and failed!

 │123456789│
—│—————————│
1|11///////|
2|X1///////|
3|22///////|
4|X1///////|
5|11///////|
6|/////////|
7|/////////|
8|/////////|
9|/////////|
—│—————————│
?[1;31m
Start test 23?[0m
How many mines do you want on the field?> 2

 │123456789│
—│—————————│
1|.........|
2|.........|
3|.........|
4|.........|
5|.........|
6|.........|
7|.........|
8|.........|
9|.........|
—│—————————│
Set/unset mine marks or claim a cell as free:> 8 9 free

 │123456789│
—│—————————│
1|/////////|
2|/////////|
3|111//////|
4|1.1//////|
5|111//////|
6|///////11|
7|///////1.|
8|///////11|
9|/////////|
—│—————————│
Set/unset mine marks or claim a cell as free:> 9 7 free
You stepped on a mine and failed!

 │123456789│
—│—————————│
1|/////////|
2|/////////|
3|111//////|
4|1X1//////|
5|111//////|
6|///////11|
7|///////1X|
8|///////11|
9|/////////|
—│—————————│
?[1;31m
Start test 24?[0m
How many mines do you want on the field?> 2

 │123456789│
—│—————————│
1|.........|
2|.........|
3|.........|
4|.........|
5|.........|
6|.........|
7|.........|
8|.........|
9|.........|
—│—————————│
Set/unset mine marks or claim a cell as free:> 8 1 free

 │123456789│
—│—————————│
1|////111//|
2|////1.1//|
3|////111//|
4|/////////|
5|/////////|
6|/////////|
7|//111////|
8|//1.1////|
9|//111////|
—│—————————│
Set/unset mine marks or claim a cell as free:> 4 8 free
You stepped on a mine and failed!

 │123456789│
—│—————————│
1|////111//|
2|////1X1//|
3|////111//|
4|/////////|
5|/////////|
6|/////////|
7|//111////|
8|//1X1////|
9|//111////|
—│—————————│
?[1;31m
Start test 25?[0m
How many mines do you want on the field?> 2

 │123456789│
—│—————————│
1|.........|
2|.........|
3|.........|
4|.........|
5|.........|
6|.........|
7|.........|
8|.........|
9|.........|
—│—————————│
Set/unset mine marks or claim a cell as free:> 3 4 free

 │123456789│
—│—————————│
1|/////////|
2|/////////|
3|/////////|
4|/////////|
5|/////////|
6|/////////|
7|//////111|
8|/111//1.1|
9|/1.1//111|
—│—————————│
Set/unset mine marks or claim a cell as free:> 8 8 free
You stepped on a mine and failed!

 │123456789│
—│—————————│
1|/////////|
2|/////////|
3|/////////|
4|/////////|
5|/////////|
6|/////////|
7|//////111|
8|/111//1X1|
9|/1X1//111|
—│—————————│
?[1;31m
Start test 26?[0m
How many mines do you want on the field?> 2

 │123456789│
—│—————————│
1|.........|
2|.........|
3|.........|
4|.........|
5|.........|
6|.........|
7|.........|
8|.........|
9|.........|
—│—————————│
Set/unset mine marks or claim a cell as free:> 6 5 mine

 │123456789│
—│—————————│
1|.........|
2|.........|
3|.........|
4|.........|
5|.....*...|
6|.........|
7|.........|
8|.........|
9|.........|
—│—————————│
Set/unset mine marks or claim a cell as free:> 3 3 free

 │123456789│
—│—————————│
1|.........|
2|.........|
3|..1......|
4|.........|
5|.....*...|
6|.........|
7|.........|
8|.........|
9|.........|
—│—————————│
Set/unset mine marks or claim a cell as free:> 1 3 mine

 │123456789│
—│—————————│
1|.........|
2|.........|
3|*.1......|
4|.........|
5|.....*...|
6|.........|
7|.........|
8|.........|
9|.........|
—│—————————│
Set/unset mine marks or claim a cell as free:> 8 4 mine

 │123456789│
—│—————————│
1|.........|
2|.........|
3|*.1......|
4|.......*.|
5|.....*...|
6|.........|
7|.........|
8|.........|
9|.........|
—│—————————│
Set/unset mine marks or claim a cell as free:> 1 1 free

 │123456789│
—│—————————│
1|////1.1//|
2|//11211//|
3|//1.1////|
4|//111////|
5|/////////|
6|/////////|
7|/////////|
8|/////////|
9|/////////|
—│—————————│
Set/unset mine marks or claim a cell as free:> 6 1 free
You stepped on a mine and failed!

 │123456789│
—│—————————│
1|////1X1//|
2|//11211//|
3|//1X1////|
4|//111////|
5|/////////|
6|/////////|
7|/////////|
8|/////////|
9|/////////|
—│—————————│
?[1;31m
Start test 27?[0m
How many mines do you want on the field?> 2

 │123456789│
—│—————————│
1|.........|
2|.........|
3|.........|
4|.........|
5|.........|
6|.........|
7|.........|
8|.........|
9|.........|
—│—————————│
Set/unset mine marks or claim a cell as free:> 4 6 free

 │123456789│
—│—————————│
1|/111/////|
2|/1.1/////|
3|/111/////|
4|/////////|
5|/////////|
6|/////////|
7|/////////|
8|/////111/|
9|/////1.1/|
—│—————————│
Set/unset mine marks or claim a cell as free:> 7 9 mine

 │123456789│
—│—————————│
1|/111/////|
2|/1.1/////|
3|/111/////|
4|/////////|
5|/////////|
6|/////////|
7|/////////|
8|/////111/|
9|/////1*1/|
—│—————————│
Set/unset mine marks or claim a cell as free:> 3 2 free
You stepped on a mine and failed!

 │123456789│
—│—————————│
1|/111/////|
2|/1X1/////|
3|/111/////|
4|/////////|
5|/////////|
6|/////////|
7|/////////|
8|/////111/|
9|/////1X1/|
—│—————————│
?[1;31m
Start test 28?[0m
How many mines do you want on the field?> 2

 │123456789│
—│—————————│
1|.........|
2|.........|
3|.........|
4|.........|
5|.........|
6|.........|
7|.........|
8|.........|
9|.........|
—│—————————│
Set/unset mine marks or claim a cell as free:> 9 4 free

 │123456789│
—│—————————│
1|/////////|
2|/////////|
3|/////////|
4|11///////|
5|.1///////|
6|11///////|
7|////111//|
8|////1.1//|
9|////111//|
—│—————————│
Set/unset mine marks or claim a cell as free:> 6 8 free
You stepped on a mine and failed!

 │123456789│
—│—————————│
1|/////////|
2|/////////|
3|/////////|
4|11///////|
5|X1///////|
6|11///////|
7|////111//|
8|////1X1//|
9|////111//|
—│—————————│
?[1;31m
Start test 29?[0m
How many mines do you want on the field?> 2

 │123456789│
—│—————————│
1|.........|
2|.........|
3|.........|
4|.........|
5|.........|
6|.........|
7|.........|
8|.........|
9|.........|
—│—————————│
Set/unset mine marks or claim a cell as free:> 1 2 mine

 │123456789│
—│—————————│
1|.........|
2|*........|
3|.........|
4|.........|
5|.........|
6|.........|
7|.........|
8|.........|
9|.........|
—│—————————│
Set/unset mine marks or claim a cell as free:> 9 3 free

 │123456789│
—│—————————│
1|/////////|
2|////111//|
3|////1.1//|
4|////222//|
5|////1.1//|
6|////111//|
7|/////////|
8|/////////|
9|/////////|
—│—————————│
Set/unset mine marks or claim a cell as free:> 6 5 free
You stepped on a mine and failed!

 │123456789│
—│—————————│
1|/////////|
2|////111//|
3|////1X1//|
4|////222//|
5|////1X1//|
6|////111//|
7|/////////|
8|/////////|
9|/////////|
—│—————————│
?[1;31m
Start test 30?[0m
How many mines do you want on the field?> 2

 │123456789│
—│—————————│
1|.........|
2|.........|
3|.........|
4|.........|
5|.........|
6|.........|
7|.........|
8|.........|
9|.........|
—│—————————│
Set/unset mine marks or claim a cell as free:> 7 1 free

 │123456789│
—│—————————│
1|///111///|
2|///1.21//|
3|///12.1//|
4|////111//|
5|/////////|
6|/////////|
7|/////////|
8|/////////|
9|/////////|
—│—————————│
Set/unset mine marks or claim a cell as free:> 6 3 free
You stepped on a mine and failed!

 │123456789│
—│—————————│
1|///111///|
2|///1X21//|
3|///12X1//|
4|////111//|
5|/////////|
6|/////////|
7|/////////|
8|/////////|
9|/////////|
—│—————————│
?[1;31m
Start test 31?[0m
How many mines do you want on the field?> 2

 │123456789│
—│—————————│
1|.........|
2|.........|
3|.........|
4|.........|
5|.........|
6|.........|
7|.........|
8|.........|
9|.........|
—│—————————│
Set/unset mine marks or claim a cell as free:> 5 6 mine

 │123456789│
—│—————————│
1|.........|
2|.........|
3|.........|
4|.........|
5|.........|
6|....*....|
7|.........|
8|.........|
9|.........|
—│—————————│
Set/unset mine marks or claim a cell as free:> 5 6 mine

 │123456789│
—│—————————│
1|.........|
2|.........|
3|.........|
4|.........|
5|.........|
6|.........|
7|.........|
8|.........|
9|.........|
—│—————————│
Set/unset mine marks or claim a cell as free:> 3 4 free

 │123456789│
—│—————————│
1|/////////|
2|/////////|
3|/////////|
4|/////111/|
5|////12.1/|
6|////1.21/|
7|////111//|
8|/////////|
9|/////////|
—│—————————│
Set/unset mine marks or claim a cell as free:> 7 5 free
You stepped on a mine and failed!

 │123456789│
—│—————————│
1|/////////|
2|/////////|
3|/////////|
4|/////111/|
5|////12X1/|
6|////1X21/|
7|////111//|
8|/////////|
9|/////////|
—│—————————│
?[1;31m
Start test 32?[0m
How many mines do you want on the field?> 2

 │123456789│
—│—————————│
1|.........|
2|.........|
3|.........|
4|.........|
5|.........|
6|.........|
7|.........|
8|.........|
9|.........|
—│—————————│
Set/unset mine marks or claim a cell as free:> 9 9 free

 │123456789│
—│—————————│
1|/////////|
2|/////////|
3|/////////|
4|/////////|
5|111//////|
6|1.1//////|
7|111//////|
8|//111////|
9|//1.1////|
—│—————————│
Set/unset mine marks or claim a cell as free:> 4 9 free
You stepped on a mine and failed!

 │123456789│
—│—————————│
1|/////////|
2|/////////|
3|/////////|
4|/////////|
5|111//////|
6|1X1//////|
7|111//////|
8|//111////|
9|//1X1////|
—│—————————│
?[1;31m
Start test 33?[0m
How many mines do you want on the field?> 2

 │123456789│
—│—————————│
1|.........|
2|.........|
3|.........|
4|.........|
5|.........|
6|.........|
7|.........|
8|.........|
9|.........|
—│—————————│
Set/unset mine marks or claim a cell as free:> 9 4 mine

 │123456789│
—│—————————│
1|.........|
2|.........|
3|.........|
4|........*|
5|.........|
6|.........|
7|.........|
8|.........|
9|.........|
—│—————————│
Set/unset mine marks or claim a cell as free:> 9 4 mine

 │123456789│
—│—————————│
1|.........|
2|.........|
3|.........|
4|.........|
5|.........|
6|.........|
7|.........|
8|.........|
9|.........|
—│—————————│
Set/unset mine marks or claim a cell as free:> 7 6 mine

 │123456789│
—│—————————│
1|.........|
2|.........|
3|.........|
4|.........|
5|.........|
6|......*..|
7|.........|
8|.........|
9|.........|
—│—————————│
Set/unset mine marks or claim a cell as free:> 3 6 mine

 │123456789│
—│—————————│
1|.........|
2|.........|
3|.........|
4|.........|
5|.........|
6|..*...*..|
7|.........|
8|.........|
9|.........|
—│—————————│
Set/unset mine marks or claim a cell as free:> 3 6 mine

 │123456789│
—│—————————│
1|.........|
2|.........|
3|.........|
4|.........|
5|.........|
6|......*..|
7|.........|
8|.........|
9|.........|
—│—————————│
Set/unset mine marks or claim a cell as free:> 1 7 free

 │123456789│
—│—————————│
1|/////////|
2|/////111/|
3|////12.1/|
4|////1.21/|
5|////111//|
6|/////////|
7|/////////|
8|/////////|
9|/////////|
—│—————————│
Set/unset mine marks or claim a cell as free:> 7 3 free
You stepped on a mine and failed!

 │123456789│
—│—————————│
1|/////////|
2|/////111/|
3|////12X1/|
4|////1X21/|
5|////111//|
6|/////////|
7|/////////|
8|/////////|
9|/////////|
—│—————————│
?[1;31m
Start test 34?[0m
How many mines do you want on the field?> 2

 │123456789│
—│—————————│
1|.........|
2|.........|
3|.........|
4|.........|
5|.........|
6|.........|
7|.........|
8|.........|
9|.........|
—│—————————│
Set/unset mine marks or claim a cell as free:> 1 5 free

 │123456789│
—│—————————│
1|/////////|
2|/////////|
3|/////////|
4|/////////|
5|/////////|
6|////111//|
7|////1.111|
8|////1111.|
9|///////11|
—│—————————│
Set/unset mine marks or claim a cell as free:> 6 7 mine

 │123456789│
—│—————————│
1|/////////|
2|/////////|
3|/////////|
4|/////////|
5|/////////|
6|////111//|
7|////1*111|
8|////1111.|
9|///////11|
—│—————————│
Set/unset mine marks or claim a cell as free:> 9 8 free
You stepped on a mine and failed!

 │123456789│
—│—————————│
1|/////////|
2|/////////|
3|/////////|
4|/////////|
5|/////////|
6|////111//|
7|////1X111|
8|////1111X|
9|///////11|
—│—————————│
?[1;31m
Start test 35?[0m
How many mines do you want on the field?> 2

 │123456789│
—│—————————│
1|.........|
2|.........|
3|.........|
4|.........|
5|.........|
6|.........|
7|.........|
8|.........|
9|.........|
—│—————————│
Set/unset mine marks or claim a cell as free:> 1 7 free
You stepped on a mine and failed!

 │123456789│
—│—————————│
1|X........|
2|.........|
3|.........|
4|.........|
5|.........|
6|.........|
7|X........|
8|.........|
9|.........|
—│—————————│
]]></system-out>
  <system-err><![CDATA[]]></system-err>
</testsuite>
